[ 2017-01-12T18:11:20+08:00 ] 192.168.1.116 /thinkphp/admin.php
INFO: [ app_init ] --START--
INFO: Run Behavior\BuildLiteBehavior [ RunTime:0.000028s ]
INFO: [ app_init ] --END-- [ RunTime:0.002022s ]
INFO: [ app_begin ] --START--
INFO: Run Behavior\ReadHtmlCacheBehavior [ RunTime:0.000881s ]
INFO: [ app_begin ] --END-- [ RunTime:0.000940s ]
INFO: [ view_parse ] --START--
INFO: [ template_filter ] --START--
INFO: Run Behavior\ContentReplaceBehavior [ RunTime:0.000046s ]
INFO: [ template_filter ] --END-- [ RunTime:0.000098s ]
NOTIC: [2048] Declaration of Common\Model\MenuModel::find() should be compatible with Think\Model::find($options = Array) /var/www/html/thinkphp/Application/Common/Model/MenuModel.class.php 第 6 行.
SQL: SHOW COLUMNS FROM `cms_menu` [ RunTime:0.0224s ]
SQL: SELECT * FROM `cms_menu` WHERE `status` <> -1 AND `type` = 1 ORDER BY listorder asc,menu_id asc  [ RunTime:0.0106s ]
NOTIC: [8] Undefined index: a /var/www/html/thinkphp/Application/Common/Common/function.php 第 37 行.
NOTIC: [8] Undefined index: a /var/www/html/thinkphp/Application/Common/Common/function.php 第 37 行.
NOTIC: [8] Undefined index: a /var/www/html/thinkphp/Application/Common/Common/function.php 第 37 行.
NOTIC: [8] Undefined index: a /var/www/html/thinkphp/Application/Common/Common/function.php 第 37 行.
NOTIC: [8] Undefined index: a /var/www/html/thinkphp/Application/Common/Common/function.php 第 37 行.
INFO: Run Behavior\ParseTemplateBehavior [ RunTime:0.083071s ]
INFO: [ view_parse ] --END-- [ RunTime:0.083123s ]
INFO: [ view_filter ] --START--
INFO: Run Behavior\WriteHtmlCacheBehavior [ RunTime:0.001316s ]
INFO: [ view_filter ] --END-- [ RunTime:0.001379s ]
INFO: [ app_end ] --START--
INFO: Run Behavior\ShowPageTraceBehavior [ RunTime:0.000965s ]
INFO: [ app_end ] --END-- [ RunTime:0.001257s ]

