[ 2016-12-24T09:50:25+08:00 ] 192.168.1.124 /thinkphp/admin.php?c=menu
INFO: [ app_init ] --START--
INFO: Run Behavior\BuildLiteBehavior [ RunTime:0.000801s ]
INFO: [ app_init ] --END-- [ RunTime:0.003996s ]
INFO: [ app_begin ] --START--
INFO: Run Behavior\ReadHtmlCacheBehavior [ RunTime:0.002871s ]
INFO: [ app_begin ] --END-- [ RunTime:0.003002s ]
NOTIC: [8] Undefined index: p /var/www/html/thinkphp/Application/Admin/Controller/MenuController.class.php 第 45 行.
NOTIC: [8] Undefined index: pageSize /var/www/html/thinkphp/Application/Admin/Controller/MenuController.class.php 第 46 行.
NOTIC: [2048] Declaration of Common\Model\MenuModel::find() should be compatible with Think\Model::find($options = Array) /var/www/html/thinkphp/Application/Common/Model/MenuModel.class.php 第 6 行.
SQL: SHOW COLUMNS FROM `cms_menu` [ RunTime:0.0406s ]
SQL: SELECT * FROM `cms_menu` WHERE `status` <> -1 ORDER BY listorder desc,menu_id desc LIMIT 0,10   [ RunTime:0.0054s ]
SQL: SELECT COUNT(*) AS tp_count FROM `cms_menu` WHERE `status` <> -1 LIMIT 1   [ RunTime:0.0029s ]
INFO: [ view_parse ] --START--
INFO: [ template_filter ] --START--
INFO: Run Behavior\ContentReplaceBehavior [ RunTime:0.001341s ]
INFO: [ template_filter ] --END-- [ RunTime:0.001424s ]
SQL: SELECT * FROM `cms_menu` WHERE `status` <> -1 AND `type` = 1 ORDER BY listorder asc,menu_id asc  [ RunTime:0.0177s ]
NOTIC: [8] Undefined index: a /var/www/html/thinkphp/Application/Common/Common/function.php 第 37 行.
NOTIC: [8] Undefined index: a /var/www/html/thinkphp/Application/Common/Common/function.php 第 37 行.
NOTIC: [8] Undefined index: a /var/www/html/thinkphp/Application/Common/Common/function.php 第 37 行.
NOTIC: [8] Undefined index: a /var/www/html/thinkphp/Application/Common/Common/function.php 第 37 行.
NOTIC: [8] Array to string conversion /var/www/html/thinkphp/Application/Runtime/Cache/Admin/b956215329b6f9aca22277599a4efdfc.php 第 101 行.
INFO: Run Behavior\ParseTemplateBehavior [ RunTime:0.071436s ]
INFO: [ view_parse ] --END-- [ RunTime:0.071524s ]
INFO: [ view_filter ] --START--
INFO: Run Behavior\WriteHtmlCacheBehavior [ RunTime:0.000262s ]
INFO: [ view_filter ] --END-- [ RunTime:0.000305s ]
INFO: [ app_end ] --START--
INFO: Run Behavior\ShowPageTraceBehavior [ RunTime:0.003198s ]
INFO: [ app_end ] --END-- [ RunTime:0.003342s ]

[ 2016-12-24T09:50:28+08:00 ] 192.168.1.124 /thinkphp/admin.php?c=content
INFO: [ app_init ] --START--
INFO: Run Behavior\BuildLiteBehavior [ RunTime:0.000017s ]
INFO: [ app_init ] --END-- [ RunTime:0.001353s ]
INFO: [ app_begin ] --START--
INFO: Run Behavior\ReadHtmlCacheBehavior [ RunTime:0.021440s ]
INFO: [ app_begin ] --END-- [ RunTime:0.021531s ]
NOTIC: [8] Undefined index: title /var/www/html/thinkphp/Application/Admin/Controller/ContentController.class.php 第 16 行.
NOTIC: [8] Undefined index: catid /var/www/html/thinkphp/Application/Admin/Controller/ContentController.class.php 第 20 行.
NOTIC: [8] Undefined index: p /var/www/html/thinkphp/Application/Admin/Controller/ContentController.class.php 第 23 行.
NOTIC: [2048] Declaration of Common\Model\NewsModel::find() should be compatible with Think\Model::find($options = Array) /var/www/html/thinkphp/Application/Common/Model/NewsModel.class.php 第 9 行.
SQL: SHOW COLUMNS FROM `cms_news` [ RunTime:0.0058s ]
NOTIC: [8] Undefined variable: pageSize /var/www/html/thinkphp/Application/Admin/Controller/ContentController.class.php 第 25 行.
SQL: SELECT * FROM `cms_news` WHERE `status` <> -1 ORDER BY listorder desc,news_id desc  [ RunTime:0.0214s ]
SQL: SELECT COUNT(*) AS tp_count FROM `cms_news` WHERE `status` <> -1 LIMIT 1   [ RunTime:0.0001s ]
NOTIC: [8] Undefined variable: pageSize /var/www/html/thinkphp/Application/Admin/Controller/ContentController.class.php 第 27 行.
NOTIC: [2] Division by zero /var/www/html/thinkphp/ThinkPHP/Library/Think/Page.class.php 第 84 行.
NOTIC: [2048] Declaration of Common\Model\MenuModel::find() should be compatible with Think\Model::find($options = Array) /var/www/html/thinkphp/Application/Common/Model/MenuModel.class.php 第 90 行.
SQL: SHOW COLUMNS FROM `cms_menu` [ RunTime:0.0034s ]
SQL: SELECT * FROM `cms_menu` WHERE `status` <> -1 AND `type` = 0 ORDER BY listorder desc,menu_id desc  [ RunTime:0.0004s ]
INFO: [ view_parse ] --START--
INFO: [ template_filter ] --START--
INFO: Run Behavior\ContentReplaceBehavior [ RunTime:0.003352s ]
INFO: [ template_filter ] --END-- [ RunTime:0.003468s ]
SQL: SELECT * FROM `cms_menu` WHERE `status` <> -1 AND `type` = 1 ORDER BY listorder asc,menu_id asc  [ RunTime:0.0126s ]
NOTIC: [8] Undefined index: a /var/www/html/thinkphp/Application/Common/Common/function.php 第 37 行.
NOTIC: [8] Undefined index: a /var/www/html/thinkphp/Application/Common/Common/function.php 第 37 行.
NOTIC: [8] Undefined index: a /var/www/html/thinkphp/Application/Common/Common/function.php 第 37 行.
NOTIC: [8] Undefined index: a /var/www/html/thinkphp/Application/Common/Common/function.php 第 37 行.
INFO: Run Behavior\ParseTemplateBehavior [ RunTime:0.102069s ]
INFO: [ view_parse ] --END-- [ RunTime:0.102185s ]
INFO: [ view_filter ] --START--
INFO: Run Behavior\WriteHtmlCacheBehavior [ RunTime:0.000236s ]
INFO: [ view_filter ] --END-- [ RunTime:0.000274s ]
INFO: [ app_end ] --START--
INFO: Run Behavior\ShowPageTraceBehavior [ RunTime:0.000819s ]
INFO: [ app_end ] --END-- [ RunTime:0.000939s ]

[ 2016-12-24T09:54:51+08:00 ] 192.168.1.124 /thinkphp/admin.php?c=menu
INFO: [ app_init ] --START--
INFO: Run Behavior\BuildLiteBehavior [ RunTime:0.000026s ]
INFO: [ app_init ] --END-- [ RunTime:0.000492s ]
INFO: [ app_begin ] --START--
INFO: Run Behavior\ReadHtmlCacheBehavior [ RunTime:0.000391s ]
INFO: [ app_begin ] --END-- [ RunTime:0.000445s ]
NOTIC: [8] Undefined index: p /var/www/html/thinkphp/Application/Admin/Controller/MenuController.class.php 第 45 行.
NOTIC: [8] Undefined index: pageSize /var/www/html/thinkphp/Application/Admin/Controller/MenuController.class.php 第 46 行.
NOTIC: [2048] Declaration of Common\Model\MenuModel::find() should be compatible with Think\Model::find($options = Array) /var/www/html/thinkphp/Application/Common/Model/MenuModel.class.php 第 6 行.
SQL: SHOW COLUMNS FROM `cms_menu` [ RunTime:0.0019s ]
SQL: SELECT * FROM `cms_menu` WHERE `status` <> -1 ORDER BY listorder desc,menu_id desc LIMIT 0,10   [ RunTime:0.0004s ]
SQL: SELECT COUNT(*) AS tp_count FROM `cms_menu` WHERE `status` <> -1 LIMIT 1   [ RunTime:0.0002s ]
INFO: [ view_parse ] --START--
INFO: [ template_filter ] --START--
INFO: Run Behavior\ContentReplaceBehavior [ RunTime:0.000070s ]
INFO: [ template_filter ] --END-- [ RunTime:0.000201s ]
SQL: SELECT * FROM `cms_menu` WHERE `status` <> -1 AND `type` = 1 ORDER BY listorder asc,menu_id asc  [ RunTime:0.0005s ]
NOTIC: [8] Undefined index: a /var/www/html/thinkphp/Application/Common/Common/function.php 第 37 行.
NOTIC: [8] Undefined index: a /var/www/html/thinkphp/Application/Common/Common/function.php 第 37 行.
NOTIC: [8] Undefined index: a /var/www/html/thinkphp/Application/Common/Common/function.php 第 37 行.
NOTIC: [8] Undefined index: a /var/www/html/thinkphp/Application/Common/Common/function.php 第 37 行.
NOTIC: [8] Array to string conversion /var/www/html/thinkphp/Application/Runtime/Cache/Admin/b956215329b6f9aca22277599a4efdfc.php 第 101 行.
INFO: Run Behavior\ParseTemplateBehavior [ RunTime:0.015268s ]
INFO: [ view_parse ] --END-- [ RunTime:0.015317s ]
INFO: [ view_filter ] --START--
INFO: Run Behavior\WriteHtmlCacheBehavior [ RunTime:0.000172s ]
INFO: [ view_filter ] --END-- [ RunTime:0.000209s ]
INFO: [ app_end ] --START--
INFO: Run Behavior\ShowPageTraceBehavior [ RunTime:0.000648s ]
INFO: [ app_end ] --END-- [ RunTime:0.000729s ]

[ 2016-12-24T09:55:30+08:00 ] 192.168.1.124 /thinkphp/admin.php?c=content
INFO: [ app_init ] --START--
INFO: Run Behavior\BuildLiteBehavior [ RunTime:0.000135s ]
INFO: [ app_init ] --END-- [ RunTime:0.000798s ]
INFO: [ app_begin ] --START--
INFO: Run Behavior\ReadHtmlCacheBehavior [ RunTime:0.000968s ]
INFO: [ app_begin ] --END-- [ RunTime:0.001075s ]
NOTIC: [8] Undefined index: title /var/www/html/thinkphp/Application/Admin/Controller/ContentController.class.php 第 16 行.
NOTIC: [8] Undefined index: catid /var/www/html/thinkphp/Application/Admin/Controller/ContentController.class.php 第 20 行.
NOTIC: [8] Undefined index: p /var/www/html/thinkphp/Application/Admin/Controller/ContentController.class.php 第 23 行.
NOTIC: [2048] Declaration of Common\Model\NewsModel::find() should be compatible with Think\Model::find($options = Array) /var/www/html/thinkphp/Application/Common/Model/NewsModel.class.php 第 9 行.
SQL: SHOW COLUMNS FROM `cms_news` [ RunTime:0.0015s ]
NOTIC: [8] Undefined variable: pageSize /var/www/html/thinkphp/Application/Admin/Controller/ContentController.class.php 第 25 行.
SQL: SELECT * FROM `cms_news` WHERE `status` <> -1 ORDER BY listorder desc,news_id desc  [ RunTime:0.0004s ]
SQL: SELECT COUNT(*) AS tp_count FROM `cms_news` WHERE `status` <> -1 LIMIT 1   [ RunTime:0.0002s ]
NOTIC: [8] Undefined variable: pageSize /var/www/html/thinkphp/Application/Admin/Controller/ContentController.class.php 第 27 行.
NOTIC: [2] Division by zero /var/www/html/thinkphp/ThinkPHP/Library/Think/Page.class.php 第 84 行.
NOTIC: [2048] Declaration of Common\Model\MenuModel::find() should be compatible with Think\Model::find($options = Array) /var/www/html/thinkphp/Application/Common/Model/MenuModel.class.php 第 90 行.
SQL: SHOW COLUMNS FROM `cms_menu` [ RunTime:0.0015s ]
SQL: SELECT * FROM `cms_menu` WHERE `status` <> -1 AND `type` = 0 ORDER BY listorder desc,menu_id desc  [ RunTime:0.0005s ]
INFO: [ view_parse ] --START--
INFO: [ template_filter ] --START--
INFO: Run Behavior\ContentReplaceBehavior [ RunTime:0.000106s ]
INFO: [ template_filter ] --END-- [ RunTime:0.000314s ]
SQL: SELECT * FROM `cms_menu` WHERE `status` <> -1 AND `type` = 1 ORDER BY listorder asc,menu_id asc  [ RunTime:0.0006s ]
NOTIC: [8] Undefined index: a /var/www/html/thinkphp/Application/Common/Common/function.php 第 37 行.
NOTIC: [8] Undefined index: a /var/www/html/thinkphp/Application/Common/Common/function.php 第 37 行.
NOTIC: [8] Undefined index: a /var/www/html/thinkphp/Application/Common/Common/function.php 第 37 行.
NOTIC: [8] Undefined index: a /var/www/html/thinkphp/Application/Common/Common/function.php 第 37 行.
INFO: Run Behavior\ParseTemplateBehavior [ RunTime:0.024552s ]
INFO: [ view_parse ] --END-- [ RunTime:0.024610s ]
INFO: [ view_filter ] --START--
INFO: Run Behavior\WriteHtmlCacheBehavior [ RunTime:0.000191s ]
INFO: [ view_filter ] --END-- [ RunTime:0.000231s ]
INFO: [ app_end ] --START--
INFO: Run Behavior\ShowPageTraceBehavior [ RunTime:0.001507s ]
INFO: [ app_end ] --END-- [ RunTime:0.001668s ]

[ 2016-12-24T09:55:32+08:00 ] 192.168.1.124 /thinkphp/admin.php?c=index
INFO: [ app_init ] --START--
INFO: Run Behavior\BuildLiteBehavior [ RunTime:0.000013s ]
INFO: [ app_init ] --END-- [ RunTime:0.000252s ]
INFO: [ app_begin ] --START--
INFO: Run Behavior\ReadHtmlCacheBehavior [ RunTime:0.000403s ]
INFO: [ app_begin ] --END-- [ RunTime:0.000446s ]
INFO: [ view_parse ] --START--
INFO: [ template_filter ] --START--
INFO: Run Behavior\ContentReplaceBehavior [ RunTime:0.000053s ]
INFO: [ template_filter ] --END-- [ RunTime:0.000120s ]
NOTIC: [2048] Declaration of Common\Model\MenuModel::find() should be compatible with Think\Model::find($options = Array) /var/www/html/thinkphp/Application/Common/Model/MenuModel.class.php 第 6 行.
SQL: SHOW COLUMNS FROM `cms_menu` [ RunTime:0.0012s ]
SQL: SELECT * FROM `cms_menu` WHERE `status` <> -1 AND `type` = 1 ORDER BY listorder asc,menu_id asc  [ RunTime:0.0003s ]
NOTIC: [8] Undefined index: a /var/www/html/thinkphp/Application/Common/Common/function.php 第 37 行.
NOTIC: [8] Undefined index: a /var/www/html/thinkphp/Application/Common/Common/function.php 第 37 行.
NOTIC: [8] Undefined index: a /var/www/html/thinkphp/Application/Common/Common/function.php 第 37 行.
NOTIC: [8] Undefined index: a /var/www/html/thinkphp/Application/Common/Common/function.php 第 37 行.
INFO: Run Behavior\ParseTemplateBehavior [ RunTime:0.028755s ]
INFO: [ view_parse ] --END-- [ RunTime:0.028798s ]
INFO: [ view_filter ] --START--
INFO: Run Behavior\WriteHtmlCacheBehavior [ RunTime:0.000217s ]
INFO: [ view_filter ] --END-- [ RunTime:0.000329s ]
INFO: [ app_end ] --START--
INFO: Run Behavior\ShowPageTraceBehavior [ RunTime:0.000593s ]
INFO: [ app_end ] --END-- [ RunTime:0.000646s ]

[ 2016-12-24T09:55:34+08:00 ] 192.168.1.124 /thinkphp/admin.php?c=content
INFO: [ app_init ] --START--
INFO: Run Behavior\BuildLiteBehavior [ RunTime:0.000015s ]
INFO: [ app_init ] --END-- [ RunTime:0.000404s ]
INFO: [ app_begin ] --START--
INFO: Run Behavior\ReadHtmlCacheBehavior [ RunTime:0.000406s ]
INFO: [ app_begin ] --END-- [ RunTime:0.000446s ]
NOTIC: [8] Undefined index: title /var/www/html/thinkphp/Application/Admin/Controller/ContentController.class.php 第 16 行.
NOTIC: [8] Undefined index: catid /var/www/html/thinkphp/Application/Admin/Controller/ContentController.class.php 第 20 行.
NOTIC: [8] Undefined index: p /var/www/html/thinkphp/Application/Admin/Controller/ContentController.class.php 第 23 行.
NOTIC: [2048] Declaration of Common\Model\NewsModel::find() should be compatible with Think\Model::find($options = Array) /var/www/html/thinkphp/Application/Common/Model/NewsModel.class.php 第 9 行.
SQL: SHOW COLUMNS FROM `cms_news` [ RunTime:0.0011s ]
NOTIC: [8] Undefined variable: pageSize /var/www/html/thinkphp/Application/Admin/Controller/ContentController.class.php 第 25 行.
SQL: SELECT * FROM `cms_news` WHERE `status` <> -1 ORDER BY listorder desc,news_id desc  [ RunTime:0.0003s ]
SQL: SELECT COUNT(*) AS tp_count FROM `cms_news` WHERE `status` <> -1 LIMIT 1   [ RunTime:0.0001s ]
NOTIC: [8] Undefined variable: pageSize /var/www/html/thinkphp/Application/Admin/Controller/ContentController.class.php 第 27 行.
NOTIC: [2] Division by zero /var/www/html/thinkphp/ThinkPHP/Library/Think/Page.class.php 第 84 行.
NOTIC: [2048] Declaration of Common\Model\MenuModel::find() should be compatible with Think\Model::find($options = Array) /var/www/html/thinkphp/Application/Common/Model/MenuModel.class.php 第 90 行.
SQL: SHOW COLUMNS FROM `cms_menu` [ RunTime:0.0014s ]
SQL: SELECT * FROM `cms_menu` WHERE `status` <> -1 AND `type` = 0 ORDER BY listorder desc,menu_id desc  [ RunTime:0.0003s ]
INFO: [ view_parse ] --START--
INFO: [ template_filter ] --START--
INFO: Run Behavior\ContentReplaceBehavior [ RunTime:0.000106s ]
INFO: [ template_filter ] --END-- [ RunTime:0.000171s ]
SQL: SELECT * FROM `cms_menu` WHERE `status` <> -1 AND `type` = 1 ORDER BY listorder asc,menu_id asc  [ RunTime:0.0004s ]
NOTIC: [8] Undefined index: a /var/www/html/thinkphp/Application/Common/Common/function.php 第 37 行.
NOTIC: [8] Undefined index: a /var/www/html/thinkphp/Application/Common/Common/function.php 第 37 行.
NOTIC: [8] Undefined index: a /var/www/html/thinkphp/Application/Common/Common/function.php 第 37 行.
NOTIC: [8] Undefined index: a /var/www/html/thinkphp/Application/Common/Common/function.php 第 37 行.
INFO: Run Behavior\ParseTemplateBehavior [ RunTime:0.017667s ]
INFO: [ view_parse ] --END-- [ RunTime:0.017708s ]
INFO: [ view_filter ] --START--
INFO: Run Behavior\WriteHtmlCacheBehavior [ RunTime:0.000144s ]
INFO: [ view_filter ] --END-- [ RunTime:0.000181s ]
INFO: [ app_end ] --START--
INFO: Run Behavior\ShowPageTraceBehavior [ RunTime:0.000804s ]
INFO: [ app_end ] --END-- [ RunTime:0.000899s ]

[ 2016-12-24T09:55:35+08:00 ] 192.168.1.124 /thinkphp/admin.php?c=menu
INFO: [ app_init ] --START--
INFO: Run Behavior\BuildLiteBehavior [ RunTime:0.000015s ]
INFO: [ app_init ] --END-- [ RunTime:0.000334s ]
INFO: [ app_begin ] --START--
INFO: Run Behavior\ReadHtmlCacheBehavior [ RunTime:0.000426s ]
INFO: [ app_begin ] --END-- [ RunTime:0.000471s ]
NOTIC: [8] Undefined index: p /var/www/html/thinkphp/Application/Admin/Controller/MenuController.class.php 第 45 行.
NOTIC: [8] Undefined index: pageSize /var/www/html/thinkphp/Application/Admin/Controller/MenuController.class.php 第 46 行.
NOTIC: [2048] Declaration of Common\Model\MenuModel::find() should be compatible with Think\Model::find($options = Array) /var/www/html/thinkphp/Application/Common/Model/MenuModel.class.php 第 6 行.
SQL: SHOW COLUMNS FROM `cms_menu` [ RunTime:0.0009s ]
SQL: SELECT * FROM `cms_menu` WHERE `status` <> -1 ORDER BY listorder desc,menu_id desc LIMIT 0,10   [ RunTime:0.0002s ]
SQL: SELECT COUNT(*) AS tp_count FROM `cms_menu` WHERE `status` <> -1 LIMIT 1   [ RunTime:0.0001s ]
INFO: [ view_parse ] --START--
INFO: [ template_filter ] --START--
INFO: Run Behavior\ContentReplaceBehavior [ RunTime:0.000060s ]
INFO: [ template_filter ] --END-- [ RunTime:0.000167s ]
SQL: SELECT * FROM `cms_menu` WHERE `status` <> -1 AND `type` = 1 ORDER BY listorder asc,menu_id asc  [ RunTime:0.0004s ]
NOTIC: [8] Undefined index: a /var/www/html/thinkphp/Application/Common/Common/function.php 第 37 行.
NOTIC: [8] Undefined index: a /var/www/html/thinkphp/Application/Common/Common/function.php 第 37 行.
NOTIC: [8] Undefined index: a /var/www/html/thinkphp/Application/Common/Common/function.php 第 37 行.
NOTIC: [8] Undefined index: a /var/www/html/thinkphp/Application/Common/Common/function.php 第 37 行.
NOTIC: [8] Array to string conversion /var/www/html/thinkphp/Application/Runtime/Cache/Admin/b956215329b6f9aca22277599a4efdfc.php 第 101 行.
INFO: Run Behavior\ParseTemplateBehavior [ RunTime:0.015378s ]
INFO: [ view_parse ] --END-- [ RunTime:0.015420s ]
INFO: [ view_filter ] --START--
INFO: Run Behavior\WriteHtmlCacheBehavior [ RunTime:0.000184s ]
INFO: [ view_filter ] --END-- [ RunTime:0.000220s ]
INFO: [ app_end ] --START--
INFO: Run Behavior\ShowPageTraceBehavior [ RunTime:0.000848s ]
INFO: [ app_end ] --END-- [ RunTime:0.000938s ]

[ 2016-12-24T10:54:56+08:00 ] 192.168.1.124 /thinkphp/admin.php?c=content
INFO: [ app_init ] --START--
INFO: Run Behavior\BuildLiteBehavior [ RunTime:0.000041s ]
INFO: [ app_init ] --END-- [ RunTime:0.002504s ]
INFO: [ app_begin ] --START--
INFO: Run Behavior\ReadHtmlCacheBehavior [ RunTime:0.002995s ]
INFO: [ app_begin ] --END-- [ RunTime:0.003182s ]
NOTIC: [8] Undefined index: title /var/www/html/thinkphp/Application/Admin/Controller/ContentController.class.php 第 16 行.
NOTIC: [8] Undefined index: catid /var/www/html/thinkphp/Application/Admin/Controller/ContentController.class.php 第 20 行.
NOTIC: [8] Undefined index: p /var/www/html/thinkphp/Application/Admin/Controller/ContentController.class.php 第 23 行.
NOTIC: [2048] Declaration of Common\Model\NewsModel::find() should be compatible with Think\Model::find($options = Array) /var/www/html/thinkphp/Application/Common/Model/NewsModel.class.php 第 9 行.
SQL: SHOW COLUMNS FROM `cms_news` [ RunTime:0.0217s ]
NOTIC: [8] Undefined variable: pageSize /var/www/html/thinkphp/Application/Admin/Controller/ContentController.class.php 第 25 行.
SQL: SELECT * FROM `cms_news` WHERE `status` <> -1 ORDER BY listorder desc,news_id desc  [ RunTime:0.0046s ]
SQL: SELECT COUNT(*) AS tp_count FROM `cms_news` WHERE `status` <> -1 LIMIT 1   [ RunTime:0.0009s ]
NOTIC: [8] Undefined variable: pageSize /var/www/html/thinkphp/Application/Admin/Controller/ContentController.class.php 第 27 行.
NOTIC: [2] Division by zero /var/www/html/thinkphp/ThinkPHP/Library/Think/Page.class.php 第 84 行.
NOTIC: [2048] Declaration of Common\Model\MenuModel::find() should be compatible with Think\Model::find($options = Array) /var/www/html/thinkphp/Application/Common/Model/MenuModel.class.php 第 90 行.
SQL: SHOW COLUMNS FROM `cms_menu` [ RunTime:0.0047s ]
SQL: SELECT * FROM `cms_menu` WHERE `status` <> -1 AND `type` = 0 ORDER BY listorder desc,menu_id desc  [ RunTime:0.0016s ]
INFO: [ view_parse ] --START--
INFO: [ template_filter ] --START--
INFO: Run Behavior\ContentReplaceBehavior [ RunTime:0.000855s ]
INFO: [ template_filter ] --END-- [ RunTime:0.000949s ]
SQL: SELECT * FROM `cms_menu` WHERE `status` <> -1 AND `type` = 1 ORDER BY listorder asc,menu_id asc  [ RunTime:0.0188s ]
NOTIC: [8] Undefined index: a /var/www/html/thinkphp/Application/Common/Common/function.php 第 37 行.
NOTIC: [8] Undefined index: a /var/www/html/thinkphp/Application/Common/Common/function.php 第 37 行.
NOTIC: [8] Undefined index: a /var/www/html/thinkphp/Application/Common/Common/function.php 第 37 行.
NOTIC: [8] Undefined index: a /var/www/html/thinkphp/Application/Common/Common/function.php 第 37 行.
INFO: Run Behavior\ParseTemplateBehavior [ RunTime:0.061827s ]
INFO: [ view_parse ] --END-- [ RunTime:0.061972s ]
INFO: [ view_filter ] --START--
INFO: Run Behavior\WriteHtmlCacheBehavior [ RunTime:0.001230s ]
INFO: [ view_filter ] --END-- [ RunTime:0.001297s ]
INFO: [ app_end ] --START--
INFO: Run Behavior\ShowPageTraceBehavior [ RunTime:0.011677s ]
INFO: [ app_end ] --END-- [ RunTime:0.011854s ]

[ 2016-12-24T11:20:09+08:00 ] 192.168.1.124 /thinkphp/admin.php?c=content
INFO: [ app_init ] --START--
INFO: Run Behavior\BuildLiteBehavior [ RunTime:0.000058s ]
INFO: [ app_init ] --END-- [ RunTime:0.000653s ]
INFO: [ app_begin ] --START--
INFO: Run Behavior\ReadHtmlCacheBehavior [ RunTime:0.000944s ]
INFO: [ app_begin ] --END-- [ RunTime:0.001105s ]
NOTIC: [8] Undefined index: title /var/www/html/thinkphp/Application/Admin/Controller/ContentController.class.php 第 16 行.
NOTIC: [8] Undefined index: catid /var/www/html/thinkphp/Application/Admin/Controller/ContentController.class.php 第 20 行.
NOTIC: [8] Undefined index: p /var/www/html/thinkphp/Application/Admin/Controller/ContentController.class.php 第 23 行.
NOTIC: [2048] Declaration of Common\Model\NewsModel::find() should be compatible with Think\Model::find($options = Array) /var/www/html/thinkphp/Application/Common/Model/NewsModel.class.php 第 9 行.
SQL: SHOW COLUMNS FROM `cms_news` [ RunTime:0.0027s ]
NOTIC: [8] Undefined variable: pageSize /var/www/html/thinkphp/Application/Admin/Controller/ContentController.class.php 第 25 行.
SQL: SELECT * FROM `cms_news` WHERE `status` <> -1 ORDER BY listorder desc,news_id desc  [ RunTime:0.0007s ]
SQL: SELECT COUNT(*) AS tp_count FROM `cms_news` WHERE `status` <> -1 LIMIT 1   [ RunTime:0.0004s ]
NOTIC: [8] Undefined variable: pageSize /var/www/html/thinkphp/Application/Admin/Controller/ContentController.class.php 第 27 行.
NOTIC: [2] Division by zero /var/www/html/thinkphp/ThinkPHP/Library/Think/Page.class.php 第 84 行.
NOTIC: [2048] Declaration of Common\Model\MenuModel::find() should be compatible with Think\Model::find($options = Array) /var/www/html/thinkphp/Application/Common/Model/MenuModel.class.php 第 90 行.
SQL: SHOW COLUMNS FROM `cms_menu` [ RunTime:0.0010s ]
SQL: SELECT * FROM `cms_menu` WHERE `status` <> -1 AND `type` = 0 ORDER BY listorder desc,menu_id desc  [ RunTime:0.0003s ]
INFO: [ view_parse ] --START--
INFO: [ template_filter ] --START--
INFO: Run Behavior\ContentReplaceBehavior [ RunTime:0.000498s ]
INFO: [ template_filter ] --END-- [ RunTime:0.000670s ]
SQL: SELECT * FROM `cms_menu` WHERE `status` <> -1 AND `type` = 1 ORDER BY listorder asc,menu_id asc  [ RunTime:0.0050s ]
NOTIC: [8] Undefined index: a /var/www/html/thinkphp/Application/Common/Common/function.php 第 37 行.
NOTIC: [8] Undefined index: a /var/www/html/thinkphp/Application/Common/Common/function.php 第 37 行.
NOTIC: [8] Undefined index: a /var/www/html/thinkphp/Application/Common/Common/function.php 第 37 行.
NOTIC: [8] Undefined index: a /var/www/html/thinkphp/Application/Common/Common/function.php 第 37 行.
INFO: Run Behavior\ParseTemplateBehavior [ RunTime:0.024133s ]
INFO: [ view_parse ] --END-- [ RunTime:0.024183s ]
INFO: [ view_filter ] --START--
INFO: Run Behavior\WriteHtmlCacheBehavior [ RunTime:0.000217s ]
INFO: [ view_filter ] --END-- [ RunTime:0.000256s ]
INFO: [ app_end ] --START--
INFO: Run Behavior\ShowPageTraceBehavior [ RunTime:0.000770s ]
INFO: [ app_end ] --END-- [ RunTime:0.000894s ]

[ 2016-12-24T11:20:17+08:00 ] 192.168.1.124 /thinkphp/admin.php?c=content
INFO: [ app_init ] --START--
INFO: Run Behavior\BuildLiteBehavior [ RunTime:0.000026s ]
INFO: [ app_init ] --END-- [ RunTime:0.001035s ]
INFO: [ app_begin ] --START--
INFO: Run Behavior\ReadHtmlCacheBehavior [ RunTime:0.001958s ]
INFO: [ app_begin ] --END-- [ RunTime:0.002153s ]
NOTIC: [8] Undefined index: title /var/www/html/thinkphp/Application/Admin/Controller/ContentController.class.php 第 16 行.
NOTIC: [8] Undefined index: catid /var/www/html/thinkphp/Application/Admin/Controller/ContentController.class.php 第 20 行.
NOTIC: [8] Undefined index: p /var/www/html/thinkphp/Application/Admin/Controller/ContentController.class.php 第 23 行.
NOTIC: [2048] Declaration of Common\Model\NewsModel::find() should be compatible with Think\Model::find($options = Array) /var/www/html/thinkphp/Application/Common/Model/NewsModel.class.php 第 9 行.
SQL: SHOW COLUMNS FROM `cms_news` [ RunTime:0.0018s ]
NOTIC: [8] Undefined variable: pageSize /var/www/html/thinkphp/Application/Admin/Controller/ContentController.class.php 第 25 行.
SQL: SELECT * FROM `cms_news` WHERE `status` <> -1 ORDER BY listorder desc,news_id desc  [ RunTime:0.0003s ]
SQL: SELECT COUNT(*) AS tp_count FROM `cms_news` WHERE `status` <> -1 LIMIT 1   [ RunTime:0.0004s ]
NOTIC: [8] Undefined variable: pageSize /var/www/html/thinkphp/Application/Admin/Controller/ContentController.class.php 第 27 行.
NOTIC: [2] Division by zero /var/www/html/thinkphp/ThinkPHP/Library/Think/Page.class.php 第 84 行.
NOTIC: [2048] Declaration of Common\Model\MenuModel::find() should be compatible with Think\Model::find($options = Array) /var/www/html/thinkphp/Application/Common/Model/MenuModel.class.php 第 90 行.
SQL: SHOW COLUMNS FROM `cms_menu` [ RunTime:0.0010s ]
SQL: SELECT * FROM `cms_menu` WHERE `status` <> -1 AND `type` = 0 ORDER BY listorder desc,menu_id desc  [ RunTime:0.0003s ]
INFO: [ view_parse ] --START--
INFO: [ template_filter ] --START--
INFO: Run Behavior\ContentReplaceBehavior [ RunTime:0.000334s ]
INFO: [ template_filter ] --END-- [ RunTime:0.000453s ]
SQL: SELECT * FROM `cms_menu` WHERE `status` <> -1 AND `type` = 1 ORDER BY listorder asc,menu_id asc  [ RunTime:0.0005s ]
NOTIC: [8] Undefined index: a /var/www/html/thinkphp/Application/Common/Common/function.php 第 37 行.
NOTIC: [8] Undefined index: a /var/www/html/thinkphp/Application/Common/Common/function.php 第 37 行.
NOTIC: [8] Undefined index: a /var/www/html/thinkphp/Application/Common/Common/function.php 第 37 行.
NOTIC: [8] Undefined index: a /var/www/html/thinkphp/Application/Common/Common/function.php 第 37 行.
INFO: Run Behavior\ParseTemplateBehavior [ RunTime:0.055635s ]
INFO: [ view_parse ] --END-- [ RunTime:0.055703s ]
INFO: [ view_filter ] --START--
INFO: Run Behavior\WriteHtmlCacheBehavior [ RunTime:0.000232s ]
INFO: [ view_filter ] --END-- [ RunTime:0.000285s ]
INFO: [ app_end ] --START--
INFO: Run Behavior\ShowPageTraceBehavior [ RunTime:0.001216s ]
INFO: [ app_end ] --END-- [ RunTime:0.001338s ]

[ 2016-12-24T11:20:43+08:00 ] 192.168.1.124 /thinkphp/admin.php?c=content
INFO: [ app_init ] --START--
INFO: Run Behavior\BuildLiteBehavior [ RunTime:0.000016s ]
INFO: [ app_init ] --END-- [ RunTime:0.000317s ]
INFO: [ app_begin ] --START--
INFO: Run Behavior\ReadHtmlCacheBehavior [ RunTime:0.001021s ]
INFO: [ app_begin ] --END-- [ RunTime:0.001105s ]
NOTIC: [8] Undefined index: title /var/www/html/thinkphp/Application/Admin/Controller/ContentController.class.php 第 16 行.
NOTIC: [8] Undefined index: catid /var/www/html/thinkphp/Application/Admin/Controller/ContentController.class.php 第 20 行.
NOTIC: [8] Undefined index: p /var/www/html/thinkphp/Application/Admin/Controller/ContentController.class.php 第 23 行.
NOTIC: [2048] Declaration of Common\Model\NewsModel::find() should be compatible with Think\Model::find($options = Array) /var/www/html/thinkphp/Application/Common/Model/NewsModel.class.php 第 9 行.
SQL: SHOW COLUMNS FROM `cms_news` [ RunTime:0.0013s ]
NOTIC: [8] Undefined variable: pageSize /var/www/html/thinkphp/Application/Admin/Controller/ContentController.class.php 第 25 行.
SQL: SELECT * FROM `cms_news` WHERE `status` <> -1 ORDER BY listorder desc,news_id desc  [ RunTime:0.0013s ]
SQL: SELECT COUNT(*) AS tp_count FROM `cms_news` WHERE `status` <> -1 LIMIT 1   [ RunTime:0.0008s ]
NOTIC: [8] Undefined variable: pageSize /var/www/html/thinkphp/Application/Admin/Controller/ContentController.class.php 第 27 行.
NOTIC: [2] Division by zero /var/www/html/thinkphp/ThinkPHP/Library/Think/Page.class.php 第 84 行.
NOTIC: [2048] Declaration of Common\Model\MenuModel::find() should be compatible with Think\Model::find($options = Array) /var/www/html/thinkphp/Application/Common/Model/MenuModel.class.php 第 90 行.
SQL: SHOW COLUMNS FROM `cms_menu` [ RunTime:0.0008s ]
SQL: SELECT * FROM `cms_menu` WHERE `status` <> -1 AND `type` = 0 ORDER BY listorder desc,menu_id desc  [ RunTime:0.0004s ]
INFO: [ view_parse ] --START--
INFO: [ template_filter ] --START--
INFO: Run Behavior\ContentReplaceBehavior [ RunTime:0.000092s ]
INFO: [ template_filter ] --END-- [ RunTime:0.000162s ]
SQL: SELECT * FROM `cms_menu` WHERE `status` <> -1 AND `type` = 1 ORDER BY listorder asc,menu_id asc  [ RunTime:0.0004s ]
NOTIC: [8] Undefined index: a /var/www/html/thinkphp/Application/Common/Common/function.php 第 37 行.
NOTIC: [8] Undefined index: a /var/www/html/thinkphp/Application/Common/Common/function.php 第 37 行.
NOTIC: [8] Undefined index: a /var/www/html/thinkphp/Application/Common/Common/function.php 第 37 行.
NOTIC: [8] Undefined index: a /var/www/html/thinkphp/Application/Common/Common/function.php 第 37 行.
INFO: Run Behavior\ParseTemplateBehavior [ RunTime:0.027506s ]
INFO: [ view_parse ] --END-- [ RunTime:0.028329s ]
INFO: [ view_filter ] --START--
INFO: Run Behavior\WriteHtmlCacheBehavior [ RunTime:0.000250s ]
INFO: [ view_filter ] --END-- [ RunTime:0.000580s ]
INFO: [ app_end ] --START--
INFO: Run Behavior\ShowPageTraceBehavior [ RunTime:0.000668s ]
INFO: [ app_end ] --END-- [ RunTime:0.000754s ]

[ 2016-12-24T11:22:35+08:00 ] 192.168.1.124 /thinkphp/admin.php?c=content
INFO: [ app_init ] --START--
INFO: Run Behavior\BuildLiteBehavior [ RunTime:0.000033s ]
INFO: [ app_init ] --END-- [ RunTime:0.001309s ]
INFO: [ app_begin ] --START--
INFO: Run Behavior\ReadHtmlCacheBehavior [ RunTime:0.004312s ]
INFO: [ app_begin ] --END-- [ RunTime:0.004552s ]
NOTIC: [8] Undefined index: title /var/www/html/thinkphp/Application/Admin/Controller/ContentController.class.php 第 16 行.
NOTIC: [8] Undefined index: catid /var/www/html/thinkphp/Application/Admin/Controller/ContentController.class.php 第 20 行.
NOTIC: [8] Undefined index: p /var/www/html/thinkphp/Application/Admin/Controller/ContentController.class.php 第 23 行.
NOTIC: [2048] Declaration of Common\Model\NewsModel::find() should be compatible with Think\Model::find($options = Array) /var/www/html/thinkphp/Application/Common/Model/NewsModel.class.php 第 9 行.
SQL: SHOW COLUMNS FROM `cms_news` [ RunTime:0.0039s ]
NOTIC: [8] Undefined variable: pageSize /var/www/html/thinkphp/Application/Admin/Controller/ContentController.class.php 第 25 行.
SQL: SELECT * FROM `cms_news` WHERE `status` <> -1 ORDER BY listorder desc,news_id desc  [ RunTime:0.0013s ]
SQL: SELECT COUNT(*) AS tp_count FROM `cms_news` WHERE `status` <> -1 LIMIT 1   [ RunTime:0.0016s ]
NOTIC: [8] Undefined variable: pageSize /var/www/html/thinkphp/Application/Admin/Controller/ContentController.class.php 第 27 行.
NOTIC: [2] Division by zero /var/www/html/thinkphp/ThinkPHP/Library/Think/Page.class.php 第 84 行.
NOTIC: [2048] Declaration of Common\Model\MenuModel::find() should be compatible with Think\Model::find($options = Array) /var/www/html/thinkphp/Application/Common/Model/MenuModel.class.php 第 90 行.
SQL: SHOW COLUMNS FROM `cms_menu` [ RunTime:0.0015s ]
SQL: SELECT * FROM `cms_menu` WHERE `status` <> -1 AND `type` = 0 ORDER BY listorder desc,menu_id desc  [ RunTime:0.0006s ]
INFO: [ view_parse ] --START--
INFO: [ template_filter ] --START--
INFO: Run Behavior\ContentReplaceBehavior [ RunTime:0.000062s ]
INFO: [ template_filter ] --END-- [ RunTime:0.000118s ]
SQL: SELECT * FROM `cms_menu` WHERE `status` <> -1 AND `type` = 1 ORDER BY listorder asc,menu_id asc  [ RunTime:0.0060s ]
NOTIC: [8] Undefined index: a /var/www/html/thinkphp/Application/Common/Common/function.php 第 37 行.
NOTIC: [8] Undefined index: a /var/www/html/thinkphp/Application/Common/Common/function.php 第 37 行.
NOTIC: [8] Undefined index: a /var/www/html/thinkphp/Application/Common/Common/function.php 第 37 行.
NOTIC: [8] Undefined index: a /var/www/html/thinkphp/Application/Common/Common/function.php 第 37 行.
INFO: Run Behavior\ParseTemplateBehavior [ RunTime:0.045515s ]
INFO: [ view_parse ] --END-- [ RunTime:0.045672s ]
INFO: [ view_filter ] --START--
INFO: Run Behavior\WriteHtmlCacheBehavior [ RunTime:0.000169s ]
INFO: [ view_filter ] --END-- [ RunTime:0.000205s ]
INFO: [ app_end ] --START--
INFO: Run Behavior\ShowPageTraceBehavior [ RunTime:0.000842s ]
INFO: [ app_end ] --END-- [ RunTime:0.000937s ]

[ 2016-12-24T11:23:04+08:00 ] 192.168.1.124 /thinkphp/admin.php?c=content
INFO: [ app_init ] --START--
INFO: Run Behavior\BuildLiteBehavior [ RunTime:0.000014s ]
INFO: [ app_init ] --END-- [ RunTime:0.000274s ]
INFO: [ app_begin ] --START--
INFO: Run Behavior\ReadHtmlCacheBehavior [ RunTime:0.002566s ]
INFO: [ app_begin ] --END-- [ RunTime:0.002649s ]
NOTIC: [8] Undefined index: title /var/www/html/thinkphp/Application/Admin/Controller/ContentController.class.php 第 16 行.
NOTIC: [8] Undefined index: catid /var/www/html/thinkphp/Application/Admin/Controller/ContentController.class.php 第 20 行.
NOTIC: [8] Undefined index: p /var/www/html/thinkphp/Application/Admin/Controller/ContentController.class.php 第 23 行.
NOTIC: [2048] Declaration of Common\Model\NewsModel::find() should be compatible with Think\Model::find($options = Array) /var/www/html/thinkphp/Application/Common/Model/NewsModel.class.php 第 9 行.
SQL: SHOW COLUMNS FROM `cms_news` [ RunTime:0.0018s ]
NOTIC: [8] Undefined variable: pageSize /var/www/html/thinkphp/Application/Admin/Controller/ContentController.class.php 第 25 行.
SQL: SELECT * FROM `cms_news` WHERE `status` <> -1 ORDER BY listorder desc,news_id desc  [ RunTime:0.0007s ]
SQL: SELECT COUNT(*) AS tp_count FROM `cms_news` WHERE `status` <> -1 LIMIT 1   [ RunTime:0.0010s ]
NOTIC: [8] Undefined variable: pageSize /var/www/html/thinkphp/Application/Admin/Controller/ContentController.class.php 第 27 行.
NOTIC: [2] Division by zero /var/www/html/thinkphp/ThinkPHP/Library/Think/Page.class.php 第 84 行.
NOTIC: [2048] Declaration of Common\Model\MenuModel::find() should be compatible with Think\Model::find($options = Array) /var/www/html/thinkphp/Application/Common/Model/MenuModel.class.php 第 90 行.
SQL: SHOW COLUMNS FROM `cms_menu` [ RunTime:0.0009s ]
SQL: SELECT * FROM `cms_menu` WHERE `status` <> -1 AND `type` = 0 ORDER BY listorder desc,menu_id desc  [ RunTime:0.0002s ]
INFO: [ view_parse ] --START--
INFO: [ template_filter ] --START--
INFO: Run Behavior\ContentReplaceBehavior [ RunTime:0.000082s ]
INFO: [ template_filter ] --END-- [ RunTime:0.000163s ]
SQL: SELECT * FROM `cms_menu` WHERE `status` <> -1 AND `type` = 1 ORDER BY listorder asc,menu_id asc  [ RunTime:0.0004s ]
NOTIC: [8] Undefined index: a /var/www/html/thinkphp/Application/Common/Common/function.php 第 37 行.
NOTIC: [8] Undefined index: a /var/www/html/thinkphp/Application/Common/Common/function.php 第 37 行.
NOTIC: [8] Undefined index: a /var/www/html/thinkphp/Application/Common/Common/function.php 第 37 行.
NOTIC: [8] Undefined index: a /var/www/html/thinkphp/Application/Common/Common/function.php 第 37 行.
INFO: Run Behavior\ParseTemplateBehavior [ RunTime:0.020274s ]
INFO: [ view_parse ] --END-- [ RunTime:0.020328s ]
INFO: [ view_filter ] --START--
INFO: Run Behavior\WriteHtmlCacheBehavior [ RunTime:0.000151s ]
INFO: [ view_filter ] --END-- [ RunTime:0.000189s ]
INFO: [ app_end ] --START--
INFO: Run Behavior\ShowPageTraceBehavior [ RunTime:0.000887s ]
INFO: [ app_end ] --END-- [ RunTime:0.001155s ]

[ 2016-12-24T11:23:21+08:00 ] 192.168.1.124 /thinkphp/admin.php?c=content
INFO: [ app_init ] --START--
INFO: Run Behavior\BuildLiteBehavior [ RunTime:0.000017s ]
INFO: [ app_init ] --END-- [ RunTime:0.000396s ]
INFO: [ app_begin ] --START--
INFO: Run Behavior\ReadHtmlCacheBehavior [ RunTime:0.000579s ]
INFO: [ app_begin ] --END-- [ RunTime:0.000622s ]
NOTIC: [8] Undefined index: title /var/www/html/thinkphp/Application/Admin/Controller/ContentController.class.php 第 16 行.
NOTIC: [8] Undefined index: catid /var/www/html/thinkphp/Application/Admin/Controller/ContentController.class.php 第 20 行.
NOTIC: [8] Undefined index: p /var/www/html/thinkphp/Application/Admin/Controller/ContentController.class.php 第 23 行.
NOTIC: [2048] Declaration of Common\Model\NewsModel::find() should be compatible with Think\Model::find($options = Array) /var/www/html/thinkphp/Application/Common/Model/NewsModel.class.php 第 9 行.
SQL: SHOW COLUMNS FROM `cms_news` [ RunTime:0.0013s ]
NOTIC: [8] Undefined variable: pageSize /var/www/html/thinkphp/Application/Admin/Controller/ContentController.class.php 第 25 行.
SQL: SELECT * FROM `cms_news` WHERE `status` <> -1 ORDER BY listorder desc,news_id desc  [ RunTime:0.0003s ]
SQL: SELECT COUNT(*) AS tp_count FROM `cms_news` WHERE `status` <> -1 LIMIT 1   [ RunTime:0.0001s ]
NOTIC: [8] Undefined variable: pageSize /var/www/html/thinkphp/Application/Admin/Controller/ContentController.class.php 第 27 行.
NOTIC: [2] Division by zero /var/www/html/thinkphp/ThinkPHP/Library/Think/Page.class.php 第 84 行.
NOTIC: [2048] Declaration of Common\Model\MenuModel::find() should be compatible with Think\Model::find($options = Array) /var/www/html/thinkphp/Application/Common/Model/MenuModel.class.php 第 90 行.
SQL: SHOW COLUMNS FROM `cms_menu` [ RunTime:0.0010s ]
SQL: SELECT * FROM `cms_menu` WHERE `status` <> -1 AND `type` = 0 ORDER BY listorder desc,menu_id desc  [ RunTime:0.0003s ]
INFO: [ view_parse ] --START--
INFO: [ template_filter ] --START--
INFO: Run Behavior\ContentReplaceBehavior [ RunTime:0.000097s ]
INFO: [ template_filter ] --END-- [ RunTime:0.000190s ]
SQL: SELECT * FROM `cms_menu` WHERE `status` <> -1 AND `type` = 1 ORDER BY listorder asc,menu_id asc  [ RunTime:0.0004s ]
NOTIC: [8] Undefined index: a /var/www/html/thinkphp/Application/Common/Common/function.php 第 37 行.
NOTIC: [8] Undefined index: a /var/www/html/thinkphp/Application/Common/Common/function.php 第 37 行.
NOTIC: [8] Undefined index: a /var/www/html/thinkphp/Application/Common/Common/function.php 第 37 行.
NOTIC: [8] Undefined index: a /var/www/html/thinkphp/Application/Common/Common/function.php 第 37 行.
INFO: Run Behavior\ParseTemplateBehavior [ RunTime:0.030792s ]
INFO: [ view_parse ] --END-- [ RunTime:0.030856s ]
INFO: [ view_filter ] --START--
INFO: Run Behavior\WriteHtmlCacheBehavior [ RunTime:0.000249s ]
INFO: [ view_filter ] --END-- [ RunTime:0.000293s ]
INFO: [ app_end ] --START--
INFO: Run Behavior\ShowPageTraceBehavior [ RunTime:0.001359s ]
INFO: [ app_end ] --END-- [ RunTime:0.001447s ]

[ 2016-12-24T11:23:25+08:00 ] 192.168.1.124 /thinkphp/admin.php?c=content&a=setStatus
INFO: [ app_init ] --START--
INFO: Run Behavior\BuildLiteBehavior [ RunTime:0.000020s ]
INFO: [ app_init ] --END-- [ RunTime:0.000383s ]
INFO: [ app_begin ] --START--
INFO: Run Behavior\ReadHtmlCacheBehavior [ RunTime:0.000516s ]
INFO: [ app_begin ] --END-- [ RunTime:0.000575s ]

[ 2016-12-24T11:23:29+08:00 ] 192.168.1.124 /thinkphp/admin.php?c=content&a=setStatus
INFO: [ app_init ] --START--
INFO: Run Behavior\BuildLiteBehavior [ RunTime:0.000016s ]
INFO: [ app_init ] --END-- [ RunTime:0.000319s ]
INFO: [ app_begin ] --START--
INFO: Run Behavior\ReadHtmlCacheBehavior [ RunTime:0.000453s ]
INFO: [ app_begin ] --END-- [ RunTime:0.000551s ]

[ 2016-12-24T11:26:38+08:00 ] 192.168.1.124 /thinkphp/admin.php?c=content
INFO: [ app_init ] --START--
INFO: Run Behavior\BuildLiteBehavior [ RunTime:0.000762s ]
INFO: [ app_init ] --END-- [ RunTime:0.002733s ]
INFO: [ app_begin ] --START--
INFO: Run Behavior\ReadHtmlCacheBehavior [ RunTime:0.002285s ]
INFO: [ app_begin ] --END-- [ RunTime:0.002908s ]
NOTIC: [8] Undefined index: title /var/www/html/thinkphp/Application/Admin/Controller/ContentController.class.php 第 16 行.
NOTIC: [8] Undefined index: catid /var/www/html/thinkphp/Application/Admin/Controller/ContentController.class.php 第 20 行.
NOTIC: [8] Undefined index: p /var/www/html/thinkphp/Application/Admin/Controller/ContentController.class.php 第 23 行.
NOTIC: [2048] Declaration of Common\Model\NewsModel::find() should be compatible with Think\Model::find($options = Array) /var/www/html/thinkphp/Application/Common/Model/NewsModel.class.php 第 9 行.
SQL: SHOW COLUMNS FROM `cms_news` [ RunTime:0.0022s ]
NOTIC: [8] Undefined variable: pageSize /var/www/html/thinkphp/Application/Admin/Controller/ContentController.class.php 第 25 行.
SQL: SELECT * FROM `cms_news` WHERE `status` <> -1 ORDER BY listorder desc,news_id desc  [ RunTime:0.0072s ]
SQL: SELECT COUNT(*) AS tp_count FROM `cms_news` WHERE `status` <> -1 LIMIT 1   [ RunTime:0.0005s ]
NOTIC: [8] Undefined variable: pageSize /var/www/html/thinkphp/Application/Admin/Controller/ContentController.class.php 第 27 行.
NOTIC: [2] Division by zero /var/www/html/thinkphp/ThinkPHP/Library/Think/Page.class.php 第 84 行.
NOTIC: [2048] Declaration of Common\Model\MenuModel::find() should be compatible with Think\Model::find($options = Array) /var/www/html/thinkphp/Application/Common/Model/MenuModel.class.php 第 90 行.
SQL: SHOW COLUMNS FROM `cms_menu` [ RunTime:0.0014s ]
SQL: SELECT * FROM `cms_menu` WHERE `status` <> -1 AND `type` = 0 ORDER BY listorder desc,menu_id desc  [ RunTime:0.0014s ]
INFO: [ view_parse ] --START--
INFO: [ template_filter ] --START--
INFO: Run Behavior\ContentReplaceBehavior [ RunTime:0.000198s ]
INFO: [ template_filter ] --END-- [ RunTime:0.000306s ]
SQL: SELECT * FROM `cms_menu` WHERE `status` <> -1 AND `type` = 1 ORDER BY listorder asc,menu_id asc  [ RunTime:0.0006s ]
NOTIC: [8] Undefined index: a /var/www/html/thinkphp/Application/Common/Common/function.php 第 37 行.
NOTIC: [8] Undefined index: a /var/www/html/thinkphp/Application/Common/Common/function.php 第 37 行.
NOTIC: [8] Undefined index: a /var/www/html/thinkphp/Application/Common/Common/function.php 第 37 行.
NOTIC: [8] Undefined index: a /var/www/html/thinkphp/Application/Common/Common/function.php 第 37 行.
INFO: Run Behavior\ParseTemplateBehavior [ RunTime:0.040031s ]
INFO: [ view_parse ] --END-- [ RunTime:0.040100s ]
INFO: [ view_filter ] --START--
INFO: Run Behavior\WriteHtmlCacheBehavior [ RunTime:0.000719s ]
INFO: [ view_filter ] --END-- [ RunTime:0.000807s ]
INFO: [ app_end ] --START--
INFO: Run Behavior\ShowPageTraceBehavior [ RunTime:0.000559s ]
INFO: [ app_end ] --END-- [ RunTime:0.000647s ]

[ 2016-12-24T11:26:42+08:00 ] 192.168.1.124 /thinkphp/admin.php?c=content&a=setStatus
INFO: [ app_init ] --START--
INFO: Run Behavior\BuildLiteBehavior [ RunTime:0.000015s ]
INFO: [ app_init ] --END-- [ RunTime:0.000273s ]
INFO: [ app_begin ] --START--
INFO: Run Behavior\ReadHtmlCacheBehavior [ RunTime:0.000513s ]
INFO: [ app_begin ] --END-- [ RunTime:0.000571s ]
NOTIC: [2048] Declaration of Common\Model\NewsModel::find() should be compatible with Think\Model::find($options = Array) /var/www/html/thinkphp/Application/Common/Model/NewsModel.class.php 第 9 行.
SQL: SHOW COLUMNS FROM `cms_news` [ RunTime:0.0019s ]
NOTIC: [8] Use of undefined constant is_numeric - assumed 'is_numeric' /var/www/html/thinkphp/Application/Common/Model/NewsModel.class.php 第 72 行.
SQL: UPDATE `cms_news` SET `status`='0' WHERE ( news_id=2 ) [ RunTime:0.0183s ]

[ 2016-12-24T11:26:43+08:00 ] 192.168.1.124 /thinkphp/admin.php?c=content
INFO: [ app_init ] --START--
INFO: Run Behavior\BuildLiteBehavior [ RunTime:0.000293s ]
INFO: [ app_init ] --END-- [ RunTime:0.003581s ]
INFO: [ app_begin ] --START--
INFO: Run Behavior\ReadHtmlCacheBehavior [ RunTime:0.000855s ]
INFO: [ app_begin ] --END-- [ RunTime:0.001034s ]
NOTIC: [8] Undefined index: title /var/www/html/thinkphp/Application/Admin/Controller/ContentController.class.php 第 16 行.
NOTIC: [8] Undefined index: catid /var/www/html/thinkphp/Application/Admin/Controller/ContentController.class.php 第 20 行.
NOTIC: [8] Undefined index: p /var/www/html/thinkphp/Application/Admin/Controller/ContentController.class.php 第 23 行.
NOTIC: [2048] Declaration of Common\Model\NewsModel::find() should be compatible with Think\Model::find($options = Array) /var/www/html/thinkphp/Application/Common/Model/NewsModel.class.php 第 9 行.
SQL: SHOW COLUMNS FROM `cms_news` [ RunTime:0.0010s ]
NOTIC: [8] Undefined variable: pageSize /var/www/html/thinkphp/Application/Admin/Controller/ContentController.class.php 第 25 行.
SQL: SELECT * FROM `cms_news` WHERE `status` <> -1 ORDER BY listorder desc,news_id desc  [ RunTime:0.0008s ]
SQL: SELECT COUNT(*) AS tp_count FROM `cms_news` WHERE `status` <> -1 LIMIT 1   [ RunTime:0.0003s ]
NOTIC: [8] Undefined variable: pageSize /var/www/html/thinkphp/Application/Admin/Controller/ContentController.class.php 第 27 行.
NOTIC: [2] Division by zero /var/www/html/thinkphp/ThinkPHP/Library/Think/Page.class.php 第 84 行.
NOTIC: [2048] Declaration of Common\Model\MenuModel::find() should be compatible with Think\Model::find($options = Array) /var/www/html/thinkphp/Application/Common/Model/MenuModel.class.php 第 90 行.
SQL: SHOW COLUMNS FROM `cms_menu` [ RunTime:0.0012s ]
SQL: SELECT * FROM `cms_menu` WHERE `status` <> -1 AND `type` = 0 ORDER BY listorder desc,menu_id desc  [ RunTime:0.0006s ]
INFO: [ view_parse ] --START--
INFO: [ template_filter ] --START--
INFO: Run Behavior\ContentReplaceBehavior [ RunTime:0.000781s ]
INFO: [ template_filter ] --END-- [ RunTime:0.000889s ]
SQL: SELECT * FROM `cms_menu` WHERE `status` <> -1 AND `type` = 1 ORDER BY listorder asc,menu_id asc  [ RunTime:0.0010s ]
NOTIC: [8] Undefined index: a /var/www/html/thinkphp/Application/Common/Common/function.php 第 37 行.
NOTIC: [8] Undefined index: a /var/www/html/thinkphp/Application/Common/Common/function.php 第 37 行.
NOTIC: [8] Undefined index: a /var/www/html/thinkphp/Application/Common/Common/function.php 第 37 行.
NOTIC: [8] Undefined index: a /var/www/html/thinkphp/Application/Common/Common/function.php 第 37 行.
INFO: Run Behavior\ParseTemplateBehavior [ RunTime:0.038341s ]
INFO: [ view_parse ] --END-- [ RunTime:0.039026s ]
INFO: [ view_filter ] --START--
INFO: Run Behavior\WriteHtmlCacheBehavior [ RunTime:0.000208s ]
INFO: [ view_filter ] --END-- [ RunTime:0.000285s ]
INFO: [ app_end ] --START--
INFO: Run Behavior\ShowPageTraceBehavior [ RunTime:0.000720s ]
INFO: [ app_end ] --END-- [ RunTime:0.000816s ]

[ 2016-12-24T11:26:55+08:00 ] 192.168.1.124 /thinkphp/admin.php?c=content&a=setStatus
INFO: [ app_init ] --START--
INFO: Run Behavior\BuildLiteBehavior [ RunTime:0.000014s ]
INFO: [ app_init ] --END-- [ RunTime:0.000269s ]
INFO: [ app_begin ] --START--
INFO: Run Behavior\ReadHtmlCacheBehavior [ RunTime:0.000733s ]
INFO: [ app_begin ] --END-- [ RunTime:0.000968s ]
NOTIC: [2048] Declaration of Common\Model\NewsModel::find() should be compatible with Think\Model::find($options = Array) /var/www/html/thinkphp/Application/Common/Model/NewsModel.class.php 第 9 行.
SQL: SHOW COLUMNS FROM `cms_news` [ RunTime:0.0022s ]
NOTIC: [8] Use of undefined constant is_numeric - assumed 'is_numeric' /var/www/html/thinkphp/Application/Common/Model/NewsModel.class.php 第 72 行.
SQL: UPDATE `cms_news` SET `status`='1' WHERE ( news_id=2 ) [ RunTime:0.0003s ]

[ 2016-12-24T11:26:56+08:00 ] 192.168.1.124 /thinkphp/admin.php?c=content
INFO: [ app_init ] --START--
INFO: Run Behavior\BuildLiteBehavior [ RunTime:0.000684s ]
INFO: [ app_init ] --END-- [ RunTime:0.001843s ]
INFO: [ app_begin ] --START--
INFO: Run Behavior\ReadHtmlCacheBehavior [ RunTime:0.000538s ]
INFO: [ app_begin ] --END-- [ RunTime:0.000596s ]
NOTIC: [8] Undefined index: title /var/www/html/thinkphp/Application/Admin/Controller/ContentController.class.php 第 16 行.
NOTIC: [8] Undefined index: catid /var/www/html/thinkphp/Application/Admin/Controller/ContentController.class.php 第 20 行.
NOTIC: [8] Undefined index: p /var/www/html/thinkphp/Application/Admin/Controller/ContentController.class.php 第 23 行.
NOTIC: [2048] Declaration of Common\Model\NewsModel::find() should be compatible with Think\Model::find($options = Array) /var/www/html/thinkphp/Application/Common/Model/NewsModel.class.php 第 9 行.
SQL: SHOW COLUMNS FROM `cms_news` [ RunTime:0.0010s ]
NOTIC: [8] Undefined variable: pageSize /var/www/html/thinkphp/Application/Admin/Controller/ContentController.class.php 第 25 行.
SQL: SELECT * FROM `cms_news` WHERE `status` <> -1 ORDER BY listorder desc,news_id desc  [ RunTime:0.0006s ]
SQL: SELECT COUNT(*) AS tp_count FROM `cms_news` WHERE `status` <> -1 LIMIT 1   [ RunTime:0.0002s ]
NOTIC: [8] Undefined variable: pageSize /var/www/html/thinkphp/Application/Admin/Controller/ContentController.class.php 第 27 行.
NOTIC: [2] Division by zero /var/www/html/thinkphp/ThinkPHP/Library/Think/Page.class.php 第 84 行.
NOTIC: [2048] Declaration of Common\Model\MenuModel::find() should be compatible with Think\Model::find($options = Array) /var/www/html/thinkphp/Application/Common/Model/MenuModel.class.php 第 90 行.
SQL: SHOW COLUMNS FROM `cms_menu` [ RunTime:0.0009s ]
SQL: SELECT * FROM `cms_menu` WHERE `status` <> -1 AND `type` = 0 ORDER BY listorder desc,menu_id desc  [ RunTime:0.0002s ]
INFO: [ view_parse ] --START--
INFO: [ template_filter ] --START--
INFO: Run Behavior\ContentReplaceBehavior [ RunTime:0.000059s ]
INFO: [ template_filter ] --END-- [ RunTime:0.000161s ]
SQL: SELECT * FROM `cms_menu` WHERE `status` <> -1 AND `type` = 1 ORDER BY listorder asc,menu_id asc  [ RunTime:0.0004s ]
NOTIC: [8] Undefined index: a /var/www/html/thinkphp/Application/Common/Common/function.php 第 37 行.
NOTIC: [8] Undefined index: a /var/www/html/thinkphp/Application/Common/Common/function.php 第 37 行.
NOTIC: [8] Undefined index: a /var/www/html/thinkphp/Application/Common/Common/function.php 第 37 行.
NOTIC: [8] Undefined index: a /var/www/html/thinkphp/Application/Common/Common/function.php 第 37 行.
INFO: Run Behavior\ParseTemplateBehavior [ RunTime:0.018142s ]
INFO: [ view_parse ] --END-- [ RunTime:0.018183s ]
INFO: [ view_filter ] --START--
INFO: Run Behavior\WriteHtmlCacheBehavior [ RunTime:0.000150s ]
INFO: [ view_filter ] --END-- [ RunTime:0.000192s ]
INFO: [ app_end ] --START--
INFO: Run Behavior\ShowPageTraceBehavior [ RunTime:0.000632s ]
INFO: [ app_end ] --END-- [ RunTime:0.000723s ]

[ 2016-12-24T11:29:25+08:00 ] 192.168.1.124 /thinkphp/admin.php?c=content&a=setStatus
INFO: [ app_init ] --START--
INFO: Run Behavior\BuildLiteBehavior [ RunTime:0.000015s ]
INFO: [ app_init ] --END-- [ RunTime:0.000393s ]
INFO: [ app_begin ] --START--
INFO: Run Behavior\ReadHtmlCacheBehavior [ RunTime:0.001579s ]
INFO: [ app_begin ] --END-- [ RunTime:0.001653s ]
NOTIC: [2048] Declaration of Common\Model\NewsModel::find() should be compatible with Think\Model::find($options = Array) /var/www/html/thinkphp/Application/Common/Model/NewsModel.class.php 第 9 行.
SQL: SHOW COLUMNS FROM `cms_news` [ RunTime:0.0016s ]
NOTIC: [8] Use of undefined constant is_numeric - assumed 'is_numeric' /var/www/html/thinkphp/Application/Common/Model/NewsModel.class.php 第 72 行.
SQL: UPDATE `cms_news` SET `status`='0' WHERE ( news_id=2 ) [ RunTime:0.0015s ]

[ 2016-12-24T11:29:26+08:00 ] 192.168.1.124 /thinkphp/admin.php?c=content
INFO: [ app_init ] --START--
INFO: Run Behavior\BuildLiteBehavior [ RunTime:0.000014s ]
INFO: [ app_init ] --END-- [ RunTime:0.000326s ]
INFO: [ app_begin ] --START--
INFO: Run Behavior\ReadHtmlCacheBehavior [ RunTime:0.000392s ]
INFO: [ app_begin ] --END-- [ RunTime:0.000433s ]
NOTIC: [8] Undefined index: title /var/www/html/thinkphp/Application/Admin/Controller/ContentController.class.php 第 16 行.
NOTIC: [8] Undefined index: catid /var/www/html/thinkphp/Application/Admin/Controller/ContentController.class.php 第 20 行.
NOTIC: [8] Undefined index: p /var/www/html/thinkphp/Application/Admin/Controller/ContentController.class.php 第 23 行.
NOTIC: [2048] Declaration of Common\Model\NewsModel::find() should be compatible with Think\Model::find($options = Array) /var/www/html/thinkphp/Application/Common/Model/NewsModel.class.php 第 9 行.
SQL: SHOW COLUMNS FROM `cms_news` [ RunTime:0.0009s ]
NOTIC: [8] Undefined variable: pageSize /var/www/html/thinkphp/Application/Admin/Controller/ContentController.class.php 第 25 行.
SQL: SELECT * FROM `cms_news` WHERE `status` <> -1 ORDER BY listorder desc,news_id desc  [ RunTime:0.0003s ]
SQL: SELECT COUNT(*) AS tp_count FROM `cms_news` WHERE `status` <> -1 LIMIT 1   [ RunTime:0.0001s ]
NOTIC: [8] Undefined variable: pageSize /var/www/html/thinkphp/Application/Admin/Controller/ContentController.class.php 第 27 行.
NOTIC: [2] Division by zero /var/www/html/thinkphp/ThinkPHP/Library/Think/Page.class.php 第 84 行.
NOTIC: [2048] Declaration of Common\Model\MenuModel::find() should be compatible with Think\Model::find($options = Array) /var/www/html/thinkphp/Application/Common/Model/MenuModel.class.php 第 90 行.
SQL: SHOW COLUMNS FROM `cms_menu` [ RunTime:0.0009s ]
SQL: SELECT * FROM `cms_menu` WHERE `status` <> -1 AND `type` = 0 ORDER BY listorder desc,menu_id desc  [ RunTime:0.0003s ]
INFO: [ view_parse ] --START--
INFO: [ template_filter ] --START--
INFO: Run Behavior\ContentReplaceBehavior [ RunTime:0.000061s ]
INFO: [ template_filter ] --END-- [ RunTime:0.000114s ]
SQL: SELECT * FROM `cms_menu` WHERE `status` <> -1 AND `type` = 1 ORDER BY listorder asc,menu_id asc  [ RunTime:0.0004s ]
NOTIC: [8] Undefined index: a /var/www/html/thinkphp/Application/Common/Common/function.php 第 37 行.
NOTIC: [8] Undefined index: a /var/www/html/thinkphp/Application/Common/Common/function.php 第 37 行.
NOTIC: [8] Undefined index: a /var/www/html/thinkphp/Application/Common/Common/function.php 第 37 行.
NOTIC: [8] Undefined index: a /var/www/html/thinkphp/Application/Common/Common/function.php 第 37 行.
INFO: Run Behavior\ParseTemplateBehavior [ RunTime:0.016541s ]
INFO: [ view_parse ] --END-- [ RunTime:0.017333s ]
INFO: [ view_filter ] --START--
INFO: Run Behavior\WriteHtmlCacheBehavior [ RunTime:0.000252s ]
INFO: [ view_filter ] --END-- [ RunTime:0.000292s ]
INFO: [ app_end ] --START--
INFO: Run Behavior\ShowPageTraceBehavior [ RunTime:0.000466s ]
INFO: [ app_end ] --END-- [ RunTime:0.000512s ]

[ 2016-12-24T11:29:29+08:00 ] 192.168.1.124 /thinkphp/admin.php?c=content&a=setStatus
INFO: [ app_init ] --START--
INFO: Run Behavior\BuildLiteBehavior [ RunTime:0.000015s ]
INFO: [ app_init ] --END-- [ RunTime:0.000292s ]
INFO: [ app_begin ] --START--
INFO: Run Behavior\ReadHtmlCacheBehavior [ RunTime:0.000419s ]
INFO: [ app_begin ] --END-- [ RunTime:0.000458s ]
NOTIC: [2048] Declaration of Common\Model\NewsModel::find() should be compatible with Think\Model::find($options = Array) /var/www/html/thinkphp/Application/Common/Model/NewsModel.class.php 第 9 行.
SQL: SHOW COLUMNS FROM `cms_news` [ RunTime:0.0009s ]
NOTIC: [8] Use of undefined constant is_numeric - assumed 'is_numeric' /var/www/html/thinkphp/Application/Common/Model/NewsModel.class.php 第 72 行.
SQL: UPDATE `cms_news` SET `status`='1' WHERE ( news_id=2 ) [ RunTime:0.0003s ]

[ 2016-12-24T11:29:30+08:00 ] 192.168.1.124 /thinkphp/admin.php?c=content
INFO: [ app_init ] --START--
INFO: Run Behavior\BuildLiteBehavior [ RunTime:0.000015s ]
INFO: [ app_init ] --END-- [ RunTime:0.000340s ]
INFO: [ app_begin ] --START--
INFO: Run Behavior\ReadHtmlCacheBehavior [ RunTime:0.000404s ]
INFO: [ app_begin ] --END-- [ RunTime:0.000444s ]
NOTIC: [8] Undefined index: title /var/www/html/thinkphp/Application/Admin/Controller/ContentController.class.php 第 16 行.
NOTIC: [8] Undefined index: catid /var/www/html/thinkphp/Application/Admin/Controller/ContentController.class.php 第 20 行.
NOTIC: [8] Undefined index: p /var/www/html/thinkphp/Application/Admin/Controller/ContentController.class.php 第 23 行.
NOTIC: [2048] Declaration of Common\Model\NewsModel::find() should be compatible with Think\Model::find($options = Array) /var/www/html/thinkphp/Application/Common/Model/NewsModel.class.php 第 9 行.
SQL: SHOW COLUMNS FROM `cms_news` [ RunTime:0.0015s ]
NOTIC: [8] Undefined variable: pageSize /var/www/html/thinkphp/Application/Admin/Controller/ContentController.class.php 第 25 行.
SQL: SELECT * FROM `cms_news` WHERE `status` <> -1 ORDER BY listorder desc,news_id desc  [ RunTime:0.0003s ]
SQL: SELECT COUNT(*) AS tp_count FROM `cms_news` WHERE `status` <> -1 LIMIT 1   [ RunTime:0.0002s ]
NOTIC: [8] Undefined variable: pageSize /var/www/html/thinkphp/Application/Admin/Controller/ContentController.class.php 第 27 行.
NOTIC: [2] Division by zero /var/www/html/thinkphp/ThinkPHP/Library/Think/Page.class.php 第 84 行.
NOTIC: [2048] Declaration of Common\Model\MenuModel::find() should be compatible with Think\Model::find($options = Array) /var/www/html/thinkphp/Application/Common/Model/MenuModel.class.php 第 90 行.
SQL: SHOW COLUMNS FROM `cms_menu` [ RunTime:0.0009s ]
SQL: SELECT * FROM `cms_menu` WHERE `status` <> -1 AND `type` = 0 ORDER BY listorder desc,menu_id desc  [ RunTime:0.0006s ]
INFO: [ view_parse ] --START--
INFO: [ template_filter ] --START--
INFO: Run Behavior\ContentReplaceBehavior [ RunTime:0.000207s ]
INFO: [ template_filter ] --END-- [ RunTime:0.000581s ]
SQL: SELECT * FROM `cms_menu` WHERE `status` <> -1 AND `type` = 1 ORDER BY listorder asc,menu_id asc  [ RunTime:0.0004s ]
NOTIC: [8] Undefined index: a /var/www/html/thinkphp/Application/Common/Common/function.php 第 37 行.
NOTIC: [8] Undefined index: a /var/www/html/thinkphp/Application/Common/Common/function.php 第 37 行.
NOTIC: [8] Undefined index: a /var/www/html/thinkphp/Application/Common/Common/function.php 第 37 行.
NOTIC: [8] Undefined index: a /var/www/html/thinkphp/Application/Common/Common/function.php 第 37 行.
INFO: Run Behavior\ParseTemplateBehavior [ RunTime:0.023300s ]
INFO: [ view_parse ] --END-- [ RunTime:0.023342s ]
INFO: [ view_filter ] --START--
INFO: Run Behavior\WriteHtmlCacheBehavior [ RunTime:0.000147s ]
INFO: [ view_filter ] --END-- [ RunTime:0.000183s ]
INFO: [ app_end ] --START--
INFO: Run Behavior\ShowPageTraceBehavior [ RunTime:0.000719s ]
INFO: [ app_end ] --END-- [ RunTime:0.000779s ]

