[ 2017-01-16T10:57:30+08:00 ] 192.168.1.116 /kylecms/admin.php
INFO: [ app_init ] --START--
INFO: Run Behavior\BuildLiteBehavior [ RunTime:0.000030s ]
INFO: [ app_init ] --END-- [ RunTime:0.000554s ]
INFO: [ app_begin ] --START--
INFO: Run Behavior\ReadHtmlCacheBehavior [ RunTime:0.000837s ]
INFO: [ app_begin ] --END-- [ RunTime:0.000932s ]
INFO: [ view_parse ] --START--
INFO: [ template_filter ] --START--
INFO: Run Behavior\ContentReplaceBehavior [ RunTime:0.000113s ]
INFO: [ template_filter ] --END-- [ RunTime:0.000168s ]
NOTIC: [2048] Declaration of Common\Model\MenuModel::find() should be compatible with Think\Model::find($options = Array) /var/www/html/kylecms/Application/Common/Model/MenuModel.class.php 第 6 行.
SQL: SHOW COLUMNS FROM `cms_menu` [ RunTime:0.0009s ]
SQL: SELECT * FROM `cms_menu` WHERE `status` <> -1 AND `type` = 1 ORDER BY listorder asc,menu_id asc  [ RunTime:0.0015s ]
NOTIC: [8] Undefined index: a /var/www/html/kylecms/Application/Common/Common/function.php 第 37 行.
NOTIC: [8] Undefined index: a /var/www/html/kylecms/Application/Common/Common/function.php 第 37 行.
NOTIC: [8] Undefined index: a /var/www/html/kylecms/Application/Common/Common/function.php 第 37 行.
NOTIC: [8] Undefined index: a /var/www/html/kylecms/Application/Common/Common/function.php 第 37 行.
NOTIC: [8] Undefined index: a /var/www/html/kylecms/Application/Common/Common/function.php 第 37 行.
INFO: Run Behavior\ParseTemplateBehavior [ RunTime:0.035898s ]
INFO: [ view_parse ] --END-- [ RunTime:0.036060s ]
INFO: [ view_filter ] --START--
INFO: Run Behavior\WriteHtmlCacheBehavior [ RunTime:0.000233s ]
INFO: [ view_filter ] --END-- [ RunTime:0.000314s ]
INFO: [ app_end ] --START--
INFO: Run Behavior\ShowPageTraceBehavior [ RunTime:0.003549s ]
INFO: [ app_end ] --END-- [ RunTime:0.003640s ]

[ 2017-01-16T10:57:32+08:00 ] 192.168.1.116 /kylecms/admin.php?c=basic
INFO: [ app_init ] --START--
INFO: Run Behavior\BuildLiteBehavior [ RunTime:0.000014s ]
INFO: [ app_init ] --END-- [ RunTime:0.000322s ]
INFO: [ app_begin ] --START--
INFO: Run Behavior\ReadHtmlCacheBehavior [ RunTime:0.000334s ]
INFO: [ app_begin ] --END-- [ RunTime:0.000428s ]
NOTIC: [8] Undefined variable: module /var/www/html/kylecms/ThinkPHP/Common/functions.php 第 990 行.
NOTIC: [8] Undefined variable: var /var/www/html/kylecms/ThinkPHP/Common/functions.php 第 990 行.
NOTIC: [2] array_reverse() expects parameter 1 to be array, null given /var/www/html/kylecms/ThinkPHP/Common/functions.php 第 990 行.
NOTIC: [2] http_build_query(): Parameter 1 expected to be Array or Object.  Incorrect value given /var/www/html/kylecms/ThinkPHP/Common/functions.php 第 990 行.

[ 2017-01-16T10:57:32+08:00 ] 192.168.1.116 /kylecms/admin.php?m=&&c=login
INFO: [ app_init ] --START--
INFO: Run Behavior\BuildLiteBehavior [ RunTime:0.000012s ]
INFO: [ app_init ] --END-- [ RunTime:0.000302s ]
INFO: [ app_begin ] --START--
INFO: Run Behavior\ReadHtmlCacheBehavior [ RunTime:0.000296s ]
INFO: [ app_begin ] --END-- [ RunTime:0.000330s ]
INFO: [ view_parse ] --START--
INFO: [ template_filter ] --START--
INFO: Run Behavior\ContentReplaceBehavior [ RunTime:0.000047s ]
INFO: [ template_filter ] --END-- [ RunTime:0.000109s ]
INFO: Run Behavior\ParseTemplateBehavior [ RunTime:0.008014s ]
INFO: [ view_parse ] --END-- [ RunTime:0.008073s ]
INFO: [ view_filter ] --START--
INFO: Run Behavior\WriteHtmlCacheBehavior [ RunTime:0.000131s ]
INFO: [ view_filter ] --END-- [ RunTime:0.000165s ]
INFO: [ app_end ] --START--
INFO: Run Behavior\ShowPageTraceBehavior [ RunTime:0.000440s ]
INFO: [ app_end ] --END-- [ RunTime:0.000476s ]

[ 2017-01-16T10:57:32+08:00 ] 192.168.1.116 /kylecms/admin.php?m=&&c=login
INFO: [ app_init ] --START--
INFO: Run Behavior\BuildLiteBehavior [ RunTime:0.000013s ]
INFO: [ app_init ] --END-- [ RunTime:0.000259s ]
INFO: [ app_begin ] --START--
INFO: Run Behavior\ReadHtmlCacheBehavior [ RunTime:0.000329s ]
INFO: [ app_begin ] --END-- [ RunTime:0.000366s ]
INFO: [ view_parse ] --START--
INFO: [ template_filter ] --START--
INFO: Run Behavior\ContentReplaceBehavior [ RunTime:0.000080s ]
INFO: [ template_filter ] --END-- [ RunTime:0.000179s ]
INFO: Run Behavior\ParseTemplateBehavior [ RunTime:0.005669s ]
INFO: [ view_parse ] --END-- [ RunTime:0.005716s ]
INFO: [ view_filter ] --START--
INFO: Run Behavior\WriteHtmlCacheBehavior [ RunTime:0.000130s ]
INFO: [ view_filter ] --END-- [ RunTime:0.000163s ]
INFO: [ app_end ] --START--
INFO: Run Behavior\ShowPageTraceBehavior [ RunTime:0.000430s ]
INFO: [ app_end ] --END-- [ RunTime:0.000476s ]

[ 2017-01-16T10:57:37+08:00 ] 192.168.1.116 /kylecms/admin.php?m=admin&c=login&a=check
INFO: [ app_init ] --START--
INFO: Run Behavior\BuildLiteBehavior [ RunTime:0.000041s ]
INFO: [ app_init ] --END-- [ RunTime:0.000595s ]
INFO: [ app_begin ] --START--
INFO: Run Behavior\ReadHtmlCacheBehavior [ RunTime:0.000416s ]
INFO: [ app_begin ] --END-- [ RunTime:0.000476s ]
SQL: SHOW COLUMNS FROM `cms_admin` [ RunTime:0.0026s ]
SQL: SELECT * FROM `cms_admin` WHERE ( username="admin" ) LIMIT 1   [ RunTime:0.0007s ]

[ 2017-01-16T10:57:39+08:00 ] 192.168.1.116 /kylecms/admin.php?m=admin&c=index
INFO: [ app_init ] --START--
INFO: Run Behavior\BuildLiteBehavior [ RunTime:0.000043s ]
INFO: [ app_init ] --END-- [ RunTime:0.000325s ]
INFO: [ app_begin ] --START--
INFO: Run Behavior\ReadHtmlCacheBehavior [ RunTime:0.000353s ]
INFO: [ app_begin ] --END-- [ RunTime:0.000391s ]
INFO: [ view_parse ] --START--
INFO: [ template_filter ] --START--
INFO: Run Behavior\ContentReplaceBehavior [ RunTime:0.000183s ]
INFO: [ template_filter ] --END-- [ RunTime:0.000279s ]
NOTIC: [2048] Declaration of Common\Model\MenuModel::find() should be compatible with Think\Model::find($options = Array) /var/www/html/kylecms/Application/Common/Model/MenuModel.class.php 第 6 行.
SQL: SHOW COLUMNS FROM `cms_menu` [ RunTime:0.0008s ]
SQL: SELECT * FROM `cms_menu` WHERE `status` <> -1 AND `type` = 1 ORDER BY listorder asc,menu_id asc  [ RunTime:0.0003s ]
NOTIC: [8] Undefined index: a /var/www/html/kylecms/Application/Common/Common/function.php 第 37 行.
NOTIC: [8] Undefined index: a /var/www/html/kylecms/Application/Common/Common/function.php 第 37 行.
NOTIC: [8] Undefined index: a /var/www/html/kylecms/Application/Common/Common/function.php 第 37 行.
NOTIC: [8] Undefined index: a /var/www/html/kylecms/Application/Common/Common/function.php 第 37 行.
NOTIC: [8] Undefined index: a /var/www/html/kylecms/Application/Common/Common/function.php 第 37 行.
INFO: Run Behavior\ParseTemplateBehavior [ RunTime:0.023303s ]
INFO: [ view_parse ] --END-- [ RunTime:0.023339s ]
INFO: [ view_filter ] --START--
INFO: Run Behavior\WriteHtmlCacheBehavior [ RunTime:0.000196s ]
INFO: [ view_filter ] --END-- [ RunTime:0.000231s ]
INFO: [ app_end ] --START--
INFO: Run Behavior\ShowPageTraceBehavior [ RunTime:0.000685s ]
INFO: [ app_end ] --END-- [ RunTime:0.000773s ]

[ 2017-01-16T10:57:40+08:00 ] 192.168.1.116 /kylecms/admin.php?c=position
INFO: [ app_init ] --START--
INFO: Run Behavior\BuildLiteBehavior [ RunTime:0.000019s ]
INFO: [ app_init ] --END-- [ RunTime:0.000338s ]
INFO: [ app_begin ] --START--
INFO: Run Behavior\ReadHtmlCacheBehavior [ RunTime:0.000343s ]
INFO: [ app_begin ] --END-- [ RunTime:0.000627s ]
NOTIC: [8] Undefined index: p /var/www/html/kylecms/Application/Admin/Controller/PositionController.class.php 第 23 行.
NOTIC: [2048] Declaration of Common\Model\PositionModel::find() should be compatible with Think\Model::find($options = Array) /var/www/html/kylecms/Application/Common/Model/PositionModel.class.php 第 8 行.
SQL: SHOW COLUMNS FROM `cms_position` [ RunTime:0.0049s ]
NOTIC: [8] Undefined variable: pageSize /var/www/html/kylecms/Application/Admin/Controller/PositionController.class.php 第 25 行.
SQL: SELECT * FROM `cms_position` WHERE ( status=1 ) ORDER BY create_time  [ RunTime:0.0005s ]
SQL: SELECT COUNT(*) AS tp_count FROM `cms_position` WHERE ( status=1 ) LIMIT 1   [ RunTime:0.0011s ]
NOTIC: [8] Undefined variable: pageSize /var/www/html/kylecms/Application/Admin/Controller/PositionController.class.php 第 27 行.
NOTIC: [2] Division by zero /var/www/html/kylecms/ThinkPHP/Library/Think/Page.class.php 第 84 行.
INFO: [ view_parse ] --START--
INFO: [ template_filter ] --START--
INFO: Run Behavior\ContentReplaceBehavior [ RunTime:0.000065s ]
INFO: [ template_filter ] --END-- [ RunTime:0.000119s ]
NOTIC: [2048] Declaration of Common\Model\MenuModel::find() should be compatible with Think\Model::find($options = Array) /var/www/html/kylecms/Application/Common/Model/MenuModel.class.php 第 90 行.
SQL: SHOW COLUMNS FROM `cms_menu` [ RunTime:0.0012s ]
SQL: SELECT * FROM `cms_menu` WHERE `status` <> -1 AND `type` = 1 ORDER BY listorder asc,menu_id asc  [ RunTime:0.0003s ]
NOTIC: [8] Undefined index: a /var/www/html/kylecms/Application/Common/Common/function.php 第 37 行.
NOTIC: [8] Undefined index: a /var/www/html/kylecms/Application/Common/Common/function.php 第 37 行.
NOTIC: [8] Undefined index: a /var/www/html/kylecms/Application/Common/Common/function.php 第 37 行.
NOTIC: [8] Undefined index: a /var/www/html/kylecms/Application/Common/Common/function.php 第 37 行.
NOTIC: [8] Undefined index: a /var/www/html/kylecms/Application/Common/Common/function.php 第 37 行.
INFO: Run Behavior\ParseTemplateBehavior [ RunTime:0.013781s ]
INFO: [ view_parse ] --END-- [ RunTime:0.013820s ]
INFO: [ view_filter ] --START--
INFO: Run Behavior\WriteHtmlCacheBehavior [ RunTime:0.000252s ]
INFO: [ view_filter ] --END-- [ RunTime:0.000302s ]
INFO: [ app_end ] --START--
INFO: Run Behavior\ShowPageTraceBehavior [ RunTime:0.000545s ]
INFO: [ app_end ] --END-- [ RunTime:0.000644s ]

[ 2017-01-16T10:57:45+08:00 ] 192.168.1.116 /kylecms/admin.php?c=position
INFO: [ app_init ] --START--
INFO: Run Behavior\BuildLiteBehavior [ RunTime:0.000019s ]
INFO: [ app_init ] --END-- [ RunTime:0.000378s ]
INFO: [ app_begin ] --START--
INFO: Run Behavior\ReadHtmlCacheBehavior [ RunTime:0.000546s ]
INFO: [ app_begin ] --END-- [ RunTime:0.000603s ]
NOTIC: [8] Undefined index: p /var/www/html/kylecms/Application/Admin/Controller/PositionController.class.php 第 23 行.
NOTIC: [2048] Declaration of Common\Model\PositionModel::find() should be compatible with Think\Model::find($options = Array) /var/www/html/kylecms/Application/Common/Model/PositionModel.class.php 第 8 行.
SQL: SHOW COLUMNS FROM `cms_position` [ RunTime:0.0012s ]
NOTIC: [8] Undefined variable: pageSize /var/www/html/kylecms/Application/Admin/Controller/PositionController.class.php 第 25 行.
SQL: SELECT * FROM `cms_position` WHERE ( status=1 ) ORDER BY create_time  [ RunTime:0.0004s ]
SQL: SELECT COUNT(*) AS tp_count FROM `cms_position` WHERE ( status=1 ) LIMIT 1   [ RunTime:0.0001s ]
NOTIC: [8] Undefined variable: pageSize /var/www/html/kylecms/Application/Admin/Controller/PositionController.class.php 第 27 行.
NOTIC: [2] Division by zero /var/www/html/kylecms/ThinkPHP/Library/Think/Page.class.php 第 84 行.
INFO: [ view_parse ] --START--
INFO: [ template_filter ] --START--
INFO: Run Behavior\ContentReplaceBehavior [ RunTime:0.000061s ]
INFO: [ template_filter ] --END-- [ RunTime:0.000116s ]
NOTIC: [2048] Declaration of Common\Model\MenuModel::find() should be compatible with Think\Model::find($options = Array) /var/www/html/kylecms/Application/Common/Model/MenuModel.class.php 第 90 行.
SQL: SHOW COLUMNS FROM `cms_menu` [ RunTime:0.0009s ]
SQL: SELECT * FROM `cms_menu` WHERE `status` <> -1 AND `type` = 1 ORDER BY listorder asc,menu_id asc  [ RunTime:0.0002s ]
NOTIC: [8] Undefined index: a /var/www/html/kylecms/Application/Common/Common/function.php 第 37 行.
NOTIC: [8] Undefined index: a /var/www/html/kylecms/Application/Common/Common/function.php 第 37 行.
NOTIC: [8] Undefined index: a /var/www/html/kylecms/Application/Common/Common/function.php 第 37 行.
NOTIC: [8] Undefined index: a /var/www/html/kylecms/Application/Common/Common/function.php 第 37 行.
NOTIC: [8] Undefined index: a /var/www/html/kylecms/Application/Common/Common/function.php 第 37 行.
INFO: Run Behavior\ParseTemplateBehavior [ RunTime:0.013758s ]
INFO: [ view_parse ] --END-- [ RunTime:0.013797s ]
INFO: [ view_filter ] --START--
INFO: Run Behavior\WriteHtmlCacheBehavior [ RunTime:0.000155s ]
INFO: [ view_filter ] --END-- [ RunTime:0.000191s ]
INFO: [ app_end ] --START--
INFO: Run Behavior\ShowPageTraceBehavior [ RunTime:0.000565s ]
INFO: [ app_end ] --END-- [ RunTime:0.000697s ]

[ 2017-01-16T10:57:46+08:00 ] 192.168.1.116 /kylecms/admin.php?c=menu
INFO: [ app_init ] --START--
INFO: Run Behavior\BuildLiteBehavior [ RunTime:0.000015s ]
INFO: [ app_init ] --END-- [ RunTime:0.000263s ]
INFO: [ app_begin ] --START--
INFO: Run Behavior\ReadHtmlCacheBehavior [ RunTime:0.000392s ]
INFO: [ app_begin ] --END-- [ RunTime:0.000432s ]
NOTIC: [8] Undefined index: p /var/www/html/kylecms/Application/Admin/Controller/MenuController.class.php 第 45 行.
NOTIC: [8] Undefined index: pageSize /var/www/html/kylecms/Application/Admin/Controller/MenuController.class.php 第 46 行.
NOTIC: [2048] Declaration of Common\Model\MenuModel::find() should be compatible with Think\Model::find($options = Array) /var/www/html/kylecms/Application/Common/Model/MenuModel.class.php 第 6 行.
SQL: SHOW COLUMNS FROM `cms_menu` [ RunTime:0.0010s ]
SQL: SELECT * FROM `cms_menu` WHERE `status` <> -1 ORDER BY listorder desc,menu_id desc LIMIT 0,10   [ RunTime:0.0007s ]
SQL: SELECT COUNT(*) AS tp_count FROM `cms_menu` WHERE `status` <> -1 LIMIT 1   [ RunTime:0.0003s ]
INFO: [ view_parse ] --START--
INFO: [ template_filter ] --START--
INFO: Run Behavior\ContentReplaceBehavior [ RunTime:0.000064s ]
INFO: [ template_filter ] --END-- [ RunTime:0.000120s ]
SQL: SELECT * FROM `cms_menu` WHERE `status` <> -1 AND `type` = 1 ORDER BY listorder asc,menu_id asc  [ RunTime:0.0005s ]
NOTIC: [8] Undefined index: a /var/www/html/kylecms/Application/Common/Common/function.php 第 37 行.
NOTIC: [8] Undefined index: a /var/www/html/kylecms/Application/Common/Common/function.php 第 37 行.
NOTIC: [8] Undefined index: a /var/www/html/kylecms/Application/Common/Common/function.php 第 37 行.
NOTIC: [8] Undefined index: a /var/www/html/kylecms/Application/Common/Common/function.php 第 37 行.
NOTIC: [8] Undefined index: a /var/www/html/kylecms/Application/Common/Common/function.php 第 37 行.
NOTIC: [8] Array to string conversion /var/www/html/kylecms/Application/Runtime/Cache/Admin/b956215329b6f9aca22277599a4efdfc.php 第 101 行.
INFO: Run Behavior\ParseTemplateBehavior [ RunTime:0.012834s ]
INFO: [ view_parse ] --END-- [ RunTime:0.012876s ]
INFO: [ view_filter ] --START--
INFO: Run Behavior\WriteHtmlCacheBehavior [ RunTime:0.000235s ]
INFO: [ view_filter ] --END-- [ RunTime:0.000267s ]
INFO: [ app_end ] --START--
INFO: Run Behavior\ShowPageTraceBehavior [ RunTime:0.000685s ]
INFO: [ app_end ] --END-- [ RunTime:0.000794s ]

[ 2017-01-16T10:57:48+08:00 ] 192.168.1.116 /kylecms/admin.php?c=position
INFO: [ app_init ] --START--
INFO: Run Behavior\BuildLiteBehavior [ RunTime:0.000013s ]
INFO: [ app_init ] --END-- [ RunTime:0.000291s ]
INFO: [ app_begin ] --START--
INFO: Run Behavior\ReadHtmlCacheBehavior [ RunTime:0.000436s ]
INFO: [ app_begin ] --END-- [ RunTime:0.000475s ]
NOTIC: [8] Undefined index: p /var/www/html/kylecms/Application/Admin/Controller/PositionController.class.php 第 23 行.
NOTIC: [2048] Declaration of Common\Model\PositionModel::find() should be compatible with Think\Model::find($options = Array) /var/www/html/kylecms/Application/Common/Model/PositionModel.class.php 第 8 行.
SQL: SHOW COLUMNS FROM `cms_position` [ RunTime:0.0008s ]
NOTIC: [8] Undefined variable: pageSize /var/www/html/kylecms/Application/Admin/Controller/PositionController.class.php 第 25 行.
SQL: SELECT * FROM `cms_position` WHERE ( status=1 ) ORDER BY create_time  [ RunTime:0.0002s ]
SQL: SELECT COUNT(*) AS tp_count FROM `cms_position` WHERE ( status=1 ) LIMIT 1   [ RunTime:0.0002s ]
NOTIC: [8] Undefined variable: pageSize /var/www/html/kylecms/Application/Admin/Controller/PositionController.class.php 第 27 行.
NOTIC: [2] Division by zero /var/www/html/kylecms/ThinkPHP/Library/Think/Page.class.php 第 84 行.
INFO: [ view_parse ] --START--
INFO: [ template_filter ] --START--
INFO: Run Behavior\ContentReplaceBehavior [ RunTime:0.000086s ]
INFO: [ template_filter ] --END-- [ RunTime:0.000169s ]
NOTIC: [2048] Declaration of Common\Model\MenuModel::find() should be compatible with Think\Model::find($options = Array) /var/www/html/kylecms/Application/Common/Model/MenuModel.class.php 第 90 行.
SQL: SHOW COLUMNS FROM `cms_menu` [ RunTime:0.0009s ]
SQL: SELECT * FROM `cms_menu` WHERE `status` <> -1 AND `type` = 1 ORDER BY listorder asc,menu_id asc  [ RunTime:0.0002s ]
NOTIC: [8] Undefined index: a /var/www/html/kylecms/Application/Common/Common/function.php 第 37 行.
NOTIC: [8] Undefined index: a /var/www/html/kylecms/Application/Common/Common/function.php 第 37 行.
NOTIC: [8] Undefined index: a /var/www/html/kylecms/Application/Common/Common/function.php 第 37 行.
NOTIC: [8] Undefined index: a /var/www/html/kylecms/Application/Common/Common/function.php 第 37 行.
NOTIC: [8] Undefined index: a /var/www/html/kylecms/Application/Common/Common/function.php 第 37 行.
INFO: Run Behavior\ParseTemplateBehavior [ RunTime:0.012406s ]
INFO: [ view_parse ] --END-- [ RunTime:0.012448s ]
INFO: [ view_filter ] --START--
INFO: Run Behavior\WriteHtmlCacheBehavior [ RunTime:0.000151s ]
INFO: [ view_filter ] --END-- [ RunTime:0.000185s ]
INFO: [ app_end ] --START--
INFO: Run Behavior\ShowPageTraceBehavior [ RunTime:0.000412s ]
INFO: [ app_end ] --END-- [ RunTime:0.000460s ]

[ 2017-01-16T10:57:49+08:00 ] 192.168.1.116 /kylecms/admin.php?c=position
INFO: [ app_init ] --START--
INFO: Run Behavior\BuildLiteBehavior [ RunTime:0.000029s ]
INFO: [ app_init ] --END-- [ RunTime:0.000423s ]
INFO: [ app_begin ] --START--
INFO: Run Behavior\ReadHtmlCacheBehavior [ RunTime:0.000450s ]
INFO: [ app_begin ] --END-- [ RunTime:0.000517s ]
NOTIC: [8] Undefined index: p /var/www/html/kylecms/Application/Admin/Controller/PositionController.class.php 第 23 行.
NOTIC: [2048] Declaration of Common\Model\PositionModel::find() should be compatible with Think\Model::find($options = Array) /var/www/html/kylecms/Application/Common/Model/PositionModel.class.php 第 8 行.
SQL: SHOW COLUMNS FROM `cms_position` [ RunTime:0.0008s ]
NOTIC: [8] Undefined variable: pageSize /var/www/html/kylecms/Application/Admin/Controller/PositionController.class.php 第 25 行.
SQL: SELECT * FROM `cms_position` WHERE ( status=1 ) ORDER BY create_time  [ RunTime:0.0002s ]
SQL: SELECT COUNT(*) AS tp_count FROM `cms_position` WHERE ( status=1 ) LIMIT 1   [ RunTime:0.0002s ]
NOTIC: [8] Undefined variable: pageSize /var/www/html/kylecms/Application/Admin/Controller/PositionController.class.php 第 27 行.
NOTIC: [2] Division by zero /var/www/html/kylecms/ThinkPHP/Library/Think/Page.class.php 第 84 行.
INFO: [ view_parse ] --START--
INFO: [ template_filter ] --START--
INFO: Run Behavior\ContentReplaceBehavior [ RunTime:0.000124s ]
INFO: [ template_filter ] --END-- [ RunTime:0.000262s ]
NOTIC: [2048] Declaration of Common\Model\MenuModel::find() should be compatible with Think\Model::find($options = Array) /var/www/html/kylecms/Application/Common/Model/MenuModel.class.php 第 90 行.
SQL: SHOW COLUMNS FROM `cms_menu` [ RunTime:0.0009s ]
SQL: SELECT * FROM `cms_menu` WHERE `status` <> -1 AND `type` = 1 ORDER BY listorder asc,menu_id asc  [ RunTime:0.0012s ]
NOTIC: [8] Undefined index: a /var/www/html/kylecms/Application/Common/Common/function.php 第 37 行.
NOTIC: [8] Undefined index: a /var/www/html/kylecms/Application/Common/Common/function.php 第 37 行.
NOTIC: [8] Undefined index: a /var/www/html/kylecms/Application/Common/Common/function.php 第 37 行.
NOTIC: [8] Undefined index: a /var/www/html/kylecms/Application/Common/Common/function.php 第 37 行.
NOTIC: [8] Undefined index: a /var/www/html/kylecms/Application/Common/Common/function.php 第 37 行.
INFO: Run Behavior\ParseTemplateBehavior [ RunTime:0.016640s ]
INFO: [ view_parse ] --END-- [ RunTime:0.016685s ]
INFO: [ view_filter ] --START--
INFO: Run Behavior\WriteHtmlCacheBehavior [ RunTime:0.000174s ]
INFO: [ view_filter ] --END-- [ RunTime:0.000292s ]
INFO: [ app_end ] --START--
INFO: Run Behavior\ShowPageTraceBehavior [ RunTime:0.000894s ]
INFO: [ app_end ] --END-- [ RunTime:0.001002s ]

[ 2017-01-16T10:57:50+08:00 ] 192.168.1.116 /kylecms/admin.php?c=position
INFO: [ app_init ] --START--
INFO: Run Behavior\BuildLiteBehavior [ RunTime:0.000014s ]
INFO: [ app_init ] --END-- [ RunTime:0.000318s ]
INFO: [ app_begin ] --START--
INFO: Run Behavior\ReadHtmlCacheBehavior [ RunTime:0.000335s ]
INFO: [ app_begin ] --END-- [ RunTime:0.000372s ]
NOTIC: [8] Undefined index: p /var/www/html/kylecms/Application/Admin/Controller/PositionController.class.php 第 23 行.
NOTIC: [2048] Declaration of Common\Model\PositionModel::find() should be compatible with Think\Model::find($options = Array) /var/www/html/kylecms/Application/Common/Model/PositionModel.class.php 第 8 行.
SQL: SHOW COLUMNS FROM `cms_position` [ RunTime:0.0010s ]
NOTIC: [8] Undefined variable: pageSize /var/www/html/kylecms/Application/Admin/Controller/PositionController.class.php 第 25 行.
SQL: SELECT * FROM `cms_position` WHERE ( status=1 ) ORDER BY create_time  [ RunTime:0.0004s ]
SQL: SELECT COUNT(*) AS tp_count FROM `cms_position` WHERE ( status=1 ) LIMIT 1   [ RunTime:0.0002s ]
NOTIC: [8] Undefined variable: pageSize /var/www/html/kylecms/Application/Admin/Controller/PositionController.class.php 第 27 行.
NOTIC: [2] Division by zero /var/www/html/kylecms/ThinkPHP/Library/Think/Page.class.php 第 84 行.
INFO: [ view_parse ] --START--
INFO: [ template_filter ] --START--
INFO: Run Behavior\ContentReplaceBehavior [ RunTime:0.000060s ]
INFO: [ template_filter ] --END-- [ RunTime:0.000105s ]
NOTIC: [2048] Declaration of Common\Model\MenuModel::find() should be compatible with Think\Model::find($options = Array) /var/www/html/kylecms/Application/Common/Model/MenuModel.class.php 第 90 行.
SQL: SHOW COLUMNS FROM `cms_menu` [ RunTime:0.0013s ]
SQL: SELECT * FROM `cms_menu` WHERE `status` <> -1 AND `type` = 1 ORDER BY listorder asc,menu_id asc  [ RunTime:0.0005s ]
NOTIC: [8] Undefined index: a /var/www/html/kylecms/Application/Common/Common/function.php 第 37 行.
NOTIC: [8] Undefined index: a /var/www/html/kylecms/Application/Common/Common/function.php 第 37 行.
NOTIC: [8] Undefined index: a /var/www/html/kylecms/Application/Common/Common/function.php 第 37 行.
NOTIC: [8] Undefined index: a /var/www/html/kylecms/Application/Common/Common/function.php 第 37 行.
NOTIC: [8] Undefined index: a /var/www/html/kylecms/Application/Common/Common/function.php 第 37 行.
INFO: Run Behavior\ParseTemplateBehavior [ RunTime:0.012276s ]
INFO: [ view_parse ] --END-- [ RunTime:0.012316s ]
INFO: [ view_filter ] --START--
INFO: Run Behavior\WriteHtmlCacheBehavior [ RunTime:0.000257s ]
INFO: [ view_filter ] --END-- [ RunTime:0.000293s ]
INFO: [ app_end ] --START--
INFO: Run Behavior\ShowPageTraceBehavior [ RunTime:0.000570s ]
INFO: [ app_end ] --END-- [ RunTime:0.000633s ]

[ 2017-01-16T10:57:51+08:00 ] 192.168.1.116 /kylecms/admin.php?c=position
INFO: [ app_init ] --START--
INFO: Run Behavior\BuildLiteBehavior [ RunTime:0.000014s ]
INFO: [ app_init ] --END-- [ RunTime:0.000317s ]
INFO: [ app_begin ] --START--
INFO: Run Behavior\ReadHtmlCacheBehavior [ RunTime:0.001320s ]
INFO: [ app_begin ] --END-- [ RunTime:0.001377s ]
NOTIC: [8] Undefined index: p /var/www/html/kylecms/Application/Admin/Controller/PositionController.class.php 第 23 行.
NOTIC: [2048] Declaration of Common\Model\PositionModel::find() should be compatible with Think\Model::find($options = Array) /var/www/html/kylecms/Application/Common/Model/PositionModel.class.php 第 8 行.
SQL: SHOW COLUMNS FROM `cms_position` [ RunTime:0.0009s ]
NOTIC: [8] Undefined variable: pageSize /var/www/html/kylecms/Application/Admin/Controller/PositionController.class.php 第 25 行.
SQL: SELECT * FROM `cms_position` WHERE ( status=1 ) ORDER BY create_time  [ RunTime:0.0002s ]
SQL: SELECT COUNT(*) AS tp_count FROM `cms_position` WHERE ( status=1 ) LIMIT 1   [ RunTime:0.0001s ]
NOTIC: [8] Undefined variable: pageSize /var/www/html/kylecms/Application/Admin/Controller/PositionController.class.php 第 27 行.
NOTIC: [2] Division by zero /var/www/html/kylecms/ThinkPHP/Library/Think/Page.class.php 第 84 行.
INFO: [ view_parse ] --START--
INFO: [ template_filter ] --START--
INFO: Run Behavior\ContentReplaceBehavior [ RunTime:0.000064s ]
INFO: [ template_filter ] --END-- [ RunTime:0.000172s ]
NOTIC: [2048] Declaration of Common\Model\MenuModel::find() should be compatible with Think\Model::find($options = Array) /var/www/html/kylecms/Application/Common/Model/MenuModel.class.php 第 90 行.
SQL: SHOW COLUMNS FROM `cms_menu` [ RunTime:0.0015s ]
SQL: SELECT * FROM `cms_menu` WHERE `status` <> -1 AND `type` = 1 ORDER BY listorder asc,menu_id asc  [ RunTime:0.0007s ]
NOTIC: [8] Undefined index: a /var/www/html/kylecms/Application/Common/Common/function.php 第 37 行.
NOTIC: [8] Undefined index: a /var/www/html/kylecms/Application/Common/Common/function.php 第 37 行.
NOTIC: [8] Undefined index: a /var/www/html/kylecms/Application/Common/Common/function.php 第 37 行.
NOTIC: [8] Undefined index: a /var/www/html/kylecms/Application/Common/Common/function.php 第 37 行.
NOTIC: [8] Undefined index: a /var/www/html/kylecms/Application/Common/Common/function.php 第 37 行.
INFO: Run Behavior\ParseTemplateBehavior [ RunTime:0.014016s ]
INFO: [ view_parse ] --END-- [ RunTime:0.014067s ]
INFO: [ view_filter ] --START--
INFO: Run Behavior\WriteHtmlCacheBehavior [ RunTime:0.000237s ]
INFO: [ view_filter ] --END-- [ RunTime:0.000285s ]
INFO: [ app_end ] --START--
INFO: Run Behavior\ShowPageTraceBehavior [ RunTime:0.000679s ]
INFO: [ app_end ] --END-- [ RunTime:0.000768s ]

[ 2017-01-16T10:57:51+08:00 ] 192.168.1.116 /kylecms/admin.php?c=position
INFO: [ app_init ] --START--
INFO: Run Behavior\BuildLiteBehavior [ RunTime:0.000073s ]
INFO: [ app_init ] --END-- [ RunTime:0.000330s ]
INFO: [ app_begin ] --START--
INFO: Run Behavior\ReadHtmlCacheBehavior [ RunTime:0.000398s ]
INFO: [ app_begin ] --END-- [ RunTime:0.000438s ]
NOTIC: [8] Undefined index: p /var/www/html/kylecms/Application/Admin/Controller/PositionController.class.php 第 23 行.
NOTIC: [2048] Declaration of Common\Model\PositionModel::find() should be compatible with Think\Model::find($options = Array) /var/www/html/kylecms/Application/Common/Model/PositionModel.class.php 第 8 行.
SQL: SHOW COLUMNS FROM `cms_position` [ RunTime:0.0012s ]
NOTIC: [8] Undefined variable: pageSize /var/www/html/kylecms/Application/Admin/Controller/PositionController.class.php 第 25 行.
SQL: SELECT * FROM `cms_position` WHERE ( status=1 ) ORDER BY create_time  [ RunTime:0.0003s ]
SQL: SELECT COUNT(*) AS tp_count FROM `cms_position` WHERE ( status=1 ) LIMIT 1   [ RunTime:0.0001s ]
NOTIC: [8] Undefined variable: pageSize /var/www/html/kylecms/Application/Admin/Controller/PositionController.class.php 第 27 行.
NOTIC: [2] Division by zero /var/www/html/kylecms/ThinkPHP/Library/Think/Page.class.php 第 84 行.
INFO: [ view_parse ] --START--
INFO: [ template_filter ] --START--
INFO: Run Behavior\ContentReplaceBehavior [ RunTime:0.000061s ]
INFO: [ template_filter ] --END-- [ RunTime:0.000116s ]
NOTIC: [2048] Declaration of Common\Model\MenuModel::find() should be compatible with Think\Model::find($options = Array) /var/www/html/kylecms/Application/Common/Model/MenuModel.class.php 第 90 行.
SQL: SHOW COLUMNS FROM `cms_menu` [ RunTime:0.0009s ]
SQL: SELECT * FROM `cms_menu` WHERE `status` <> -1 AND `type` = 1 ORDER BY listorder asc,menu_id asc  [ RunTime:0.0002s ]
NOTIC: [8] Undefined index: a /var/www/html/kylecms/Application/Common/Common/function.php 第 37 行.
NOTIC: [8] Undefined index: a /var/www/html/kylecms/Application/Common/Common/function.php 第 37 行.
NOTIC: [8] Undefined index: a /var/www/html/kylecms/Application/Common/Common/function.php 第 37 行.
NOTIC: [8] Undefined index: a /var/www/html/kylecms/Application/Common/Common/function.php 第 37 行.
NOTIC: [8] Undefined index: a /var/www/html/kylecms/Application/Common/Common/function.php 第 37 行.
INFO: Run Behavior\ParseTemplateBehavior [ RunTime:0.012887s ]
INFO: [ view_parse ] --END-- [ RunTime:0.013235s ]
INFO: [ view_filter ] --START--
INFO: Run Behavior\WriteHtmlCacheBehavior [ RunTime:0.000498s ]
INFO: [ view_filter ] --END-- [ RunTime:0.000553s ]
INFO: [ app_end ] --START--
INFO: Run Behavior\ShowPageTraceBehavior [ RunTime:0.000616s ]
INFO: [ app_end ] --END-- [ RunTime:0.000697s ]

[ 2017-01-16T10:57:52+08:00 ] 192.168.1.116 /kylecms/admin.php?c=position
INFO: [ app_init ] --START--
INFO: Run Behavior\BuildLiteBehavior [ RunTime:0.000014s ]
INFO: [ app_init ] --END-- [ RunTime:0.000256s ]
INFO: [ app_begin ] --START--
INFO: Run Behavior\ReadHtmlCacheBehavior [ RunTime:0.000333s ]
INFO: [ app_begin ] --END-- [ RunTime:0.000370s ]
NOTIC: [8] Undefined index: p /var/www/html/kylecms/Application/Admin/Controller/PositionController.class.php 第 23 行.
NOTIC: [2048] Declaration of Common\Model\PositionModel::find() should be compatible with Think\Model::find($options = Array) /var/www/html/kylecms/Application/Common/Model/PositionModel.class.php 第 8 行.
SQL: SHOW COLUMNS FROM `cms_position` [ RunTime:0.0007s ]
NOTIC: [8] Undefined variable: pageSize /var/www/html/kylecms/Application/Admin/Controller/PositionController.class.php 第 25 行.
SQL: SELECT * FROM `cms_position` WHERE ( status=1 ) ORDER BY create_time  [ RunTime:0.0003s ]
SQL: SELECT COUNT(*) AS tp_count FROM `cms_position` WHERE ( status=1 ) LIMIT 1   [ RunTime:0.0002s ]
NOTIC: [8] Undefined variable: pageSize /var/www/html/kylecms/Application/Admin/Controller/PositionController.class.php 第 27 行.
NOTIC: [2] Division by zero /var/www/html/kylecms/ThinkPHP/Library/Think/Page.class.php 第 84 行.
INFO: [ view_parse ] --START--
INFO: [ template_filter ] --START--
INFO: Run Behavior\ContentReplaceBehavior [ RunTime:0.000060s ]
INFO: [ template_filter ] --END-- [ RunTime:0.000114s ]
NOTIC: [2048] Declaration of Common\Model\MenuModel::find() should be compatible with Think\Model::find($options = Array) /var/www/html/kylecms/Application/Common/Model/MenuModel.class.php 第 90 行.
SQL: SHOW COLUMNS FROM `cms_menu` [ RunTime:0.0010s ]
SQL: SELECT * FROM `cms_menu` WHERE `status` <> -1 AND `type` = 1 ORDER BY listorder asc,menu_id asc  [ RunTime:0.0003s ]
NOTIC: [8] Undefined index: a /var/www/html/kylecms/Application/Common/Common/function.php 第 37 行.
NOTIC: [8] Undefined index: a /var/www/html/kylecms/Application/Common/Common/function.php 第 37 行.
NOTIC: [8] Undefined index: a /var/www/html/kylecms/Application/Common/Common/function.php 第 37 行.
NOTIC: [8] Undefined index: a /var/www/html/kylecms/Application/Common/Common/function.php 第 37 行.
NOTIC: [8] Undefined index: a /var/www/html/kylecms/Application/Common/Common/function.php 第 37 行.
INFO: Run Behavior\ParseTemplateBehavior [ RunTime:0.013730s ]
INFO: [ view_parse ] --END-- [ RunTime:0.013775s ]
INFO: [ view_filter ] --START--
INFO: Run Behavior\WriteHtmlCacheBehavior [ RunTime:0.000152s ]
INFO: [ view_filter ] --END-- [ RunTime:0.000183s ]
INFO: [ app_end ] --START--
INFO: Run Behavior\ShowPageTraceBehavior [ RunTime:0.000586s ]
INFO: [ app_end ] --END-- [ RunTime:0.000661s ]

[ 2017-01-16T10:57:53+08:00 ] 192.168.1.116 /kylecms/admin.php?c=menu
INFO: [ app_init ] --START--
INFO: Run Behavior\BuildLiteBehavior [ RunTime:0.000015s ]
INFO: [ app_init ] --END-- [ RunTime:0.000274s ]
INFO: [ app_begin ] --START--
INFO: Run Behavior\ReadHtmlCacheBehavior [ RunTime:0.000343s ]
INFO: [ app_begin ] --END-- [ RunTime:0.000379s ]
NOTIC: [8] Undefined index: p /var/www/html/kylecms/Application/Admin/Controller/MenuController.class.php 第 45 行.
NOTIC: [8] Undefined index: pageSize /var/www/html/kylecms/Application/Admin/Controller/MenuController.class.php 第 46 行.
NOTIC: [2048] Declaration of Common\Model\MenuModel::find() should be compatible with Think\Model::find($options = Array) /var/www/html/kylecms/Application/Common/Model/MenuModel.class.php 第 6 行.
SQL: SHOW COLUMNS FROM `cms_menu` [ RunTime:0.0013s ]
SQL: SELECT * FROM `cms_menu` WHERE `status` <> -1 ORDER BY listorder desc,menu_id desc LIMIT 0,10   [ RunTime:0.0002s ]
SQL: SELECT COUNT(*) AS tp_count FROM `cms_menu` WHERE `status` <> -1 LIMIT 1   [ RunTime:0.0002s ]
INFO: [ view_parse ] --START--
INFO: [ template_filter ] --START--
INFO: Run Behavior\ContentReplaceBehavior [ RunTime:0.000066s ]
INFO: [ template_filter ] --END-- [ RunTime:0.000125s ]
SQL: SELECT * FROM `cms_menu` WHERE `status` <> -1 AND `type` = 1 ORDER BY listorder asc,menu_id asc  [ RunTime:0.0005s ]
NOTIC: [8] Undefined index: a /var/www/html/kylecms/Application/Common/Common/function.php 第 37 行.
NOTIC: [8] Undefined index: a /var/www/html/kylecms/Application/Common/Common/function.php 第 37 行.
NOTIC: [8] Undefined index: a /var/www/html/kylecms/Application/Common/Common/function.php 第 37 行.
NOTIC: [8] Undefined index: a /var/www/html/kylecms/Application/Common/Common/function.php 第 37 行.
NOTIC: [8] Undefined index: a /var/www/html/kylecms/Application/Common/Common/function.php 第 37 行.
NOTIC: [8] Array to string conversion /var/www/html/kylecms/Application/Runtime/Cache/Admin/b956215329b6f9aca22277599a4efdfc.php 第 101 行.
INFO: Run Behavior\ParseTemplateBehavior [ RunTime:0.013159s ]
INFO: [ view_parse ] --END-- [ RunTime:0.013205s ]
INFO: [ view_filter ] --START--
INFO: Run Behavior\WriteHtmlCacheBehavior [ RunTime:0.000255s ]
INFO: [ view_filter ] --END-- [ RunTime:0.000401s ]
INFO: [ app_end ] --START--
INFO: Run Behavior\ShowPageTraceBehavior [ RunTime:0.000566s ]
INFO: [ app_end ] --END-- [ RunTime:0.000688s ]

[ 2017-01-16T10:57:58+08:00 ] 192.168.1.116 /kylecms/admin.php?c=menu&a=add
INFO: [ app_init ] --START--
INFO: Run Behavior\BuildLiteBehavior [ RunTime:0.000031s ]
INFO: [ app_init ] --END-- [ RunTime:0.000432s ]
INFO: [ app_begin ] --START--
INFO: Run Behavior\ReadHtmlCacheBehavior [ RunTime:0.000897s ]
INFO: [ app_begin ] --END-- [ RunTime:0.000975s ]
INFO: [ view_parse ] --START--
INFO: [ template_filter ] --START--
INFO: Run Behavior\ContentReplaceBehavior [ RunTime:0.000085s ]
INFO: [ template_filter ] --END-- [ RunTime:0.000152s ]
NOTIC: [2048] Declaration of Common\Model\MenuModel::find() should be compatible with Think\Model::find($options = Array) /var/www/html/kylecms/Application/Common/Model/MenuModel.class.php 第 6 行.
SQL: SHOW COLUMNS FROM `cms_menu` [ RunTime:0.0009s ]
SQL: SELECT * FROM `cms_menu` WHERE `status` <> -1 AND `type` = 1 ORDER BY listorder asc,menu_id asc  [ RunTime:0.0003s ]
NOTIC: [8] Undefined index: a /var/www/html/kylecms/Application/Common/Common/function.php 第 37 行.
NOTIC: [8] Undefined index: a /var/www/html/kylecms/Application/Common/Common/function.php 第 37 行.
NOTIC: [8] Undefined index: a /var/www/html/kylecms/Application/Common/Common/function.php 第 37 行.
NOTIC: [8] Undefined index: a /var/www/html/kylecms/Application/Common/Common/function.php 第 37 行.
NOTIC: [8] Undefined index: a /var/www/html/kylecms/Application/Common/Common/function.php 第 37 行.
NOTIC: [8] Undefined variable: menus /var/www/html/kylecms/Application/Runtime/Cache/Admin/31553d7bb41170a30982ff9dddd5d67e.php 第 123 行.
INFO: Run Behavior\ParseTemplateBehavior [ RunTime:0.026758s ]
INFO: [ view_parse ] --END-- [ RunTime:0.026890s ]
INFO: [ view_filter ] --START--
INFO: Run Behavior\WriteHtmlCacheBehavior [ RunTime:0.000192s ]
INFO: [ view_filter ] --END-- [ RunTime:0.000230s ]
INFO: [ app_end ] --START--
INFO: Run Behavior\ShowPageTraceBehavior [ RunTime:0.000755s ]
INFO: [ app_end ] --END-- [ RunTime:0.000817s ]

[ 2017-01-16T10:58:00+08:00 ] 192.168.1.116 /kylecms/admin.php?c=content
INFO: [ app_init ] --START--
INFO: Run Behavior\BuildLiteBehavior [ RunTime:0.000034s ]
INFO: [ app_init ] --END-- [ RunTime:0.000409s ]
INFO: [ app_begin ] --START--
INFO: Run Behavior\ReadHtmlCacheBehavior [ RunTime:0.000526s ]
INFO: [ app_begin ] --END-- [ RunTime:0.000585s ]
NOTIC: [8] Undefined index: title /var/www/html/kylecms/Application/Admin/Controller/ContentController.class.php 第 16 行.
NOTIC: [8] Undefined index: catid /var/www/html/kylecms/Application/Admin/Controller/ContentController.class.php 第 20 行.
NOTIC: [8] Undefined index: p /var/www/html/kylecms/Application/Admin/Controller/ContentController.class.php 第 23 行.
NOTIC: [2048] Declaration of Common\Model\NewsModel::find() should be compatible with Think\Model::find($options = Array) /var/www/html/kylecms/Application/Common/Model/NewsModel.class.php 第 9 行.
SQL: SHOW COLUMNS FROM `cms_news` [ RunTime:0.0026s ]
NOTIC: [8] Undefined variable: pageSize /var/www/html/kylecms/Application/Admin/Controller/ContentController.class.php 第 25 行.
SQL: SELECT * FROM `cms_news` WHERE `status` <> -1 ORDER BY listorder desc,news_id desc  [ RunTime:0.0004s ]
SQL: SELECT COUNT(*) AS tp_count FROM `cms_news` WHERE `status` <> -1 LIMIT 1   [ RunTime:0.0001s ]
NOTIC: [2048] Declaration of Common\Model\PositionModel::find() should be compatible with Think\Model::find($options = Array) /var/www/html/kylecms/Application/Common/Model/PositionModel.class.php 第 66 行.
SQL: SHOW COLUMNS FROM `cms_position` [ RunTime:0.0009s ]
SQL: SELECT * FROM `cms_position` WHERE ( status=1 ) ORDER BY create_time LIMIT 0,10   [ RunTime:0.0002s ]
NOTIC: [8] Undefined variable: pageSize /var/www/html/kylecms/Application/Admin/Controller/ContentController.class.php 第 28 行.
NOTIC: [2] Division by zero /var/www/html/kylecms/ThinkPHP/Library/Think/Page.class.php 第 84 行.
NOTIC: [2048] Declaration of Common\Model\MenuModel::find() should be compatible with Think\Model::find($options = Array) /var/www/html/kylecms/Application/Common/Model/MenuModel.class.php 第 90 行.
SQL: SHOW COLUMNS FROM `cms_menu` [ RunTime:0.0009s ]
SQL: SELECT * FROM `cms_menu` WHERE `status` = 1 AND `type` = 0 ORDER BY listorder desc,menu_id desc  [ RunTime:0.0003s ]
INFO: [ view_parse ] --START--
INFO: [ template_filter ] --START--
INFO: Run Behavior\ContentReplaceBehavior [ RunTime:0.000088s ]
INFO: [ template_filter ] --END-- [ RunTime:0.000232s ]
SQL: SELECT * FROM `cms_menu` WHERE `status` <> -1 AND `type` = 1 ORDER BY listorder asc,menu_id asc  [ RunTime:0.0004s ]
NOTIC: [8] Undefined index: a /var/www/html/kylecms/Application/Common/Common/function.php 第 37 行.
NOTIC: [8] Undefined index: a /var/www/html/kylecms/Application/Common/Common/function.php 第 37 行.
NOTIC: [8] Undefined index: a /var/www/html/kylecms/Application/Common/Common/function.php 第 37 行.
NOTIC: [8] Undefined index: a /var/www/html/kylecms/Application/Common/Common/function.php 第 37 行.
NOTIC: [8] Undefined index: a /var/www/html/kylecms/Application/Common/Common/function.php 第 37 行.
INFO: Run Behavior\ParseTemplateBehavior [ RunTime:0.016572s ]
INFO: [ view_parse ] --END-- [ RunTime:0.016616s ]
INFO: [ view_filter ] --START--
INFO: Run Behavior\WriteHtmlCacheBehavior [ RunTime:0.000194s ]
INFO: [ view_filter ] --END-- [ RunTime:0.000234s ]
INFO: [ app_end ] --START--
INFO: Run Behavior\ShowPageTraceBehavior [ RunTime:0.000587s ]
INFO: [ app_end ] --END-- [ RunTime:0.000667s ]

[ 2017-01-16T11:10:09+08:00 ] 192.168.1.116 /kylecms/admin.php?c=menu
INFO: [ app_init ] --START--
INFO: Run Behavior\BuildLiteBehavior [ RunTime:0.000089s ]
INFO: [ app_init ] --END-- [ RunTime:0.000569s ]
INFO: [ app_begin ] --START--
INFO: Run Behavior\ReadHtmlCacheBehavior [ RunTime:0.000770s ]
INFO: [ app_begin ] --END-- [ RunTime:0.000885s ]
NOTIC: [8] Undefined index: p /var/www/html/kylecms/Application/Admin/Controller/MenuController.class.php 第 45 行.
NOTIC: [8] Undefined index: pageSize /var/www/html/kylecms/Application/Admin/Controller/MenuController.class.php 第 46 行.
NOTIC: [2048] Declaration of Common\Model\MenuModel::find() should be compatible with Think\Model::find($options = Array) /var/www/html/kylecms/Application/Common/Model/MenuModel.class.php 第 6 行.
SQL: SHOW COLUMNS FROM `cms_menu` [ RunTime:0.0024s ]
SQL: SELECT * FROM `cms_menu` WHERE `status` <> -1 ORDER BY listorder desc,menu_id desc LIMIT 0,10   [ RunTime:0.0004s ]
SQL: SELECT COUNT(*) AS tp_count FROM `cms_menu` WHERE `status` <> -1 LIMIT 1   [ RunTime:0.0002s ]
INFO: [ view_parse ] --START--
INFO: [ template_filter ] --START--
INFO: Run Behavior\ContentReplaceBehavior [ RunTime:0.000117s ]
INFO: [ template_filter ] --END-- [ RunTime:0.000194s ]
SQL: SELECT * FROM `cms_menu` WHERE `status` <> -1 AND `type` = 1 ORDER BY listorder asc,menu_id asc  [ RunTime:0.0057s ]
NOTIC: [8] Undefined index: a /var/www/html/kylecms/Application/Common/Common/function.php 第 37 行.
NOTIC: [8] Undefined index: a /var/www/html/kylecms/Application/Common/Common/function.php 第 37 行.
NOTIC: [8] Undefined index: a /var/www/html/kylecms/Application/Common/Common/function.php 第 37 行.
NOTIC: [8] Undefined index: a /var/www/html/kylecms/Application/Common/Common/function.php 第 37 行.
NOTIC: [8] Undefined index: a /var/www/html/kylecms/Application/Common/Common/function.php 第 37 行.
NOTIC: [8] Array to string conversion /var/www/html/kylecms/Application/Runtime/Cache/Admin/b956215329b6f9aca22277599a4efdfc.php 第 101 行.
INFO: Run Behavior\ParseTemplateBehavior [ RunTime:0.023032s ]
INFO: [ view_parse ] --END-- [ RunTime:0.023105s ]
INFO: [ view_filter ] --START--
INFO: Run Behavior\WriteHtmlCacheBehavior [ RunTime:0.000223s ]
INFO: [ view_filter ] --END-- [ RunTime:0.000257s ]
INFO: [ app_end ] --START--
INFO: Run Behavior\ShowPageTraceBehavior [ RunTime:0.001998s ]
INFO: [ app_end ] --END-- [ RunTime:0.002124s ]

[ 2017-01-16T11:10:11+08:00 ] 192.168.1.116 /kylecms/admin.php?c=menu
INFO: [ app_init ] --START--
INFO: Run Behavior\BuildLiteBehavior [ RunTime:0.000015s ]
INFO: [ app_init ] --END-- [ RunTime:0.000285s ]
INFO: [ app_begin ] --START--
INFO: Run Behavior\ReadHtmlCacheBehavior [ RunTime:0.000377s ]
INFO: [ app_begin ] --END-- [ RunTime:0.000414s ]
NOTIC: [8] Undefined index: p /var/www/html/kylecms/Application/Admin/Controller/MenuController.class.php 第 45 行.
NOTIC: [8] Undefined index: pageSize /var/www/html/kylecms/Application/Admin/Controller/MenuController.class.php 第 46 行.
NOTIC: [2048] Declaration of Common\Model\MenuModel::find() should be compatible with Think\Model::find($options = Array) /var/www/html/kylecms/Application/Common/Model/MenuModel.class.php 第 6 行.
SQL: SHOW COLUMNS FROM `cms_menu` [ RunTime:0.0020s ]
SQL: SELECT * FROM `cms_menu` WHERE `status` <> -1 ORDER BY listorder desc,menu_id desc LIMIT 0,10   [ RunTime:0.0069s ]
SQL: SELECT COUNT(*) AS tp_count FROM `cms_menu` WHERE `status` <> -1 LIMIT 1   [ RunTime:0.0001s ]
INFO: [ view_parse ] --START--
INFO: [ template_filter ] --START--
INFO: Run Behavior\ContentReplaceBehavior [ RunTime:0.000068s ]
INFO: [ template_filter ] --END-- [ RunTime:0.000125s ]
SQL: SELECT * FROM `cms_menu` WHERE `status` <> -1 AND `type` = 1 ORDER BY listorder asc,menu_id asc  [ RunTime:0.0011s ]
NOTIC: [8] Undefined index: a /var/www/html/kylecms/Application/Common/Common/function.php 第 37 行.
NOTIC: [8] Undefined index: a /var/www/html/kylecms/Application/Common/Common/function.php 第 37 行.
NOTIC: [8] Undefined index: a /var/www/html/kylecms/Application/Common/Common/function.php 第 37 行.
NOTIC: [8] Undefined index: a /var/www/html/kylecms/Application/Common/Common/function.php 第 37 行.
NOTIC: [8] Undefined index: a /var/www/html/kylecms/Application/Common/Common/function.php 第 37 行.
NOTIC: [8] Array to string conversion /var/www/html/kylecms/Application/Runtime/Cache/Admin/b956215329b6f9aca22277599a4efdfc.php 第 101 行.
INFO: Run Behavior\ParseTemplateBehavior [ RunTime:0.014202s ]
INFO: [ view_parse ] --END-- [ RunTime:0.014260s ]
INFO: [ view_filter ] --START--
INFO: Run Behavior\WriteHtmlCacheBehavior [ RunTime:0.000235s ]
INFO: [ view_filter ] --END-- [ RunTime:0.000273s ]
INFO: [ app_end ] --START--
INFO: Run Behavior\ShowPageTraceBehavior [ RunTime:0.000639s ]
INFO: [ app_end ] --END-- [ RunTime:0.000733s ]

[ 2017-01-16T11:10:12+08:00 ] 192.168.1.116 /kylecms/admin.php?c=content
INFO: [ app_init ] --START--
INFO: Run Behavior\BuildLiteBehavior [ RunTime:0.000016s ]
INFO: [ app_init ] --END-- [ RunTime:0.000328s ]
INFO: [ app_begin ] --START--
INFO: Run Behavior\ReadHtmlCacheBehavior [ RunTime:0.000445s ]
INFO: [ app_begin ] --END-- [ RunTime:0.000488s ]
NOTIC: [8] Undefined index: title /var/www/html/kylecms/Application/Admin/Controller/ContentController.class.php 第 16 行.
NOTIC: [8] Undefined index: catid /var/www/html/kylecms/Application/Admin/Controller/ContentController.class.php 第 20 行.
NOTIC: [8] Undefined index: p /var/www/html/kylecms/Application/Admin/Controller/ContentController.class.php 第 23 行.
NOTIC: [2048] Declaration of Common\Model\NewsModel::find() should be compatible with Think\Model::find($options = Array) /var/www/html/kylecms/Application/Common/Model/NewsModel.class.php 第 9 行.
SQL: SHOW COLUMNS FROM `cms_news` [ RunTime:0.0010s ]
NOTIC: [8] Undefined variable: pageSize /var/www/html/kylecms/Application/Admin/Controller/ContentController.class.php 第 25 行.
SQL: SELECT * FROM `cms_news` WHERE `status` <> -1 ORDER BY listorder desc,news_id desc  [ RunTime:0.0052s ]
SQL: SELECT COUNT(*) AS tp_count FROM `cms_news` WHERE `status` <> -1 LIMIT 1   [ RunTime:0.0003s ]
NOTIC: [2048] Declaration of Common\Model\PositionModel::find() should be compatible with Think\Model::find($options = Array) /var/www/html/kylecms/Application/Common/Model/PositionModel.class.php 第 66 行.
SQL: SHOW COLUMNS FROM `cms_position` [ RunTime:0.0015s ]
SQL: SELECT * FROM `cms_position` WHERE ( status=1 ) ORDER BY create_time LIMIT 0,10   [ RunTime:0.0003s ]
NOTIC: [8] Undefined variable: pageSize /var/www/html/kylecms/Application/Admin/Controller/ContentController.class.php 第 28 行.
NOTIC: [2] Division by zero /var/www/html/kylecms/ThinkPHP/Library/Think/Page.class.php 第 84 行.
NOTIC: [2048] Declaration of Common\Model\MenuModel::find() should be compatible with Think\Model::find($options = Array) /var/www/html/kylecms/Application/Common/Model/MenuModel.class.php 第 90 行.
SQL: SHOW COLUMNS FROM `cms_menu` [ RunTime:0.0008s ]
SQL: SELECT * FROM `cms_menu` WHERE `status` = 1 AND `type` = 0 ORDER BY listorder desc,menu_id desc  [ RunTime:0.0002s ]
INFO: [ view_parse ] --START--
INFO: [ template_filter ] --START--
INFO: Run Behavior\ContentReplaceBehavior [ RunTime:0.000071s ]
INFO: [ template_filter ] --END-- [ RunTime:0.000130s ]
SQL: SELECT * FROM `cms_menu` WHERE `status` <> -1 AND `type` = 1 ORDER BY listorder asc,menu_id asc  [ RunTime:0.0008s ]
NOTIC: [8] Undefined index: a /var/www/html/kylecms/Application/Common/Common/function.php 第 37 行.
NOTIC: [8] Undefined index: a /var/www/html/kylecms/Application/Common/Common/function.php 第 37 行.
NOTIC: [8] Undefined index: a /var/www/html/kylecms/Application/Common/Common/function.php 第 37 行.
NOTIC: [8] Undefined index: a /var/www/html/kylecms/Application/Common/Common/function.php 第 37 行.
NOTIC: [8] Undefined index: a /var/www/html/kylecms/Application/Common/Common/function.php 第 37 行.
INFO: Run Behavior\ParseTemplateBehavior [ RunTime:0.049270s ]
INFO: [ view_parse ] --END-- [ RunTime:0.049470s ]
INFO: [ view_filter ] --START--
INFO: Run Behavior\WriteHtmlCacheBehavior [ RunTime:0.000198s ]
INFO: [ view_filter ] --END-- [ RunTime:0.000232s ]
INFO: [ app_end ] --START--
INFO: Run Behavior\ShowPageTraceBehavior [ RunTime:0.000872s ]
INFO: [ app_end ] --END-- [ RunTime:0.001084s ]

[ 2017-01-16T11:10:13+08:00 ] 192.168.1.116 /kylecms/admin.php?c=content&a=add
INFO: [ app_init ] --START--
INFO: Run Behavior\BuildLiteBehavior [ RunTime:0.000013s ]
INFO: [ app_init ] --END-- [ RunTime:0.000261s ]
INFO: [ app_begin ] --START--
INFO: Run Behavior\ReadHtmlCacheBehavior [ RunTime:0.000371s ]
INFO: [ app_begin ] --END-- [ RunTime:0.000408s ]
NOTIC: [2048] Declaration of Common\Model\MenuModel::find() should be compatible with Think\Model::find($options = Array) /var/www/html/kylecms/Application/Common/Model/MenuModel.class.php 第 6 行.
SQL: SHOW COLUMNS FROM `cms_menu` [ RunTime:0.0013s ]
SQL: SELECT * FROM `cms_menu` WHERE `status` = 1 AND `type` = 0 ORDER BY listorder desc,menu_id desc  [ RunTime:0.0003s ]
INFO: [ view_parse ] --START--
INFO: [ template_filter ] --START--
INFO: Run Behavior\ContentReplaceBehavior [ RunTime:0.000071s ]
INFO: [ template_filter ] --END-- [ RunTime:0.000131s ]
SQL: SELECT * FROM `cms_menu` WHERE `status` <> -1 AND `type` = 1 ORDER BY listorder asc,menu_id asc  [ RunTime:0.0004s ]
NOTIC: [8] Undefined index: a /var/www/html/kylecms/Application/Common/Common/function.php 第 37 行.
NOTIC: [8] Undefined index: a /var/www/html/kylecms/Application/Common/Common/function.php 第 37 行.
NOTIC: [8] Undefined index: a /var/www/html/kylecms/Application/Common/Common/function.php 第 37 行.
NOTIC: [8] Undefined index: a /var/www/html/kylecms/Application/Common/Common/function.php 第 37 行.
NOTIC: [8] Undefined index: a /var/www/html/kylecms/Application/Common/Common/function.php 第 37 行.
INFO: Run Behavior\ParseTemplateBehavior [ RunTime:0.014041s ]
INFO: [ view_parse ] --END-- [ RunTime:0.014078s ]
INFO: [ view_filter ] --START--
INFO: Run Behavior\WriteHtmlCacheBehavior [ RunTime:0.000238s ]
INFO: [ view_filter ] --END-- [ RunTime:0.000274s ]
INFO: [ app_end ] --START--
INFO: Run Behavior\ShowPageTraceBehavior [ RunTime:0.000508s ]
INFO: [ app_end ] --END-- [ RunTime:0.000589s ]

[ 2017-01-16T11:10:27+08:00 ] 192.168.1.116 /kylecms/admin.php?c=image&a=ajaxuploadimage
INFO: [ app_init ] --START--
INFO: Run Behavior\BuildLiteBehavior [ RunTime:0.000027s ]
INFO: [ app_init ] --END-- [ RunTime:0.000402s ]
INFO: [ app_begin ] --START--
INFO: Run Behavior\ReadHtmlCacheBehavior [ RunTime:0.000519s ]
INFO: [ app_begin ] --END-- [ RunTime:0.000584s ]
NOTIC: [8] Use of undefined constant Y - assumed 'Y' /var/www/html/kylecms/Application/Common/Model/UploadImageModel.class.php 第 19 行.
NOTIC: [8] Use of undefined constant m - assumed 'm' /var/www/html/kylecms/Application/Common/Model/UploadImageModel.class.php 第 19 行.
NOTIC: [8] Use of undefined constant d - assumed 'd' /var/www/html/kylecms/Application/Common/Model/UploadImageModel.class.php 第 19 行.
NOTIC: [2] call_user_func() expects parameter 1 to be a valid callback, no array or string given /var/www/html/kylecms/ThinkPHP/Library/Think/Upload.class.php 第 170 行.

[ 2017-01-16T11:11:24+08:00 ] 192.168.1.116 /kylecms/admin.php?c=content&a=add
INFO: [ app_init ] --START--
INFO: Run Behavior\BuildLiteBehavior [ RunTime:0.000019s ]
INFO: [ app_init ] --END-- [ RunTime:0.000374s ]
INFO: [ app_begin ] --START--
INFO: Run Behavior\ReadHtmlCacheBehavior [ RunTime:0.000593s ]
INFO: [ app_begin ] --END-- [ RunTime:0.000660s ]
NOTIC: [2048] Declaration of Common\Model\MenuModel::find() should be compatible with Think\Model::find($options = Array) /var/www/html/kylecms/Application/Common/Model/MenuModel.class.php 第 6 行.
SQL: SHOW COLUMNS FROM `cms_menu` [ RunTime:0.0013s ]
SQL: SELECT * FROM `cms_menu` WHERE `status` = 1 AND `type` = 0 ORDER BY listorder desc,menu_id desc  [ RunTime:0.0007s ]
INFO: [ view_parse ] --START--
INFO: [ template_filter ] --START--
INFO: Run Behavior\ContentReplaceBehavior [ RunTime:0.000159s ]
INFO: [ template_filter ] --END-- [ RunTime:0.000228s ]
SQL: SELECT * FROM `cms_menu` WHERE `status` <> -1 AND `type` = 1 ORDER BY listorder asc,menu_id asc  [ RunTime:0.0004s ]
NOTIC: [8] Undefined index: a /var/www/html/kylecms/Application/Common/Common/function.php 第 37 行.
NOTIC: [8] Undefined index: a /var/www/html/kylecms/Application/Common/Common/function.php 第 37 行.
NOTIC: [8] Undefined index: a /var/www/html/kylecms/Application/Common/Common/function.php 第 37 行.
NOTIC: [8] Undefined index: a /var/www/html/kylecms/Application/Common/Common/function.php 第 37 行.
NOTIC: [8] Undefined index: a /var/www/html/kylecms/Application/Common/Common/function.php 第 37 行.
INFO: Run Behavior\ParseTemplateBehavior [ RunTime:0.015316s ]
INFO: [ view_parse ] --END-- [ RunTime:0.015366s ]
INFO: [ view_filter ] --START--
INFO: Run Behavior\WriteHtmlCacheBehavior [ RunTime:0.000178s ]
INFO: [ view_filter ] --END-- [ RunTime:0.000270s ]
INFO: [ app_end ] --START--
INFO: Run Behavior\ShowPageTraceBehavior [ RunTime:0.000668s ]
INFO: [ app_end ] --END-- [ RunTime:0.000759s ]

[ 2017-01-16T11:11:35+08:00 ] 192.168.1.116 /kylecms/admin.php?c=image&a=ajaxuploadimage
INFO: [ app_init ] --START--
INFO: Run Behavior\BuildLiteBehavior [ RunTime:0.000056s ]
INFO: [ app_init ] --END-- [ RunTime:0.001110s ]
INFO: [ app_begin ] --START--
INFO: Run Behavior\ReadHtmlCacheBehavior [ RunTime:0.001342s ]
INFO: [ app_begin ] --END-- [ RunTime:0.001511s ]

[ 2017-01-16T11:11:41+08:00 ] 192.168.1.116 /kylecms/admin.php?c=image&a=ajaxuploadimage
INFO: [ app_init ] --START--
INFO: Run Behavior\BuildLiteBehavior [ RunTime:0.000031s ]
INFO: [ app_init ] --END-- [ RunTime:0.000522s ]
INFO: [ app_begin ] --START--
INFO: Run Behavior\ReadHtmlCacheBehavior [ RunTime:0.000713s ]
INFO: [ app_begin ] --END-- [ RunTime:0.000795s ]

[ 2017-01-16T11:12:08+08:00 ] 192.168.1.116 /kylecms/admin.php?c=content&a=add
INFO: [ app_init ] --START--
INFO: Run Behavior\BuildLiteBehavior [ RunTime:0.000015s ]
INFO: [ app_init ] --END-- [ RunTime:0.000304s ]
INFO: [ app_begin ] --START--
INFO: Run Behavior\ReadHtmlCacheBehavior [ RunTime:0.000389s ]
INFO: [ app_begin ] --END-- [ RunTime:0.000428s ]
NOTIC: [2048] Declaration of Common\Model\MenuModel::find() should be compatible with Think\Model::find($options = Array) /var/www/html/kylecms/Application/Common/Model/MenuModel.class.php 第 6 行.
SQL: SHOW COLUMNS FROM `cms_menu` [ RunTime:0.0012s ]
SQL: SELECT * FROM `cms_menu` WHERE `status` = 1 AND `type` = 0 ORDER BY listorder desc,menu_id desc  [ RunTime:0.0004s ]
INFO: [ view_parse ] --START--
INFO: [ template_filter ] --START--
INFO: Run Behavior\ContentReplaceBehavior [ RunTime:0.000132s ]
INFO: [ template_filter ] --END-- [ RunTime:0.000285s ]
SQL: SELECT * FROM `cms_menu` WHERE `status` <> -1 AND `type` = 1 ORDER BY listorder asc,menu_id asc  [ RunTime:0.0004s ]
NOTIC: [8] Undefined index: a /var/www/html/kylecms/Application/Common/Common/function.php 第 37 行.
NOTIC: [8] Undefined index: a /var/www/html/kylecms/Application/Common/Common/function.php 第 37 行.
NOTIC: [8] Undefined index: a /var/www/html/kylecms/Application/Common/Common/function.php 第 37 行.
NOTIC: [8] Undefined index: a /var/www/html/kylecms/Application/Common/Common/function.php 第 37 行.
NOTIC: [8] Undefined index: a /var/www/html/kylecms/Application/Common/Common/function.php 第 37 行.
INFO: Run Behavior\ParseTemplateBehavior [ RunTime:0.017054s ]
INFO: [ view_parse ] --END-- [ RunTime:0.017117s ]
INFO: [ view_filter ] --START--
INFO: Run Behavior\WriteHtmlCacheBehavior [ RunTime:0.000304s ]
INFO: [ view_filter ] --END-- [ RunTime:0.000354s ]
INFO: [ app_end ] --START--
INFO: Run Behavior\ShowPageTraceBehavior [ RunTime:0.000795s ]
INFO: [ app_end ] --END-- [ RunTime:0.000896s ]

[ 2017-01-16T11:12:12+08:00 ] 192.168.1.116 /kylecms/admin.php?c=image&a=ajaxuploadimage
INFO: [ app_init ] --START--
INFO: Run Behavior\BuildLiteBehavior [ RunTime:0.000047s ]
INFO: [ app_init ] --END-- [ RunTime:0.000474s ]
INFO: [ app_begin ] --START--
INFO: Run Behavior\ReadHtmlCacheBehavior [ RunTime:0.000564s ]
INFO: [ app_begin ] --END-- [ RunTime:0.000629s ]
NOTIC: [8] Use of undefined constant Y - assumed 'Y' /var/www/html/kylecms/Application/Common/Model/UploadImageModel.class.php 第 19 行.
NOTIC: [8] Use of undefined constant m - assumed 'm' /var/www/html/kylecms/Application/Common/Model/UploadImageModel.class.php 第 19 行.
NOTIC: [8] Use of undefined constant d - assumed 'd' /var/www/html/kylecms/Application/Common/Model/UploadImageModel.class.php 第 19 行.
NOTIC: [2] call_user_func() expects parameter 1 to be a valid callback, no array or string given /var/www/html/kylecms/ThinkPHP/Library/Think/Upload.class.php 第 170 行.

[ 2017-01-16T11:12:19+08:00 ] 192.168.1.116 /kylecms/admin.php?c=content&a=add
INFO: [ app_init ] --START--
INFO: Run Behavior\BuildLiteBehavior [ RunTime:0.000013s ]
INFO: [ app_init ] --END-- [ RunTime:0.000253s ]
INFO: [ app_begin ] --START--
INFO: Run Behavior\ReadHtmlCacheBehavior [ RunTime:0.000326s ]
INFO: [ app_begin ] --END-- [ RunTime:0.000360s ]
NOTIC: [8] Undefined index: news_id /var/www/html/kylecms/Application/Admin/Controller/ContentController.class.php 第 54 行.
NOTIC: [2048] Declaration of Common\Model\NewsModel::find() should be compatible with Think\Model::find($options = Array) /var/www/html/kylecms/Application/Common/Model/NewsModel.class.php 第 9 行.
SQL: SHOW COLUMNS FROM `cms_news` [ RunTime:0.0013s ]
NOTIC: [8] Use of undefined constant data - assumed 'data' /var/www/html/kylecms/Application/Common/Model/NewsModel.class.php 第 17 行.
SQL: INSERT INTO `cms_news` (`title`,`small_title`,`thumb`,`title_font_color`,`catid`,`copyfrom`,`description`,`keywords`,`create_time`,`username`) VALUES ('js定时器实时获取当前时间','js定时器实时获取当前时间','/kylecms/upload/2017/01/16/587c3a0c04556.jpg','#5674ed','9','0','js定时器实时获取当前时间','js定时器实时获取当前时间','1484536339','admin') [ RunTime:0.0331s ]
NOTIC: [2048] Declaration of Common\Model\NewsContentModel::find() should be compatible with Think\Model::find($options = Array) /var/www/html/kylecms/Application/Common/Model/NewsContentModel.class.php 第 57 行.
SQL: SHOW COLUMNS FROM `cms_content` [ RunTime:0.0068s ]
SQL: INSERT INTO `cms_content` (`content`,`news_id`,`create_time`) VALUES ('js定时器实时获取当前时间','10','1484536339') [ RunTime:0.0004s ]

[ 2017-01-16T11:12:20+08:00 ] 192.168.1.116 /kylecms/admin.php?c=content
INFO: [ app_init ] --START--
INFO: Run Behavior\BuildLiteBehavior [ RunTime:0.000013s ]
INFO: [ app_init ] --END-- [ RunTime:0.000263s ]
INFO: [ app_begin ] --START--
INFO: Run Behavior\ReadHtmlCacheBehavior [ RunTime:0.000465s ]
INFO: [ app_begin ] --END-- [ RunTime:0.000524s ]
NOTIC: [8] Undefined index: title /var/www/html/kylecms/Application/Admin/Controller/ContentController.class.php 第 16 行.
NOTIC: [8] Undefined index: catid /var/www/html/kylecms/Application/Admin/Controller/ContentController.class.php 第 20 行.
NOTIC: [8] Undefined index: p /var/www/html/kylecms/Application/Admin/Controller/ContentController.class.php 第 23 行.
NOTIC: [2048] Declaration of Common\Model\NewsModel::find() should be compatible with Think\Model::find($options = Array) /var/www/html/kylecms/Application/Common/Model/NewsModel.class.php 第 9 行.
SQL: SHOW COLUMNS FROM `cms_news` [ RunTime:0.0014s ]
NOTIC: [8] Undefined variable: pageSize /var/www/html/kylecms/Application/Admin/Controller/ContentController.class.php 第 25 行.
SQL: SELECT * FROM `cms_news` WHERE `status` <> -1 ORDER BY listorder desc,news_id desc  [ RunTime:0.0003s ]
SQL: SELECT COUNT(*) AS tp_count FROM `cms_news` WHERE `status` <> -1 LIMIT 1   [ RunTime:0.0002s ]
NOTIC: [2048] Declaration of Common\Model\PositionModel::find() should be compatible with Think\Model::find($options = Array) /var/www/html/kylecms/Application/Common/Model/PositionModel.class.php 第 66 行.
SQL: SHOW COLUMNS FROM `cms_position` [ RunTime:0.0012s ]
SQL: SELECT * FROM `cms_position` WHERE ( status=1 ) ORDER BY create_time LIMIT 0,10   [ RunTime:0.0003s ]
NOTIC: [8] Undefined variable: pageSize /var/www/html/kylecms/Application/Admin/Controller/ContentController.class.php 第 28 行.
NOTIC: [2] Division by zero /var/www/html/kylecms/ThinkPHP/Library/Think/Page.class.php 第 84 行.
NOTIC: [2048] Declaration of Common\Model\MenuModel::find() should be compatible with Think\Model::find($options = Array) /var/www/html/kylecms/Application/Common/Model/MenuModel.class.php 第 90 行.
SQL: SHOW COLUMNS FROM `cms_menu` [ RunTime:0.0010s ]
SQL: SELECT * FROM `cms_menu` WHERE `status` = 1 AND `type` = 0 ORDER BY listorder desc,menu_id desc  [ RunTime:0.0003s ]
INFO: [ view_parse ] --START--
INFO: [ template_filter ] --START--
INFO: Run Behavior\ContentReplaceBehavior [ RunTime:0.000103s ]
INFO: [ template_filter ] --END-- [ RunTime:0.000227s ]
SQL: SELECT * FROM `cms_menu` WHERE `status` <> -1 AND `type` = 1 ORDER BY listorder asc,menu_id asc  [ RunTime:0.0004s ]
NOTIC: [8] Undefined index: a /var/www/html/kylecms/Application/Common/Common/function.php 第 37 行.
NOTIC: [8] Undefined index: a /var/www/html/kylecms/Application/Common/Common/function.php 第 37 行.
NOTIC: [8] Undefined index: a /var/www/html/kylecms/Application/Common/Common/function.php 第 37 行.
NOTIC: [8] Undefined index: a /var/www/html/kylecms/Application/Common/Common/function.php 第 37 行.
NOTIC: [8] Undefined index: a /var/www/html/kylecms/Application/Common/Common/function.php 第 37 行.
INFO: Run Behavior\ParseTemplateBehavior [ RunTime:0.017695s ]
INFO: [ view_parse ] --END-- [ RunTime:0.017761s ]
INFO: [ view_filter ] --START--
INFO: Run Behavior\WriteHtmlCacheBehavior [ RunTime:0.000187s ]
INFO: [ view_filter ] --END-- [ RunTime:0.000288s ]
INFO: [ app_end ] --START--
INFO: Run Behavior\ShowPageTraceBehavior [ RunTime:0.000504s ]
INFO: [ app_end ] --END-- [ RunTime:0.000556s ]

[ 2017-01-16T13:09:05+08:00 ] 192.168.1.116 /kylecms/admin.php
INFO: [ app_init ] --START--
INFO: Run Behavior\BuildLiteBehavior [ RunTime:0.000020s ]
INFO: [ app_init ] --END-- [ RunTime:0.000997s ]
INFO: [ app_begin ] --START--
INFO: Run Behavior\ReadHtmlCacheBehavior [ RunTime:0.002511s ]
INFO: [ app_begin ] --END-- [ RunTime:0.002708s ]
INFO: [ view_parse ] --START--
INFO: [ template_filter ] --START--
INFO: Run Behavior\ContentReplaceBehavior [ RunTime:0.000064s ]
INFO: [ template_filter ] --END-- [ RunTime:0.000126s ]
NOTIC: [2048] Declaration of Common\Model\MenuModel::find() should be compatible with Think\Model::find($options = Array) /var/www/html/kylecms/Application/Common/Model/MenuModel.class.php 第 6 行.
SQL: SHOW COLUMNS FROM `cms_menu` [ RunTime:0.0157s ]
SQL: SELECT * FROM `cms_menu` WHERE `status` <> -1 AND `type` = 1 ORDER BY listorder asc,menu_id asc  [ RunTime:0.0070s ]
NOTIC: [8] Undefined index: a /var/www/html/kylecms/Application/Common/Common/function.php 第 37 行.
NOTIC: [8] Undefined index: a /var/www/html/kylecms/Application/Common/Common/function.php 第 37 行.
NOTIC: [8] Undefined index: a /var/www/html/kylecms/Application/Common/Common/function.php 第 37 行.
NOTIC: [8] Undefined index: a /var/www/html/kylecms/Application/Common/Common/function.php 第 37 行.
NOTIC: [8] Undefined index: a /var/www/html/kylecms/Application/Common/Common/function.php 第 37 行.
INFO: Run Behavior\ParseTemplateBehavior [ RunTime:0.188938s ]
INFO: [ view_parse ] --END-- [ RunTime:0.188997s ]
INFO: [ view_filter ] --START--
INFO: Run Behavior\WriteHtmlCacheBehavior [ RunTime:0.000438s ]
INFO: [ view_filter ] --END-- [ RunTime:0.001272s ]
INFO: [ app_end ] --START--
INFO: Run Behavior\ShowPageTraceBehavior [ RunTime:0.005052s ]
INFO: [ app_end ] --END-- [ RunTime:0.017775s ]

[ 2017-01-16T13:09:06+08:00 ] 192.168.1.116 /kylecms/admin.php?c=basic
INFO: [ app_init ] --START--
INFO: Run Behavior\BuildLiteBehavior [ RunTime:0.000029s ]
INFO: [ app_init ] --END-- [ RunTime:0.000655s ]
INFO: [ app_begin ] --START--
INFO: Run Behavior\ReadHtmlCacheBehavior [ RunTime:0.000391s ]
INFO: [ app_begin ] --END-- [ RunTime:0.000427s ]
NOTIC: [2048] Declaration of Common\Model\BasicModel::save() should be compatible with Think\Model::save($data = '', $options = Array) /var/www/html/kylecms/Application/Common/Model/BasicModel.class.php 第 5 行.
NOTIC: [2048] Declaration of Common\Model\BasicModel::select() should be compatible with Think\Model::select($options = Array) /var/www/html/kylecms/Application/Common/Model/BasicModel.class.php 第 5 行.
INFO: [ view_parse ] --START--
INFO: [ template_filter ] --START--
INFO: Run Behavior\ContentReplaceBehavior [ RunTime:0.000063s ]
INFO: [ template_filter ] --END-- [ RunTime:0.000141s ]
NOTIC: [2048] Declaration of Common\Model\MenuModel::find() should be compatible with Think\Model::find($options = Array) /var/www/html/kylecms/Application/Common/Model/MenuModel.class.php 第 90 行.
SQL: SHOW COLUMNS FROM `cms_menu` [ RunTime:0.0008s ]
SQL: SELECT * FROM `cms_menu` WHERE `status` <> -1 AND `type` = 1 ORDER BY listorder asc,menu_id asc  [ RunTime:0.0004s ]
NOTIC: [8] Undefined index: a /var/www/html/kylecms/Application/Common/Common/function.php 第 37 行.
NOTIC: [8] Undefined index: a /var/www/html/kylecms/Application/Common/Common/function.php 第 37 行.
NOTIC: [8] Undefined index: a /var/www/html/kylecms/Application/Common/Common/function.php 第 37 行.
NOTIC: [8] Undefined index: a /var/www/html/kylecms/Application/Common/Common/function.php 第 37 行.
NOTIC: [8] Undefined index: a /var/www/html/kylecms/Application/Common/Common/function.php 第 37 行.
INFO: Run Behavior\ParseTemplateBehavior [ RunTime:0.021283s ]
INFO: [ view_parse ] --END-- [ RunTime:0.021345s ]
INFO: [ view_filter ] --START--
INFO: Run Behavior\WriteHtmlCacheBehavior [ RunTime:0.000207s ]
INFO: [ view_filter ] --END-- [ RunTime:0.000289s ]
INFO: [ app_end ] --START--
INFO: Run Behavior\ShowPageTraceBehavior [ RunTime:0.000498s ]
INFO: [ app_end ] --END-- [ RunTime:0.000535s ]

[ 2017-01-16T13:09:13+08:00 ] 192.168.1.116 /kylecms/admin.php?c=menu
INFO: [ app_init ] --START--
INFO: Run Behavior\BuildLiteBehavior [ RunTime:0.000022s ]
INFO: [ app_init ] --END-- [ RunTime:0.002158s ]
INFO: [ app_begin ] --START--
INFO: Run Behavior\ReadHtmlCacheBehavior [ RunTime:0.002930s ]
INFO: [ app_begin ] --END-- [ RunTime:0.004064s ]
NOTIC: [8] Undefined index: p /var/www/html/kylecms/Application/Admin/Controller/MenuController.class.php 第 45 行.
NOTIC: [8] Undefined index: pageSize /var/www/html/kylecms/Application/Admin/Controller/MenuController.class.php 第 46 行.
NOTIC: [2048] Declaration of Common\Model\MenuModel::find() should be compatible with Think\Model::find($options = Array) /var/www/html/kylecms/Application/Common/Model/MenuModel.class.php 第 6 行.
SQL: SHOW COLUMNS FROM `cms_menu` [ RunTime:0.0008s ]
SQL: SELECT * FROM `cms_menu` WHERE `status` <> -1 ORDER BY listorder desc,menu_id desc LIMIT 0,10   [ RunTime:0.0004s ]
SQL: SELECT COUNT(*) AS tp_count FROM `cms_menu` WHERE `status` <> -1 LIMIT 1   [ RunTime:0.0027s ]
INFO: [ view_parse ] --START--
INFO: [ template_filter ] --START--
INFO: Run Behavior\ContentReplaceBehavior [ RunTime:0.000070s ]
INFO: [ template_filter ] --END-- [ RunTime:0.000127s ]
SQL: SELECT * FROM `cms_menu` WHERE `status` <> -1 AND `type` = 1 ORDER BY listorder asc,menu_id asc  [ RunTime:0.0004s ]
NOTIC: [8] Undefined index: a /var/www/html/kylecms/Application/Common/Common/function.php 第 37 行.
NOTIC: [8] Undefined index: a /var/www/html/kylecms/Application/Common/Common/function.php 第 37 行.
NOTIC: [8] Undefined index: a /var/www/html/kylecms/Application/Common/Common/function.php 第 37 行.
NOTIC: [8] Undefined index: a /var/www/html/kylecms/Application/Common/Common/function.php 第 37 行.
NOTIC: [8] Undefined index: a /var/www/html/kylecms/Application/Common/Common/function.php 第 37 行.
NOTIC: [8] Array to string conversion /var/www/html/kylecms/Application/Runtime/Cache/Admin/b956215329b6f9aca22277599a4efdfc.php 第 101 行.
INFO: Run Behavior\ParseTemplateBehavior [ RunTime:0.044584s ]
INFO: [ view_parse ] --END-- [ RunTime:0.044802s ]
INFO: [ view_filter ] --START--
INFO: Run Behavior\WriteHtmlCacheBehavior [ RunTime:0.003500s ]
INFO: [ view_filter ] --END-- [ RunTime:0.003620s ]
INFO: [ app_end ] --START--
INFO: Run Behavior\ShowPageTraceBehavior [ RunTime:0.001224s ]
INFO: [ app_end ] --END-- [ RunTime:0.001338s ]

[ 2017-01-16T13:09:14+08:00 ] 192.168.1.116 /kylecms/admin.php?c=basic
INFO: [ app_init ] --START--
INFO: Run Behavior\BuildLiteBehavior [ RunTime:0.000013s ]
INFO: [ app_init ] --END-- [ RunTime:0.000262s ]
INFO: [ app_begin ] --START--
INFO: Run Behavior\ReadHtmlCacheBehavior [ RunTime:0.000338s ]
INFO: [ app_begin ] --END-- [ RunTime:0.000377s ]
NOTIC: [2048] Declaration of Common\Model\BasicModel::save() should be compatible with Think\Model::save($data = '', $options = Array) /var/www/html/kylecms/Application/Common/Model/BasicModel.class.php 第 5 行.
NOTIC: [2048] Declaration of Common\Model\BasicModel::select() should be compatible with Think\Model::select($options = Array) /var/www/html/kylecms/Application/Common/Model/BasicModel.class.php 第 5 行.
INFO: [ view_parse ] --START--
INFO: [ template_filter ] --START--
INFO: Run Behavior\ContentReplaceBehavior [ RunTime:0.000138s ]
INFO: [ template_filter ] --END-- [ RunTime:0.000209s ]
NOTIC: [2048] Declaration of Common\Model\MenuModel::find() should be compatible with Think\Model::find($options = Array) /var/www/html/kylecms/Application/Common/Model/MenuModel.class.php 第 90 行.
SQL: SHOW COLUMNS FROM `cms_menu` [ RunTime:0.0011s ]
SQL: SELECT * FROM `cms_menu` WHERE `status` <> -1 AND `type` = 1 ORDER BY listorder asc,menu_id asc  [ RunTime:0.0003s ]
NOTIC: [8] Undefined index: a /var/www/html/kylecms/Application/Common/Common/function.php 第 37 行.
NOTIC: [8] Undefined index: a /var/www/html/kylecms/Application/Common/Common/function.php 第 37 行.
NOTIC: [8] Undefined index: a /var/www/html/kylecms/Application/Common/Common/function.php 第 37 行.
NOTIC: [8] Undefined index: a /var/www/html/kylecms/Application/Common/Common/function.php 第 37 行.
NOTIC: [8] Undefined index: a /var/www/html/kylecms/Application/Common/Common/function.php 第 37 行.
INFO: Run Behavior\ParseTemplateBehavior [ RunTime:0.015877s ]
INFO: [ view_parse ] --END-- [ RunTime:0.015915s ]
INFO: [ view_filter ] --START--
INFO: Run Behavior\WriteHtmlCacheBehavior [ RunTime:0.000379s ]
INFO: [ view_filter ] --END-- [ RunTime:0.000453s ]
INFO: [ app_end ] --START--
INFO: Run Behavior\ShowPageTraceBehavior [ RunTime:0.000500s ]
INFO: [ app_end ] --END-- [ RunTime:0.000538s ]

[ 2017-01-16T13:09:16+08:00 ] 192.168.1.116 /kylecms/admin.php?c=basic
INFO: [ app_init ] --START--
INFO: Run Behavior\BuildLiteBehavior [ RunTime:0.000028s ]
INFO: [ app_init ] --END-- [ RunTime:0.000897s ]
INFO: [ app_begin ] --START--
INFO: Run Behavior\ReadHtmlCacheBehavior [ RunTime:0.000478s ]
INFO: [ app_begin ] --END-- [ RunTime:0.000549s ]
NOTIC: [2048] Declaration of Common\Model\BasicModel::save() should be compatible with Think\Model::save($data = '', $options = Array) /var/www/html/kylecms/Application/Common/Model/BasicModel.class.php 第 5 行.
NOTIC: [2048] Declaration of Common\Model\BasicModel::select() should be compatible with Think\Model::select($options = Array) /var/www/html/kylecms/Application/Common/Model/BasicModel.class.php 第 5 行.
INFO: [ view_parse ] --START--
INFO: [ template_filter ] --START--
INFO: Run Behavior\ContentReplaceBehavior [ RunTime:0.000072s ]
INFO: [ template_filter ] --END-- [ RunTime:0.000148s ]
NOTIC: [2048] Declaration of Common\Model\MenuModel::find() should be compatible with Think\Model::find($options = Array) /var/www/html/kylecms/Application/Common/Model/MenuModel.class.php 第 90 行.
SQL: SHOW COLUMNS FROM `cms_menu` [ RunTime:0.0008s ]
SQL: SELECT * FROM `cms_menu` WHERE `status` <> -1 AND `type` = 1 ORDER BY listorder asc,menu_id asc  [ RunTime:0.0002s ]
NOTIC: [8] Undefined index: a /var/www/html/kylecms/Application/Common/Common/function.php 第 37 行.
NOTIC: [8] Undefined index: a /var/www/html/kylecms/Application/Common/Common/function.php 第 37 行.
NOTIC: [8] Undefined index: a /var/www/html/kylecms/Application/Common/Common/function.php 第 37 行.
NOTIC: [8] Undefined index: a /var/www/html/kylecms/Application/Common/Common/function.php 第 37 行.
NOTIC: [8] Undefined index: a /var/www/html/kylecms/Application/Common/Common/function.php 第 37 行.
INFO: Run Behavior\ParseTemplateBehavior [ RunTime:0.016619s ]
INFO: [ view_parse ] --END-- [ RunTime:0.016657s ]
INFO: [ view_filter ] --START--
INFO: Run Behavior\WriteHtmlCacheBehavior [ RunTime:0.000187s ]
INFO: [ view_filter ] --END-- [ RunTime:0.000219s ]
INFO: [ app_end ] --START--
INFO: Run Behavior\ShowPageTraceBehavior [ RunTime:0.000445s ]
INFO: [ app_end ] --END-- [ RunTime:0.000481s ]

[ 2017-01-16T13:09:17+08:00 ] 192.168.1.116 /kylecms/admin.php?c=menu
INFO: [ app_init ] --START--
INFO: Run Behavior\BuildLiteBehavior [ RunTime:0.000025s ]
INFO: [ app_init ] --END-- [ RunTime:0.002264s ]
INFO: [ app_begin ] --START--
INFO: Run Behavior\ReadHtmlCacheBehavior [ RunTime:0.000440s ]
INFO: [ app_begin ] --END-- [ RunTime:0.000550s ]
NOTIC: [8] Undefined index: p /var/www/html/kylecms/Application/Admin/Controller/MenuController.class.php 第 45 行.
NOTIC: [8] Undefined index: pageSize /var/www/html/kylecms/Application/Admin/Controller/MenuController.class.php 第 46 行.
NOTIC: [2048] Declaration of Common\Model\MenuModel::find() should be compatible with Think\Model::find($options = Array) /var/www/html/kylecms/Application/Common/Model/MenuModel.class.php 第 6 行.
SQL: SHOW COLUMNS FROM `cms_menu` [ RunTime:0.0012s ]
SQL: SELECT * FROM `cms_menu` WHERE `status` <> -1 ORDER BY listorder desc,menu_id desc LIMIT 0,10   [ RunTime:0.0002s ]
SQL: SELECT COUNT(*) AS tp_count FROM `cms_menu` WHERE `status` <> -1 LIMIT 1   [ RunTime:0.0003s ]
INFO: [ view_parse ] --START--
INFO: [ template_filter ] --START--
INFO: Run Behavior\ContentReplaceBehavior [ RunTime:0.000073s ]
INFO: [ template_filter ] --END-- [ RunTime:0.000166s ]
SQL: SELECT * FROM `cms_menu` WHERE `status` <> -1 AND `type` = 1 ORDER BY listorder asc,menu_id asc  [ RunTime:0.0005s ]
NOTIC: [8] Undefined index: a /var/www/html/kylecms/Application/Common/Common/function.php 第 37 行.
NOTIC: [8] Undefined index: a /var/www/html/kylecms/Application/Common/Common/function.php 第 37 行.
NOTIC: [8] Undefined index: a /var/www/html/kylecms/Application/Common/Common/function.php 第 37 行.
NOTIC: [8] Undefined index: a /var/www/html/kylecms/Application/Common/Common/function.php 第 37 行.
NOTIC: [8] Undefined index: a /var/www/html/kylecms/Application/Common/Common/function.php 第 37 行.
NOTIC: [8] Array to string conversion /var/www/html/kylecms/Application/Runtime/Cache/Admin/b956215329b6f9aca22277599a4efdfc.php 第 101 行.
INFO: Run Behavior\ParseTemplateBehavior [ RunTime:0.047092s ]
INFO: [ view_parse ] --END-- [ RunTime:0.047133s ]
INFO: [ view_filter ] --START--
INFO: Run Behavior\WriteHtmlCacheBehavior [ RunTime:0.000680s ]
INFO: [ view_filter ] --END-- [ RunTime:0.000717s ]
INFO: [ app_end ] --START--
INFO: Run Behavior\ShowPageTraceBehavior [ RunTime:0.002227s ]
INFO: [ app_end ] --END-- [ RunTime:0.002340s ]

[ 2017-01-16T13:10:05+08:00 ] 192.168.1.116 /kylecms/admin.php?c=basic
INFO: [ app_init ] --START--
INFO: Run Behavior\BuildLiteBehavior [ RunTime:0.000019s ]
INFO: [ app_init ] --END-- [ RunTime:0.000477s ]
INFO: [ app_begin ] --START--
INFO: Run Behavior\ReadHtmlCacheBehavior [ RunTime:0.002672s ]
INFO: [ app_begin ] --END-- [ RunTime:0.003613s ]
NOTIC: [2048] Declaration of Common\Model\BasicModel::save() should be compatible with Think\Model::save($data = '', $options = Array) /var/www/html/kylecms/Application/Common/Model/BasicModel.class.php 第 5 行.
NOTIC: [2048] Declaration of Common\Model\BasicModel::select() should be compatible with Think\Model::select($options = Array) /var/www/html/kylecms/Application/Common/Model/BasicModel.class.php 第 5 行.
INFO: [ view_parse ] --START--
INFO: [ template_filter ] --START--
INFO: Run Behavior\ContentReplaceBehavior [ RunTime:0.000071s ]
INFO: [ template_filter ] --END-- [ RunTime:0.000150s ]
NOTIC: [2048] Declaration of Common\Model\MenuModel::find() should be compatible with Think\Model::find($options = Array) /var/www/html/kylecms/Application/Common/Model/MenuModel.class.php 第 90 行.
SQL: SHOW COLUMNS FROM `cms_menu` [ RunTime:0.0016s ]
SQL: SELECT * FROM `cms_menu` WHERE `status` <> -1 AND `type` = 1 ORDER BY listorder asc,menu_id asc  [ RunTime:0.0004s ]
NOTIC: [8] Undefined index: a /var/www/html/kylecms/Application/Common/Common/function.php 第 37 行.
NOTIC: [8] Undefined index: a /var/www/html/kylecms/Application/Common/Common/function.php 第 37 行.
NOTIC: [8] Undefined index: a /var/www/html/kylecms/Application/Common/Common/function.php 第 37 行.
NOTIC: [8] Undefined index: a /var/www/html/kylecms/Application/Common/Common/function.php 第 37 行.
NOTIC: [8] Undefined index: a /var/www/html/kylecms/Application/Common/Common/function.php 第 37 行.
INFO: Run Behavior\ParseTemplateBehavior [ RunTime:0.046772s ]
INFO: [ view_parse ] --END-- [ RunTime:0.046814s ]
INFO: [ view_filter ] --START--
INFO: Run Behavior\WriteHtmlCacheBehavior [ RunTime:0.000219s ]
INFO: [ view_filter ] --END-- [ RunTime:0.000252s ]
INFO: [ app_end ] --START--
INFO: Run Behavior\ShowPageTraceBehavior [ RunTime:0.001122s ]
INFO: [ app_end ] --END-- [ RunTime:0.001205s ]

[ 2017-01-16T13:10:07+08:00 ] 192.168.1.116 /kylecms/admin.php?c=menu
INFO: [ app_init ] --START--
INFO: Run Behavior\BuildLiteBehavior [ RunTime:0.000013s ]
INFO: [ app_init ] --END-- [ RunTime:0.000256s ]
INFO: [ app_begin ] --START--
INFO: Run Behavior\ReadHtmlCacheBehavior [ RunTime:0.000340s ]
INFO: [ app_begin ] --END-- [ RunTime:0.000378s ]
NOTIC: [8] Undefined index: p /var/www/html/kylecms/Application/Admin/Controller/MenuController.class.php 第 45 行.
NOTIC: [8] Undefined index: pageSize /var/www/html/kylecms/Application/Admin/Controller/MenuController.class.php 第 46 行.
NOTIC: [2048] Declaration of Common\Model\MenuModel::find() should be compatible with Think\Model::find($options = Array) /var/www/html/kylecms/Application/Common/Model/MenuModel.class.php 第 6 行.
SQL: SHOW COLUMNS FROM `cms_menu` [ RunTime:0.0008s ]
SQL: SELECT * FROM `cms_menu` WHERE `status` <> -1 ORDER BY listorder desc,menu_id desc LIMIT 0,10   [ RunTime:0.0003s ]
SQL: SELECT COUNT(*) AS tp_count FROM `cms_menu` WHERE `status` <> -1 LIMIT 1   [ RunTime:0.0001s ]
INFO: [ view_parse ] --START--
INFO: [ template_filter ] --START--
INFO: Run Behavior\ContentReplaceBehavior [ RunTime:0.000066s ]
INFO: [ template_filter ] --END-- [ RunTime:0.000122s ]
SQL: SELECT * FROM `cms_menu` WHERE `status` <> -1 AND `type` = 1 ORDER BY listorder asc,menu_id asc  [ RunTime:0.0004s ]
NOTIC: [8] Undefined index: a /var/www/html/kylecms/Application/Common/Common/function.php 第 37 行.
NOTIC: [8] Undefined index: a /var/www/html/kylecms/Application/Common/Common/function.php 第 37 行.
NOTIC: [8] Undefined index: a /var/www/html/kylecms/Application/Common/Common/function.php 第 37 行.
NOTIC: [8] Undefined index: a /var/www/html/kylecms/Application/Common/Common/function.php 第 37 行.
NOTIC: [8] Undefined index: a /var/www/html/kylecms/Application/Common/Common/function.php 第 37 行.
NOTIC: [8] Array to string conversion /var/www/html/kylecms/Application/Runtime/Cache/Admin/b956215329b6f9aca22277599a4efdfc.php 第 101 行.
INFO: Run Behavior\ParseTemplateBehavior [ RunTime:0.020774s ]
INFO: [ view_parse ] --END-- [ RunTime:0.020871s ]
INFO: [ view_filter ] --START--
INFO: Run Behavior\WriteHtmlCacheBehavior [ RunTime:0.000336s ]
INFO: [ view_filter ] --END-- [ RunTime:0.000386s ]
INFO: [ app_end ] --START--
INFO: Run Behavior\ShowPageTraceBehavior [ RunTime:0.001052s ]
INFO: [ app_end ] --END-- [ RunTime:0.001146s ]

[ 2017-01-16T13:10:12+08:00 ] 192.168.1.116 /kylecms/admin.php?c=menu&a=edit&id=8
INFO: [ app_init ] --START--
INFO: Run Behavior\BuildLiteBehavior [ RunTime:0.000019s ]
INFO: [ app_init ] --END-- [ RunTime:0.000419s ]
INFO: [ app_begin ] --START--
INFO: Run Behavior\ReadHtmlCacheBehavior [ RunTime:0.000543s ]
INFO: [ app_begin ] --END-- [ RunTime:0.000604s ]
NOTIC: [2048] Declaration of Common\Model\MenuModel::find() should be compatible with Think\Model::find($options = Array) /var/www/html/kylecms/Application/Common/Model/MenuModel.class.php 第 6 行.
SQL: SHOW COLUMNS FROM `cms_menu` [ RunTime:0.0008s ]
SQL: SELECT * FROM `cms_menu` WHERE ( menu_id=8 ) LIMIT 1   [ RunTime:0.0033s ]
INFO: [ view_parse ] --START--
INFO: [ template_filter ] --START--
INFO: Run Behavior\ContentReplaceBehavior [ RunTime:0.000107s ]
INFO: [ template_filter ] --END-- [ RunTime:0.000185s ]
SQL: SELECT * FROM `cms_menu` WHERE `status` <> -1 AND `type` = 1 ORDER BY listorder asc,menu_id asc  [ RunTime:0.0004s ]
NOTIC: [8] Undefined index: a /var/www/html/kylecms/Application/Common/Common/function.php 第 37 行.
NOTIC: [8] Undefined index: a /var/www/html/kylecms/Application/Common/Common/function.php 第 37 行.
NOTIC: [8] Undefined index: a /var/www/html/kylecms/Application/Common/Common/function.php 第 37 行.
NOTIC: [8] Undefined index: a /var/www/html/kylecms/Application/Common/Common/function.php 第 37 行.
NOTIC: [8] Undefined index: a /var/www/html/kylecms/Application/Common/Common/function.php 第 37 行.
NOTIC: [8] Undefined variable: menus /var/www/html/kylecms/Application/Runtime/Cache/Admin/a77aa83c121d51b6cd699ea2b65451f6.php 第 123 行.
INFO: Run Behavior\ParseTemplateBehavior [ RunTime:0.061124s ]
INFO: [ view_parse ] --END-- [ RunTime:0.061171s ]
INFO: [ view_filter ] --START--
INFO: Run Behavior\WriteHtmlCacheBehavior [ RunTime:0.000228s ]
INFO: [ view_filter ] --END-- [ RunTime:0.000262s ]
INFO: [ app_end ] --START--
INFO: Run Behavior\ShowPageTraceBehavior [ RunTime:0.004388s ]
INFO: [ app_end ] --END-- [ RunTime:0.004464s ]

[ 2017-01-16T13:35:44+08:00 ] 192.168.1.116 /kylecms/admin.php?c=basic
INFO: [ app_init ] --START--
INFO: Run Behavior\BuildLiteBehavior [ RunTime:0.000270s ]
INFO: [ app_init ] --END-- [ RunTime:0.000615s ]
INFO: [ app_begin ] --START--
INFO: Run Behavior\ReadHtmlCacheBehavior [ RunTime:0.000440s ]
INFO: [ app_begin ] --END-- [ RunTime:0.000482s ]
NOTIC: [2048] Declaration of Common\Model\BasicModel::save() should be compatible with Think\Model::save($data = '', $options = Array) /var/www/html/kylecms/Application/Common/Model/BasicModel.class.php 第 5 行.
NOTIC: [2048] Declaration of Common\Model\BasicModel::select() should be compatible with Think\Model::select($options = Array) /var/www/html/kylecms/Application/Common/Model/BasicModel.class.php 第 5 行.
INFO: [ view_parse ] --START--
INFO: [ template_filter ] --START--
INFO: Run Behavior\ContentReplaceBehavior [ RunTime:0.000049s ]
INFO: [ template_filter ] --END-- [ RunTime:0.000095s ]
NOTIC: [2048] Declaration of Common\Model\MenuModel::find() should be compatible with Think\Model::find($options = Array) /var/www/html/kylecms/Application/Common/Model/MenuModel.class.php 第 90 行.
SQL: SHOW COLUMNS FROM `cms_menu` [ RunTime:0.0025s ]
SQL: SELECT * FROM `cms_menu` WHERE `status` <> -1 AND `type` = 1 ORDER BY listorder asc,menu_id asc  [ RunTime:0.0009s ]
NOTIC: [8] Undefined index: a /var/www/html/kylecms/Application/Common/Common/function.php 第 37 行.
NOTIC: [8] Undefined index: a /var/www/html/kylecms/Application/Common/Common/function.php 第 37 行.
NOTIC: [8] Undefined index: a /var/www/html/kylecms/Application/Common/Common/function.php 第 37 行.
NOTIC: [8] Undefined index: a /var/www/html/kylecms/Application/Common/Common/function.php 第 37 行.
NOTIC: [8] Undefined index: a /var/www/html/kylecms/Application/Common/Common/function.php 第 37 行.
INFO: Run Behavior\ParseTemplateBehavior [ RunTime:0.043600s ]
INFO: [ view_parse ] --END-- [ RunTime:0.043658s ]
INFO: [ view_filter ] --START--
INFO: Run Behavior\WriteHtmlCacheBehavior [ RunTime:0.000704s ]
INFO: [ view_filter ] --END-- [ RunTime:0.000776s ]
INFO: [ app_end ] --START--
INFO: Run Behavior\ShowPageTraceBehavior [ RunTime:0.000591s ]
INFO: [ app_end ] --END-- [ RunTime:0.000630s ]

[ 2017-01-16T13:38:21+08:00 ] 192.168.1.116 /kylecms/admin.php?c=menu
INFO: [ app_init ] --START--
INFO: Run Behavior\BuildLiteBehavior [ RunTime:0.000014s ]
INFO: [ app_init ] --END-- [ RunTime:0.000334s ]
INFO: [ app_begin ] --START--
INFO: Run Behavior\ReadHtmlCacheBehavior [ RunTime:0.000415s ]
INFO: [ app_begin ] --END-- [ RunTime:0.000454s ]
NOTIC: [8] Undefined index: p /var/www/html/kylecms/Application/Admin/Controller/MenuController.class.php 第 45 行.
NOTIC: [8] Undefined index: pageSize /var/www/html/kylecms/Application/Admin/Controller/MenuController.class.php 第 46 行.
NOTIC: [2048] Declaration of Common\Model\MenuModel::find() should be compatible with Think\Model::find($options = Array) /var/www/html/kylecms/Application/Common/Model/MenuModel.class.php 第 6 行.
SQL: SHOW COLUMNS FROM `cms_menu` [ RunTime:0.0028s ]
SQL: SELECT * FROM `cms_menu` WHERE `status` <> -1 ORDER BY listorder desc,menu_id desc LIMIT 0,10   [ RunTime:0.0003s ]
SQL: SELECT COUNT(*) AS tp_count FROM `cms_menu` WHERE `status` <> -1 LIMIT 1   [ RunTime:0.0002s ]
INFO: [ view_parse ] --START--
INFO: [ template_filter ] --START--
INFO: Run Behavior\ContentReplaceBehavior [ RunTime:0.000094s ]
INFO: [ template_filter ] --END-- [ RunTime:0.000159s ]
SQL: SELECT * FROM `cms_menu` WHERE `status` <> -1 AND `type` = 1 ORDER BY listorder asc,menu_id asc  [ RunTime:0.0047s ]
NOTIC: [8] Undefined index: a /var/www/html/kylecms/Application/Common/Common/function.php 第 37 行.
NOTIC: [8] Undefined index: a /var/www/html/kylecms/Application/Common/Common/function.php 第 37 行.
NOTIC: [8] Undefined index: a /var/www/html/kylecms/Application/Common/Common/function.php 第 37 行.
NOTIC: [8] Undefined index: a /var/www/html/kylecms/Application/Common/Common/function.php 第 37 行.
NOTIC: [8] Undefined index: a /var/www/html/kylecms/Application/Common/Common/function.php 第 37 行.
NOTIC: [8] Array to string conversion /var/www/html/kylecms/Application/Runtime/Cache/Admin/b956215329b6f9aca22277599a4efdfc.php 第 101 行.
INFO: Run Behavior\ParseTemplateBehavior [ RunTime:0.018296s ]
INFO: [ view_parse ] --END-- [ RunTime:0.018334s ]
INFO: [ view_filter ] --START--
INFO: Run Behavior\WriteHtmlCacheBehavior [ RunTime:0.000182s ]
INFO: [ view_filter ] --END-- [ RunTime:0.000212s ]
INFO: [ app_end ] --START--
INFO: Run Behavior\ShowPageTraceBehavior [ RunTime:0.000647s ]
INFO: [ app_end ] --END-- [ RunTime:0.000726s ]

[ 2017-01-16T13:38:22+08:00 ] 192.168.1.116 /kylecms/admin.php?c=content
INFO: [ app_init ] --START--
INFO: Run Behavior\BuildLiteBehavior [ RunTime:0.000056s ]
INFO: [ app_init ] --END-- [ RunTime:0.000315s ]
INFO: [ app_begin ] --START--
INFO: Run Behavior\ReadHtmlCacheBehavior [ RunTime:0.000331s ]
INFO: [ app_begin ] --END-- [ RunTime:0.000367s ]
NOTIC: [8] Undefined index: title /var/www/html/kylecms/Application/Admin/Controller/ContentController.class.php 第 16 行.
NOTIC: [8] Undefined index: catid /var/www/html/kylecms/Application/Admin/Controller/ContentController.class.php 第 20 行.
NOTIC: [8] Undefined index: p /var/www/html/kylecms/Application/Admin/Controller/ContentController.class.php 第 23 行.
NOTIC: [2048] Declaration of Common\Model\NewsModel::find() should be compatible with Think\Model::find($options = Array) /var/www/html/kylecms/Application/Common/Model/NewsModel.class.php 第 9 行.
SQL: SHOW COLUMNS FROM `cms_news` [ RunTime:0.0010s ]
NOTIC: [8] Undefined variable: pageSize /var/www/html/kylecms/Application/Admin/Controller/ContentController.class.php 第 25 行.
SQL: SELECT * FROM `cms_news` WHERE `status` <> -1 ORDER BY listorder desc,news_id desc  [ RunTime:0.0008s ]
SQL: SELECT COUNT(*) AS tp_count FROM `cms_news` WHERE `status` <> -1 LIMIT 1   [ RunTime:0.0002s ]
NOTIC: [2048] Declaration of Common\Model\PositionModel::find() should be compatible with Think\Model::find($options = Array) /var/www/html/kylecms/Application/Common/Model/PositionModel.class.php 第 66 行.
SQL: SHOW COLUMNS FROM `cms_position` [ RunTime:0.0009s ]
SQL: SELECT * FROM `cms_position` WHERE ( status=1 ) ORDER BY create_time LIMIT 0,10   [ RunTime:0.0003s ]
NOTIC: [8] Undefined variable: pageSize /var/www/html/kylecms/Application/Admin/Controller/ContentController.class.php 第 28 行.
NOTIC: [2] Division by zero /var/www/html/kylecms/ThinkPHP/Library/Think/Page.class.php 第 84 行.
NOTIC: [2048] Declaration of Common\Model\MenuModel::find() should be compatible with Think\Model::find($options = Array) /var/www/html/kylecms/Application/Common/Model/MenuModel.class.php 第 90 行.
SQL: SHOW COLUMNS FROM `cms_menu` [ RunTime:0.0009s ]
SQL: SELECT * FROM `cms_menu` WHERE `status` = 1 AND `type` = 0 ORDER BY listorder desc,menu_id desc  [ RunTime:0.0002s ]
INFO: [ view_parse ] --START--
INFO: [ template_filter ] --START--
INFO: Run Behavior\ContentReplaceBehavior [ RunTime:0.000077s ]
INFO: [ template_filter ] --END-- [ RunTime:0.000139s ]
SQL: SELECT * FROM `cms_menu` WHERE `status` <> -1 AND `type` = 1 ORDER BY listorder asc,menu_id asc  [ RunTime:0.0007s ]
NOTIC: [8] Undefined index: a /var/www/html/kylecms/Application/Common/Common/function.php 第 37 行.
NOTIC: [8] Undefined index: a /var/www/html/kylecms/Application/Common/Common/function.php 第 37 行.
NOTIC: [8] Undefined index: a /var/www/html/kylecms/Application/Common/Common/function.php 第 37 行.
NOTIC: [8] Undefined index: a /var/www/html/kylecms/Application/Common/Common/function.php 第 37 行.
NOTIC: [8] Undefined index: a /var/www/html/kylecms/Application/Common/Common/function.php 第 37 行.
INFO: Run Behavior\ParseTemplateBehavior [ RunTime:0.028894s ]
INFO: [ view_parse ] --END-- [ RunTime:0.028950s ]
INFO: [ view_filter ] --START--
INFO: Run Behavior\WriteHtmlCacheBehavior [ RunTime:0.000255s ]
INFO: [ view_filter ] --END-- [ RunTime:0.000299s ]
INFO: [ app_end ] --START--
INFO: Run Behavior\ShowPageTraceBehavior [ RunTime:0.000895s ]
INFO: [ app_end ] --END-- [ RunTime:0.001014s ]

[ 2017-01-16T13:38:22+08:00 ] 192.168.1.116 /kylecms/admin.php?c=position
INFO: [ app_init ] --START--
INFO: Run Behavior\BuildLiteBehavior [ RunTime:0.000056s ]
INFO: [ app_init ] --END-- [ RunTime:0.000893s ]
INFO: [ app_begin ] --START--
INFO: Run Behavior\ReadHtmlCacheBehavior [ RunTime:0.001183s ]
INFO: [ app_begin ] --END-- [ RunTime:0.001316s ]
NOTIC: [8] Undefined index: p /var/www/html/kylecms/Application/Admin/Controller/PositionController.class.php 第 23 行.
NOTIC: [2048] Declaration of Common\Model\PositionModel::find() should be compatible with Think\Model::find($options = Array) /var/www/html/kylecms/Application/Common/Model/PositionModel.class.php 第 8 行.
SQL: SHOW COLUMNS FROM `cms_position` [ RunTime:0.0012s ]
NOTIC: [8] Undefined variable: pageSize /var/www/html/kylecms/Application/Admin/Controller/PositionController.class.php 第 25 行.
SQL: SELECT * FROM `cms_position` WHERE ( status=1 ) ORDER BY create_time  [ RunTime:0.0004s ]
SQL: SELECT COUNT(*) AS tp_count FROM `cms_position` WHERE ( status=1 ) LIMIT 1   [ RunTime:0.0002s ]
NOTIC: [8] Undefined variable: pageSize /var/www/html/kylecms/Application/Admin/Controller/PositionController.class.php 第 27 行.
NOTIC: [2] Division by zero /var/www/html/kylecms/ThinkPHP/Library/Think/Page.class.php 第 84 行.
INFO: [ view_parse ] --START--
INFO: [ template_filter ] --START--
INFO: Run Behavior\ContentReplaceBehavior [ RunTime:0.000077s ]
INFO: [ template_filter ] --END-- [ RunTime:0.000147s ]
NOTIC: [2048] Declaration of Common\Model\MenuModel::find() should be compatible with Think\Model::find($options = Array) /var/www/html/kylecms/Application/Common/Model/MenuModel.class.php 第 90 行.
SQL: SHOW COLUMNS FROM `cms_menu` [ RunTime:0.0010s ]
SQL: SELECT * FROM `cms_menu` WHERE `status` <> -1 AND `type` = 1 ORDER BY listorder asc,menu_id asc  [ RunTime:0.0004s ]
NOTIC: [8] Undefined index: a /var/www/html/kylecms/Application/Common/Common/function.php 第 37 行.
NOTIC: [8] Undefined index: a /var/www/html/kylecms/Application/Common/Common/function.php 第 37 行.
NOTIC: [8] Undefined index: a /var/www/html/kylecms/Application/Common/Common/function.php 第 37 行.
NOTIC: [8] Undefined index: a /var/www/html/kylecms/Application/Common/Common/function.php 第 37 行.
NOTIC: [8] Undefined index: a /var/www/html/kylecms/Application/Common/Common/function.php 第 37 行.
INFO: Run Behavior\ParseTemplateBehavior [ RunTime:0.028152s ]
INFO: [ view_parse ] --END-- [ RunTime:0.028202s ]
INFO: [ view_filter ] --START--
INFO: Run Behavior\WriteHtmlCacheBehavior [ RunTime:0.000218s ]
INFO: [ view_filter ] --END-- [ RunTime:0.000255s ]
INFO: [ app_end ] --START--
INFO: Run Behavior\ShowPageTraceBehavior [ RunTime:0.000775s ]
INFO: [ app_end ] --END-- [ RunTime:0.000877s ]

[ 2017-01-16T13:38:29+08:00 ] 192.168.1.116 /kylecms/admin.php?c=position&a=edit&id=5
INFO: [ app_init ] --START--
INFO: Run Behavior\BuildLiteBehavior [ RunTime:0.000014s ]
INFO: [ app_init ] --END-- [ RunTime:0.000265s ]
INFO: [ app_begin ] --START--
INFO: Run Behavior\ReadHtmlCacheBehavior [ RunTime:0.000746s ]
INFO: [ app_begin ] --END-- [ RunTime:0.000837s ]
SQL: SHOW COLUMNS FROM `cms_position` [ RunTime:0.0010s ]
SQL: SELECT * FROM `cms_position` WHERE `id` = 5 LIMIT 1   [ RunTime:0.0017s ]
INFO: [ view_parse ] --START--
INFO: [ template_filter ] --START--
INFO: Run Behavior\ContentReplaceBehavior [ RunTime:0.000056s ]
INFO: [ template_filter ] --END-- [ RunTime:0.000110s ]
NOTIC: [2048] Declaration of Common\Model\MenuModel::find() should be compatible with Think\Model::find($options = Array) /var/www/html/kylecms/Application/Common/Model/MenuModel.class.php 第 90 行.
SQL: SHOW COLUMNS FROM `cms_menu` [ RunTime:0.0010s ]
SQL: SELECT * FROM `cms_menu` WHERE `status` <> -1 AND `type` = 1 ORDER BY listorder asc,menu_id asc  [ RunTime:0.0002s ]
NOTIC: [8] Undefined index: a /var/www/html/kylecms/Application/Common/Common/function.php 第 37 行.
NOTIC: [8] Undefined index: a /var/www/html/kylecms/Application/Common/Common/function.php 第 37 行.
NOTIC: [8] Undefined index: a /var/www/html/kylecms/Application/Common/Common/function.php 第 37 行.
NOTIC: [8] Undefined index: a /var/www/html/kylecms/Application/Common/Common/function.php 第 37 行.
NOTIC: [8] Undefined index: a /var/www/html/kylecms/Application/Common/Common/function.php 第 37 行.
INFO: Run Behavior\ParseTemplateBehavior [ RunTime:0.013719s ]
INFO: [ view_parse ] --END-- [ RunTime:0.013761s ]
INFO: [ view_filter ] --START--
INFO: Run Behavior\WriteHtmlCacheBehavior [ RunTime:0.000190s ]
INFO: [ view_filter ] --END-- [ RunTime:0.000224s ]
INFO: [ app_end ] --START--
INFO: Run Behavior\ShowPageTraceBehavior [ RunTime:0.000426s ]
INFO: [ app_end ] --END-- [ RunTime:0.000462s ]

[ 2017-01-16T13:38:31+08:00 ] 192.168.1.116 /kylecms/admin.php?c=position
INFO: [ app_init ] --START--
INFO: Run Behavior\BuildLiteBehavior [ RunTime:0.000019s ]
INFO: [ app_init ] --END-- [ RunTime:0.000459s ]
INFO: [ app_begin ] --START--
INFO: Run Behavior\ReadHtmlCacheBehavior [ RunTime:0.000398s ]
INFO: [ app_begin ] --END-- [ RunTime:0.000439s ]
NOTIC: [8] Undefined index: p /var/www/html/kylecms/Application/Admin/Controller/PositionController.class.php 第 23 行.
NOTIC: [2048] Declaration of Common\Model\PositionModel::find() should be compatible with Think\Model::find($options = Array) /var/www/html/kylecms/Application/Common/Model/PositionModel.class.php 第 8 行.
SQL: SHOW COLUMNS FROM `cms_position` [ RunTime:0.0007s ]
NOTIC: [8] Undefined variable: pageSize /var/www/html/kylecms/Application/Admin/Controller/PositionController.class.php 第 25 行.
SQL: SELECT * FROM `cms_position` WHERE ( status=1 ) ORDER BY create_time  [ RunTime:0.0002s ]
SQL: SELECT COUNT(*) AS tp_count FROM `cms_position` WHERE ( status=1 ) LIMIT 1   [ RunTime:0.0001s ]
NOTIC: [8] Undefined variable: pageSize /var/www/html/kylecms/Application/Admin/Controller/PositionController.class.php 第 27 行.
NOTIC: [2] Division by zero /var/www/html/kylecms/ThinkPHP/Library/Think/Page.class.php 第 84 行.
INFO: [ view_parse ] --START--
INFO: [ template_filter ] --START--
INFO: Run Behavior\ContentReplaceBehavior [ RunTime:0.000067s ]
INFO: [ template_filter ] --END-- [ RunTime:0.000130s ]
NOTIC: [2048] Declaration of Common\Model\MenuModel::find() should be compatible with Think\Model::find($options = Array) /var/www/html/kylecms/Application/Common/Model/MenuModel.class.php 第 90 行.
SQL: SHOW COLUMNS FROM `cms_menu` [ RunTime:0.0009s ]
SQL: SELECT * FROM `cms_menu` WHERE `status` <> -1 AND `type` = 1 ORDER BY listorder asc,menu_id asc  [ RunTime:0.0003s ]
NOTIC: [8] Undefined index: a /var/www/html/kylecms/Application/Common/Common/function.php 第 37 行.
NOTIC: [8] Undefined index: a /var/www/html/kylecms/Application/Common/Common/function.php 第 37 行.
NOTIC: [8] Undefined index: a /var/www/html/kylecms/Application/Common/Common/function.php 第 37 行.
NOTIC: [8] Undefined index: a /var/www/html/kylecms/Application/Common/Common/function.php 第 37 行.
NOTIC: [8] Undefined index: a /var/www/html/kylecms/Application/Common/Common/function.php 第 37 行.
INFO: Run Behavior\ParseTemplateBehavior [ RunTime:0.015347s ]
INFO: [ view_parse ] --END-- [ RunTime:0.015393s ]
INFO: [ view_filter ] --START--
INFO: Run Behavior\WriteHtmlCacheBehavior [ RunTime:0.000179s ]
INFO: [ view_filter ] --END-- [ RunTime:0.000231s ]
INFO: [ app_end ] --START--
INFO: Run Behavior\ShowPageTraceBehavior [ RunTime:0.001088s ]
INFO: [ app_end ] --END-- [ RunTime:0.001224s ]

