[ 2017-01-11T17:33:15+08:00 ] 192.168.1.116 /thinkphp/
INFO: [ app_init ] --START--
INFO: Run Behavior\BuildLiteBehavior [ RunTime:0.000020s ]
INFO: [ app_init ] --END-- [ RunTime:0.000402s ]
INFO: [ app_begin ] --START--
INFO: Run Behavior\ReadHtmlCacheBehavior [ RunTime:0.000997s ]
INFO: [ app_begin ] --END-- [ RunTime:0.001109s ]
NOTIC: [2048] Declaration of Common\Model\PositionContentModel::find() should be compatible with Think\Model::find($options = Array) /var/www/html/thinkphp/Application/Common/Model/PositionContentModel.class.php 第 5 行.
SQL: SHOW COLUMNS FROM `cms_position_content` [ RunTime:0.0058s ]
NOTIC: [8] Undefined index: title /var/www/html/thinkphp/Application/Common/Model/PositionContentModel.class.php 第 14 行.
SQL: SELECT * FROM `cms_position_content` WHERE `status` = 1 AND `position_id` = 4 ORDER BY listorder desc ,id desc LIMIT 1   [ RunTime:0.0038s ]
NOTIC: [8] Undefined index: title /var/www/html/thinkphp/Application/Common/Model/PositionContentModel.class.php 第 14 行.
SQL: SELECT * FROM `cms_position_content` WHERE `status` = 1 AND `position_id` = 5 ORDER BY listorder desc ,id desc LIMIT 3   [ RunTime:0.0003s ]
NOTIC: [2048] Declaration of Common\Model\NewsModel::find() should be compatible with Think\Model::find($options = Array) /var/www/html/thinkphp/Application/Common/Model/NewsModel.class.php 第 98 行.
SQL: SHOW COLUMNS FROM `cms_news` [ RunTime:0.0014s ]

[ 2017-01-11T17:33:39+08:00 ] 192.168.1.116 /thinkphp/
INFO: [ app_init ] --START--
INFO: Run Behavior\BuildLiteBehavior [ RunTime:0.000023s ]
INFO: [ app_init ] --END-- [ RunTime:0.000445s ]
INFO: [ app_begin ] --START--
INFO: Run Behavior\ReadHtmlCacheBehavior [ RunTime:0.000580s ]
INFO: [ app_begin ] --END-- [ RunTime:0.000652s ]
NOTIC: [2048] Declaration of Common\Model\PositionContentModel::find() should be compatible with Think\Model::find($options = Array) /var/www/html/thinkphp/Application/Common/Model/PositionContentModel.class.php 第 5 行.
SQL: SHOW COLUMNS FROM `cms_position_content` [ RunTime:0.0018s ]
NOTIC: [8] Undefined index: title /var/www/html/thinkphp/Application/Common/Model/PositionContentModel.class.php 第 14 行.
SQL: SELECT * FROM `cms_position_content` WHERE `status` = 1 AND `position_id` = 4 ORDER BY listorder desc ,id desc LIMIT 1   [ RunTime:0.0004s ]
NOTIC: [8] Undefined index: title /var/www/html/thinkphp/Application/Common/Model/PositionContentModel.class.php 第 14 行.
SQL: SELECT * FROM `cms_position_content` WHERE `status` = 1 AND `position_id` = 5 ORDER BY listorder desc ,id desc LIMIT 3   [ RunTime:0.0002s ]
NOTIC: [2048] Declaration of Common\Model\NewsModel::find() should be compatible with Think\Model::find($options = Array) /var/www/html/thinkphp/Application/Common/Model/NewsModel.class.php 第 98 行.
SQL: SHOW COLUMNS FROM `cms_news` [ RunTime:0.0012s ]

[ 2017-01-11T17:35:23+08:00 ] 192.168.1.116 /thinkphp/
INFO: [ app_init ] --START--
INFO: Run Behavior\BuildLiteBehavior [ RunTime:0.000017s ]
INFO: [ app_init ] --END-- [ RunTime:0.000411s ]
INFO: [ app_begin ] --START--
INFO: Run Behavior\ReadHtmlCacheBehavior [ RunTime:0.000730s ]
INFO: [ app_begin ] --END-- [ RunTime:0.000818s ]
NOTIC: [2048] Declaration of Common\Model\PositionContentModel::find() should be compatible with Think\Model::find($options = Array) /var/www/html/thinkphp/Application/Common/Model/PositionContentModel.class.php 第 5 行.
SQL: SHOW COLUMNS FROM `cms_position_content` [ RunTime:0.0013s ]
NOTIC: [8] Undefined index: title /var/www/html/thinkphp/Application/Common/Model/PositionContentModel.class.php 第 14 行.
SQL: SELECT * FROM `cms_position_content` WHERE `status` = 1 AND `position_id` = 4 ORDER BY listorder desc ,id desc LIMIT 1   [ RunTime:0.0007s ]
NOTIC: [8] Undefined index: title /var/www/html/thinkphp/Application/Common/Model/PositionContentModel.class.php 第 14 行.
SQL: SELECT * FROM `cms_position_content` WHERE `status` = 1 AND `position_id` = 5 ORDER BY listorder desc ,id desc LIMIT 3   [ RunTime:0.0004s ]
NOTIC: [2048] Declaration of Common\Model\NewsModel::find() should be compatible with Think\Model::find($options = Array) /var/www/html/thinkphp/Application/Common/Model/NewsModel.class.php 第 98 行.
SQL: SHOW COLUMNS FROM `cms_news` [ RunTime:0.0016s ]

