[ 2017-01-19T11:47:04+08:00 ] 192.168.1.116 /kylecms/index.php?c=index&a=build_html
INFO: [ app_init ] --START--
INFO: Run Behavior\BuildLiteBehavior [ RunTime:0.000013s ]
INFO: [ app_init ] --END-- [ RunTime:0.000260s ]
INFO: [ app_begin ] --START--
INFO: Run Behavior\ReadHtmlCacheBehavior [ RunTime:0.000434s ]
INFO: [ app_begin ] --END-- [ RunTime:0.000486s ]
NOTIC: [2048] Declaration of Home\Controller\CommonController::error() should be compatible with Think\Controller::error($message = '', $jumpUrl = '', $ajax = false) /var/www/html/kylecms/Application/Home/Controller/CommonController.class.php 第 21 行.
NOTIC: [2048] Declaration of Common\Model\NewsModel::find() should be compatible with Think\Model::find($options = Array) /var/www/html/kylecms/Application/Common/Model/NewsModel.class.php 第 9 行.
SQL: SHOW COLUMNS FROM `cms_news` [ RunTime:0.0008s ]
SQL: SELECT * FROM `cms_news` WHERE `status` = 1 ORDER BY count desc,news_id desc  [ RunTime:0.0003s ]
NOTIC: [2048] Declaration of Common\Model\PositionContentModel::find() should be compatible with Think\Model::find($options = Array) /var/www/html/kylecms/Application/Common/Model/PositionContentModel.class.php 第 61 行.
SQL: SHOW COLUMNS FROM `cms_position_content` [ RunTime:0.0011s ]
NOTIC: [8] Undefined index: title /var/www/html/kylecms/Application/Common/Model/PositionContentModel.class.php 第 14 行.
SQL: SELECT * FROM `cms_position_content` WHERE `status` = 1 AND `position_id` = 4 ORDER BY listorder desc ,id desc LIMIT 1   [ RunTime:0.0026s ]
NOTIC: [8] Undefined index: title /var/www/html/kylecms/Application/Common/Model/PositionContentModel.class.php 第 14 行.
SQL: SELECT * FROM `cms_position_content` WHERE `status` = 1 AND `position_id` = 5 ORDER BY listorder desc ,id desc LIMIT 3   [ RunTime:0.0003s ]
NOTIC: [8] Undefined index: title /var/www/html/kylecms/Application/Common/Model/NewsModel.class.php 第 101 行.
SQL: SELECT * FROM `cms_news` WHERE `status` = 1 AND `thumb` <> '' ORDER BY listorder desc ,news_id desc LIMIT 30   [ RunTime:0.0002s ]
NOTIC: [8] Undefined index: title /var/www/html/kylecms/Application/Common/Model/PositionContentModel.class.php 第 14 行.
SQL: SELECT * FROM `cms_position_content` WHERE `status` = 1 AND `position_id` = 9 ORDER BY listorder desc ,id desc LIMIT 30   [ RunTime:0.0005s ]
INFO: [ view_parse ] --START--
INFO: [ template_filter ] --START--
INFO: Run Behavior\ContentReplaceBehavior [ RunTime:0.000065s ]
INFO: [ template_filter ] --END-- [ RunTime:0.000140s ]
NOTIC: [2048] Declaration of Common\Model\BasicModel::save() should be compatible with Think\Model::save($data = '', $options = Array) /var/www/html/kylecms/Application/Common/Model/BasicModel.class.php 第 23 行.
NOTIC: [2048] Declaration of Common\Model\BasicModel::select() should be compatible with Think\Model::select($options = Array) /var/www/html/kylecms/Application/Common/Model/BasicModel.class.php 第 23 行.
NOTIC: [2048] Declaration of Common\Model\MenuModel::find() should be compatible with Think\Model::find($options = Array) /var/www/html/kylecms/Application/Common/Model/MenuModel.class.php 第 90 行.
SQL: SHOW COLUMNS FROM `cms_menu` [ RunTime:0.0008s ]
SQL: SELECT * FROM `cms_menu` WHERE `status` = 1 AND `type` = 0 ORDER BY listorder desc,menu_id desc  [ RunTime:0.0002s ]
NOTIC: [8] Undefined index: news_idg /var/www/html/kylecms/Application/Runtime/Cache/Home/2a94b8bda04ff446dcedd42276fc99ee.php 第 35 行.
INFO: Run Behavior\ParseTemplateBehavior [ RunTime:0.017501s ]
INFO: [ view_parse ] --END-- [ RunTime:0.017536s ]
INFO: [ view_filter ] --START--
INFO: Run Behavior\WriteHtmlCacheBehavior [ RunTime:0.000151s ]
INFO: [ view_filter ] --END-- [ RunTime:0.000184s ]

[ 2017-01-19T16:57:50+08:00 ] 192.168.1.116 /kylecms/index.php?c=index&a=build_html
INFO: [ app_init ] --START--
INFO: Run Behavior\BuildLiteBehavior [ RunTime:0.000019s ]
INFO: [ app_init ] --END-- [ RunTime:0.000388s ]
INFO: [ app_begin ] --START--
INFO: Run Behavior\ReadHtmlCacheBehavior [ RunTime:0.000797s ]
INFO: [ app_begin ] --END-- [ RunTime:0.000867s ]
NOTIC: [2048] Declaration of Home\Controller\CommonController::error() should be compatible with Think\Controller::error($message = '', $jumpUrl = '', $ajax = false) /var/www/html/kylecms/Application/Home/Controller/CommonController.class.php 第 21 行.
NOTIC: [2048] Declaration of Common\Model\NewsModel::find() should be compatible with Think\Model::find($options = Array) /var/www/html/kylecms/Application/Common/Model/NewsModel.class.php 第 9 行.
SQL: SHOW COLUMNS FROM `cms_news` [ RunTime:0.0013s ]
SQL: SELECT * FROM `cms_news` WHERE `status` = 1 ORDER BY count desc,news_id desc  [ RunTime:0.0004s ]
NOTIC: [2048] Declaration of Common\Model\PositionContentModel::find() should be compatible with Think\Model::find($options = Array) /var/www/html/kylecms/Application/Common/Model/PositionContentModel.class.php 第 61 行.
SQL: SHOW COLUMNS FROM `cms_position_content` [ RunTime:0.0020s ]
NOTIC: [8] Undefined index: title /var/www/html/kylecms/Application/Common/Model/PositionContentModel.class.php 第 14 行.
SQL: SELECT * FROM `cms_position_content` WHERE `status` = 1 AND `position_id` = 4 ORDER BY listorder desc ,id desc LIMIT 1   [ RunTime:0.0015s ]
NOTIC: [8] Undefined index: title /var/www/html/kylecms/Application/Common/Model/PositionContentModel.class.php 第 14 行.
SQL: SELECT * FROM `cms_position_content` WHERE `status` = 1 AND `position_id` = 5 ORDER BY listorder desc ,id desc LIMIT 3   [ RunTime:0.0002s ]
NOTIC: [8] Undefined index: title /var/www/html/kylecms/Application/Common/Model/NewsModel.class.php 第 101 行.
SQL: SELECT * FROM `cms_news` WHERE `status` = 1 AND `thumb` <> '' ORDER BY listorder desc ,news_id desc LIMIT 30   [ RunTime:0.0002s ]
NOTIC: [8] Undefined index: title /var/www/html/kylecms/Application/Common/Model/PositionContentModel.class.php 第 14 行.
SQL: SELECT * FROM `cms_position_content` WHERE `status` = 1 AND `position_id` = 9 ORDER BY listorder desc ,id desc LIMIT 30   [ RunTime:0.0002s ]
INFO: [ view_parse ] --START--
INFO: [ template_filter ] --START--
INFO: Run Behavior\ContentReplaceBehavior [ RunTime:0.000066s ]
INFO: [ template_filter ] --END-- [ RunTime:0.000147s ]
NOTIC: [2048] Declaration of Common\Model\BasicModel::save() should be compatible with Think\Model::save($data = '', $options = Array) /var/www/html/kylecms/Application/Common/Model/BasicModel.class.php 第 23 行.
NOTIC: [2048] Declaration of Common\Model\BasicModel::select() should be compatible with Think\Model::select($options = Array) /var/www/html/kylecms/Application/Common/Model/BasicModel.class.php 第 23 行.
NOTIC: [2048] Declaration of Common\Model\MenuModel::find() should be compatible with Think\Model::find($options = Array) /var/www/html/kylecms/Application/Common/Model/MenuModel.class.php 第 90 行.
SQL: SHOW COLUMNS FROM `cms_menu` [ RunTime:0.0017s ]
SQL: SELECT * FROM `cms_menu` WHERE `status` = 1 AND `type` = 0 ORDER BY listorder desc,menu_id desc  [ RunTime:0.0003s ]
NOTIC: [8] Undefined index: news_idg /var/www/html/kylecms/Application/Runtime/Cache/Home/2a94b8bda04ff446dcedd42276fc99ee.php 第 35 行.
INFO: Run Behavior\ParseTemplateBehavior [ RunTime:0.036300s ]
INFO: [ view_parse ] --END-- [ RunTime:0.036416s ]
INFO: [ view_filter ] --START--
INFO: Run Behavior\WriteHtmlCacheBehavior [ RunTime:0.000234s ]
INFO: [ view_filter ] --END-- [ RunTime:0.000269s ]

[ 2017-01-19T17:02:14+08:00 ] 192.168.1.116 /kylecms/index.php?c=detail&a=view&id=6
INFO: [ app_init ] --START--
INFO: Run Behavior\BuildLiteBehavior [ RunTime:0.000019s ]
INFO: [ app_init ] --END-- [ RunTime:0.000380s ]
INFO: [ app_begin ] --START--
INFO: Run Behavior\ReadHtmlCacheBehavior [ RunTime:0.000586s ]
INFO: [ app_begin ] --END-- [ RunTime:0.000649s ]
NOTIC: [2048] Declaration of Home\Controller\CommonController::error() should be compatible with Think\Controller::error($message = '', $jumpUrl = '', $ajax = false) /var/www/html/kylecms/Application/Home/Controller/CommonController.class.php 第 21 行.
NOTIC: [2048] Declaration of Common\Model\NewsModel::find() should be compatible with Think\Model::find($options = Array) /var/www/html/kylecms/Application/Common/Model/NewsModel.class.php 第 9 行.
SQL: SHOW COLUMNS FROM `cms_news` [ RunTime:0.0009s ]
SQL: SELECT * FROM `cms_news` WHERE ( news_id=6 ) LIMIT 1   [ RunTime:0.0005s ]
SQL: UPDATE `cms_news` SET `count`='3' WHERE ( news_id=6 ) [ RunTime:0.0008s ]
NOTIC: [2048] Declaration of Common\Model\NewsContentModel::find() should be compatible with Think\Model::find($options = Array) /var/www/html/kylecms/Application/Common/Model/NewsContentModel.class.php 第 57 行.
SQL: SHOW COLUMNS FROM `cms_content` [ RunTime:0.0010s ]
SQL: SELECT * FROM `cms_content` WHERE ( news_id=6 ) LIMIT 1   [ RunTime:0.0002s ]
NOTIC: [2048] Declaration of Common\Model\PositionContentModel::find() should be compatible with Think\Model::find($options = Array) /var/www/html/kylecms/Application/Common/Model/PositionContentModel.class.php 第 61 行.
SQL: SHOW COLUMNS FROM `cms_position_content` [ RunTime:0.0006s ]
NOTIC: [8] Undefined index: title /var/www/html/kylecms/Application/Common/Model/PositionContentModel.class.php 第 14 行.
SQL: SELECT * FROM `cms_position_content` WHERE `status` = 1 AND `position_id` = 9 ORDER BY listorder desc ,id desc LIMIT 5   [ RunTime:0.0003s ]
SQL: SELECT * FROM `cms_news` WHERE `status` = 1 ORDER BY count desc,news_id desc  [ RunTime:0.0006s ]
INFO: [ view_parse ] --START--
INFO: [ template_filter ] --START--
INFO: Run Behavior\ContentReplaceBehavior [ RunTime:0.000048s ]
INFO: [ template_filter ] --END-- [ RunTime:0.000106s ]
NOTIC: [2048] Declaration of Common\Model\BasicModel::save() should be compatible with Think\Model::save($data = '', $options = Array) /var/www/html/kylecms/Application/Common/Model/BasicModel.class.php 第 23 行.
NOTIC: [2048] Declaration of Common\Model\BasicModel::select() should be compatible with Think\Model::select($options = Array) /var/www/html/kylecms/Application/Common/Model/BasicModel.class.php 第 23 行.
NOTIC: [2048] Declaration of Common\Model\MenuModel::find() should be compatible with Think\Model::find($options = Array) /var/www/html/kylecms/Application/Common/Model/MenuModel.class.php 第 90 行.
SQL: SHOW COLUMNS FROM `cms_menu` [ RunTime:0.0015s ]
SQL: SELECT * FROM `cms_menu` WHERE `status` = 1 AND `type` = 0 ORDER BY listorder desc,menu_id desc  [ RunTime:0.0003s ]
INFO: Run Behavior\ParseTemplateBehavior [ RunTime:0.019162s ]
INFO: [ view_parse ] --END-- [ RunTime:0.019204s ]
INFO: [ view_filter ] --START--
INFO: Run Behavior\WriteHtmlCacheBehavior [ RunTime:0.000233s ]
INFO: [ view_filter ] --END-- [ RunTime:0.000266s ]
INFO: [ app_end ] --START--
INFO: Run Behavior\ShowPageTraceBehavior [ RunTime:0.000443s ]
INFO: [ app_end ] --END-- [ RunTime:0.000482s ]

[ 2017-01-19T17:02:19+08:00 ] 192.168.1.116 /kylecms/index.php?c=detail&a=view&id=1
INFO: [ app_init ] --START--
INFO: Run Behavior\BuildLiteBehavior [ RunTime:0.000013s ]
INFO: [ app_init ] --END-- [ RunTime:0.000268s ]
INFO: [ app_begin ] --START--
INFO: Run Behavior\ReadHtmlCacheBehavior [ RunTime:0.000363s ]
INFO: [ app_begin ] --END-- [ RunTime:0.000399s ]
NOTIC: [2048] Declaration of Home\Controller\CommonController::error() should be compatible with Think\Controller::error($message = '', $jumpUrl = '', $ajax = false) /var/www/html/kylecms/Application/Home/Controller/CommonController.class.php 第 21 行.
NOTIC: [2048] Declaration of Common\Model\NewsModel::find() should be compatible with Think\Model::find($options = Array) /var/www/html/kylecms/Application/Common/Model/NewsModel.class.php 第 9 行.
SQL: SHOW COLUMNS FROM `cms_news` [ RunTime:0.0008s ]
SQL: SELECT * FROM `cms_news` WHERE ( news_id=1 ) LIMIT 1   [ RunTime:0.0003s ]
SQL: UPDATE `cms_news` SET `count`='18' WHERE ( news_id=1 ) [ RunTime:0.0002s ]
NOTIC: [2048] Declaration of Common\Model\NewsContentModel::find() should be compatible with Think\Model::find($options = Array) /var/www/html/kylecms/Application/Common/Model/NewsContentModel.class.php 第 57 行.
SQL: SHOW COLUMNS FROM `cms_content` [ RunTime:0.0007s ]
SQL: SELECT * FROM `cms_content` WHERE ( news_id=1 ) LIMIT 1   [ RunTime:0.0002s ]
NOTIC: [2048] Declaration of Common\Model\PositionContentModel::find() should be compatible with Think\Model::find($options = Array) /var/www/html/kylecms/Application/Common/Model/PositionContentModel.class.php 第 61 行.
SQL: SHOW COLUMNS FROM `cms_position_content` [ RunTime:0.0006s ]
NOTIC: [8] Undefined index: title /var/www/html/kylecms/Application/Common/Model/PositionContentModel.class.php 第 14 行.
SQL: SELECT * FROM `cms_position_content` WHERE `status` = 1 AND `position_id` = 9 ORDER BY listorder desc ,id desc LIMIT 5   [ RunTime:0.0002s ]
SQL: SELECT * FROM `cms_news` WHERE `status` = 1 ORDER BY count desc,news_id desc  [ RunTime:0.0002s ]
INFO: [ view_parse ] --START--
INFO: [ template_filter ] --START--
INFO: Run Behavior\ContentReplaceBehavior [ RunTime:0.000061s ]
INFO: [ template_filter ] --END-- [ RunTime:0.000174s ]
NOTIC: [2048] Declaration of Common\Model\BasicModel::save() should be compatible with Think\Model::save($data = '', $options = Array) /var/www/html/kylecms/Application/Common/Model/BasicModel.class.php 第 23 行.
NOTIC: [2048] Declaration of Common\Model\BasicModel::select() should be compatible with Think\Model::select($options = Array) /var/www/html/kylecms/Application/Common/Model/BasicModel.class.php 第 23 行.
NOTIC: [2048] Declaration of Common\Model\MenuModel::find() should be compatible with Think\Model::find($options = Array) /var/www/html/kylecms/Application/Common/Model/MenuModel.class.php 第 90 行.
SQL: SHOW COLUMNS FROM `cms_menu` [ RunTime:0.0017s ]
SQL: SELECT * FROM `cms_menu` WHERE `status` = 1 AND `type` = 0 ORDER BY listorder desc,menu_id desc  [ RunTime:0.0003s ]
INFO: Run Behavior\ParseTemplateBehavior [ RunTime:0.021554s ]
INFO: [ view_parse ] --END-- [ RunTime:0.021594s ]
INFO: [ view_filter ] --START--
INFO: Run Behavior\WriteHtmlCacheBehavior [ RunTime:0.000214s ]
INFO: [ view_filter ] --END-- [ RunTime:0.000255s ]
INFO: [ app_end ] --START--
INFO: Run Behavior\ShowPageTraceBehavior [ RunTime:0.000550s ]
INFO: [ app_end ] --END-- [ RunTime:0.000593s ]

[ 2017-01-19T17:02:22+08:00 ] 192.168.1.116 /kylecms/index.php?c=detail&a=view&id=9
INFO: [ app_init ] --START--
INFO: Run Behavior\BuildLiteBehavior [ RunTime:0.000016s ]
INFO: [ app_init ] --END-- [ RunTime:0.000341s ]
INFO: [ app_begin ] --START--
INFO: Run Behavior\ReadHtmlCacheBehavior [ RunTime:0.000455s ]
INFO: [ app_begin ] --END-- [ RunTime:0.000504s ]
NOTIC: [2048] Declaration of Home\Controller\CommonController::error() should be compatible with Think\Controller::error($message = '', $jumpUrl = '', $ajax = false) /var/www/html/kylecms/Application/Home/Controller/CommonController.class.php 第 21 行.
NOTIC: [2048] Declaration of Common\Model\NewsModel::find() should be compatible with Think\Model::find($options = Array) /var/www/html/kylecms/Application/Common/Model/NewsModel.class.php 第 9 行.
SQL: SHOW COLUMNS FROM `cms_news` [ RunTime:0.0012s ]
SQL: SELECT * FROM `cms_news` WHERE ( news_id=9 ) LIMIT 1   [ RunTime:0.0002s ]
SQL: UPDATE `cms_news` SET `count`='8' WHERE ( news_id=9 ) [ RunTime:0.0002s ]
NOTIC: [2048] Declaration of Common\Model\NewsContentModel::find() should be compatible with Think\Model::find($options = Array) /var/www/html/kylecms/Application/Common/Model/NewsContentModel.class.php 第 57 行.
SQL: SHOW COLUMNS FROM `cms_content` [ RunTime:0.0008s ]
SQL: SELECT * FROM `cms_content` WHERE ( news_id=9 ) LIMIT 1   [ RunTime:0.0002s ]
NOTIC: [2048] Declaration of Common\Model\PositionContentModel::find() should be compatible with Think\Model::find($options = Array) /var/www/html/kylecms/Application/Common/Model/PositionContentModel.class.php 第 61 行.
SQL: SHOW COLUMNS FROM `cms_position_content` [ RunTime:0.0009s ]
NOTIC: [8] Undefined index: title /var/www/html/kylecms/Application/Common/Model/PositionContentModel.class.php 第 14 行.
SQL: SELECT * FROM `cms_position_content` WHERE `status` = 1 AND `position_id` = 9 ORDER BY listorder desc ,id desc LIMIT 5   [ RunTime:0.0109s ]
SQL: SELECT * FROM `cms_news` WHERE `status` = 1 ORDER BY count desc,news_id desc  [ RunTime:0.0008s ]
INFO: [ view_parse ] --START--
INFO: [ template_filter ] --START--
INFO: Run Behavior\ContentReplaceBehavior [ RunTime:0.000071s ]
INFO: [ template_filter ] --END-- [ RunTime:0.000149s ]
NOTIC: [2048] Declaration of Common\Model\BasicModel::save() should be compatible with Think\Model::save($data = '', $options = Array) /var/www/html/kylecms/Application/Common/Model/BasicModel.class.php 第 23 行.
NOTIC: [2048] Declaration of Common\Model\BasicModel::select() should be compatible with Think\Model::select($options = Array) /var/www/html/kylecms/Application/Common/Model/BasicModel.class.php 第 23 行.
NOTIC: [2048] Declaration of Common\Model\MenuModel::find() should be compatible with Think\Model::find($options = Array) /var/www/html/kylecms/Application/Common/Model/MenuModel.class.php 第 90 行.
SQL: SHOW COLUMNS FROM `cms_menu` [ RunTime:0.0127s ]
SQL: SELECT * FROM `cms_menu` WHERE `status` = 1 AND `type` = 0 ORDER BY listorder desc,menu_id desc  [ RunTime:0.0007s ]
INFO: Run Behavior\ParseTemplateBehavior [ RunTime:0.029483s ]
INFO: [ view_parse ] --END-- [ RunTime:0.029541s ]
INFO: [ view_filter ] --START--
INFO: Run Behavior\WriteHtmlCacheBehavior [ RunTime:0.000807s ]
INFO: [ view_filter ] --END-- [ RunTime:0.000861s ]
INFO: [ app_end ] --START--
INFO: Run Behavior\ShowPageTraceBehavior [ RunTime:0.000729s ]
INFO: [ app_end ] --END-- [ RunTime:0.000797s ]

