[ 2017-01-12T18:11:25+08:00 ] 192.168.1.116 /thinkphp/index.php
INFO: [ app_init ] --START--
INFO: Run Behavior\BuildLiteBehavior [ RunTime:0.000023s ]
INFO: [ app_init ] --END-- [ RunTime:0.001298s ]
INFO: [ app_begin ] --START--
INFO: Run Behavior\ReadHtmlCacheBehavior [ RunTime:0.000511s ]
INFO: [ app_begin ] --END-- [ RunTime:0.000560s ]
NOTIC: [2048] Declaration of Common\Model\PositionContentModel::find() should be compatible with Think\Model::find($options = Array) /var/www/html/thinkphp/Application/Common/Model/PositionContentModel.class.php 第 5 行.
SQL: SHOW COLUMNS FROM `cms_position_content` [ RunTime:0.0066s ]
NOTIC: [8] Undefined index: title /var/www/html/thinkphp/Application/Common/Model/PositionContentModel.class.php 第 14 行.
SQL: SELECT * FROM `cms_position_content` WHERE `status` = 1 AND `position_id` = 4 ORDER BY listorder desc ,id desc LIMIT 1   [ RunTime:0.0130s ]
NOTIC: [8] Undefined index: title /var/www/html/thinkphp/Application/Common/Model/PositionContentModel.class.php 第 14 行.
SQL: SELECT * FROM `cms_position_content` WHERE `status` = 1 AND `position_id` = 5 ORDER BY listorder desc ,id desc LIMIT 3   [ RunTime:0.0003s ]
NOTIC: [2048] Declaration of Common\Model\NewsModel::find() should be compatible with Think\Model::find($options = Array) /var/www/html/thinkphp/Application/Common/Model/NewsModel.class.php 第 98 行.
SQL: SHOW COLUMNS FROM `cms_news` [ RunTime:0.0047s ]

[ 2017-01-12T18:21:08+08:00 ] 192.168.1.116 /thinkphp/index.php
INFO: [ app_init ] --START--
INFO: Run Behavior\BuildLiteBehavior [ RunTime:0.000016s ]
INFO: [ app_init ] --END-- [ RunTime:0.000377s ]
INFO: [ app_begin ] --START--
INFO: Run Behavior\ReadHtmlCacheBehavior [ RunTime:0.000443s ]
INFO: [ app_begin ] --END-- [ RunTime:0.000482s ]
NOTIC: [2048] Declaration of Common\Model\PositionContentModel::find() should be compatible with Think\Model::find($options = Array) /var/www/html/thinkphp/Application/Common/Model/PositionContentModel.class.php 第 5 行.
SQL: SHOW COLUMNS FROM `cms_position_content` [ RunTime:0.0021s ]
NOTIC: [8] Undefined index: title /var/www/html/thinkphp/Application/Common/Model/PositionContentModel.class.php 第 14 行.
SQL: SELECT * FROM `cms_position_content` WHERE `status` = 1 AND `position_id` = 4 ORDER BY listorder desc ,id desc LIMIT 1   [ RunTime:0.0005s ]
NOTIC: [8] Undefined index: title /var/www/html/thinkphp/Application/Common/Model/PositionContentModel.class.php 第 14 行.
SQL: SELECT * FROM `cms_position_content` WHERE `status` = 1 AND `position_id` = 5 ORDER BY listorder desc ,id desc LIMIT 3   [ RunTime:0.0003s ]
NOTIC: [2048] Declaration of Common\Model\NewsModel::find() should be compatible with Think\Model::find($options = Array) /var/www/html/thinkphp/Application/Common/Model/NewsModel.class.php 第 113 行.
SQL: SHOW COLUMNS FROM `cms_news` [ RunTime:0.0013s ]
NOTIC: [8] Undefined index: title /var/www/html/thinkphp/Application/Common/Model/NewsModel.class.php 第 101 行.
ERR: 1054:Unknown column 'id' in 'order clause'
 [ SQL语句 ] : SELECT * FROM `cms_news` WHERE `status` = 1 AND `thumb` <> '' ORDER BY listorder desc ,id desc LIMIT 30  
ERR: 1054:Unknown column 'id' in 'order clause'
 [ SQL语句 ] : SELECT * FROM `cms_news` WHERE `status` = 1 AND `thumb` <> '' ORDER BY listorder desc ,id desc LIMIT 30  

[ 2017-01-12T18:23:32+08:00 ] 192.168.1.116 /thinkphp/index.php
INFO: [ app_init ] --START--
INFO: Run Behavior\BuildLiteBehavior [ RunTime:0.000014s ]
INFO: [ app_init ] --END-- [ RunTime:0.000255s ]
INFO: [ app_begin ] --START--
INFO: Run Behavior\ReadHtmlCacheBehavior [ RunTime:0.000358s ]
INFO: [ app_begin ] --END-- [ RunTime:0.000637s ]
NOTIC: [2048] Declaration of Common\Model\PositionContentModel::find() should be compatible with Think\Model::find($options = Array) /var/www/html/thinkphp/Application/Common/Model/PositionContentModel.class.php 第 5 行.
SQL: SHOW COLUMNS FROM `cms_position_content` [ RunTime:0.0038s ]
NOTIC: [8] Undefined index: title /var/www/html/thinkphp/Application/Common/Model/PositionContentModel.class.php 第 14 行.
SQL: SELECT * FROM `cms_position_content` WHERE `status` = 1 AND `position_id` = 4 ORDER BY listorder desc ,id desc LIMIT 1   [ RunTime:0.0014s ]
NOTIC: [8] Undefined index: title /var/www/html/thinkphp/Application/Common/Model/PositionContentModel.class.php 第 14 行.
SQL: SELECT * FROM `cms_position_content` WHERE `status` = 1 AND `position_id` = 5 ORDER BY listorder desc ,id desc LIMIT 3   [ RunTime:0.0003s ]
NOTIC: [2048] Declaration of Common\Model\NewsModel::find() should be compatible with Think\Model::find($options = Array) /var/www/html/thinkphp/Application/Common/Model/NewsModel.class.php 第 113 行.
SQL: SHOW COLUMNS FROM `cms_news` [ RunTime:0.0011s ]
NOTIC: [8] Undefined index: title /var/www/html/thinkphp/Application/Common/Model/NewsModel.class.php 第 101 行.
SQL: SELECT * FROM `cms_news` WHERE `status` = 1 AND `thumb` <> '' ORDER BY listorder desc ,news_id desc LIMIT 30   [ RunTime:0.0003s ]
INFO: [ view_parse ] --START--
INFO: [ template_filter ] --START--
INFO: Run Behavior\ContentReplaceBehavior [ RunTime:0.000086s ]
INFO: [ template_filter ] --END-- [ RunTime:0.000147s ]
NOTIC: [2048] Declaration of Common\Model\BasicModel::save() should be compatible with Think\Model::save($data = '', $options = Array) /var/www/html/thinkphp/Application/Common/Model/BasicModel.class.php 第 23 行.
NOTIC: [2048] Declaration of Common\Model\BasicModel::select() should be compatible with Think\Model::select($options = Array) /var/www/html/thinkphp/Application/Common/Model/BasicModel.class.php 第 23 行.
NOTIC: [2048] Declaration of Common\Model\MenuModel::find() should be compatible with Think\Model::find($options = Array) /var/www/html/thinkphp/Application/Common/Model/MenuModel.class.php 第 90 行.
SQL: SHOW COLUMNS FROM `cms_menu` [ RunTime:0.0013s ]
SQL: SELECT * FROM `cms_menu` WHERE `status` = 1 AND `type` = 0 ORDER BY listorder desc,menu_id desc  [ RunTime:0.0004s ]
NOTIC: [8] Undefined index: catid /var/www/html/thinkphp/Application/Runtime/Cache/Home/2a94b8bda04ff446dcedd42276fc99ee.php 第 23 行.
NOTIC: [8] Undefined index: catid /var/www/html/thinkphp/Application/Runtime/Cache/Home/2a94b8bda04ff446dcedd42276fc99ee.php 第 24 行.
NOTIC: [8] Undefined index: catid /var/www/html/thinkphp/Application/Runtime/Cache/Home/2a94b8bda04ff446dcedd42276fc99ee.php 第 24 行.
NOTIC: [8] Undefined index: news_idg /var/www/html/thinkphp/Application/Runtime/Cache/Home/2a94b8bda04ff446dcedd42276fc99ee.php 第 36 行.
INFO: Run Behavior\ParseTemplateBehavior [ RunTime:0.040012s ]
INFO: [ view_parse ] --END-- [ RunTime:0.040050s ]
INFO: [ view_filter ] --START--
INFO: Run Behavior\WriteHtmlCacheBehavior [ RunTime:0.000204s ]
INFO: [ view_filter ] --END-- [ RunTime:0.000375s ]
INFO: [ app_end ] --START--
INFO: Run Behavior\ShowPageTraceBehavior [ RunTime:0.000369s ]
INFO: [ app_end ] --END-- [ RunTime:0.000402s ]

[ 2017-01-12T18:24:14+08:00 ] 192.168.1.116 /thinkphp/index.php?c=cat$id=7
INFO: [ app_init ] --START--
INFO: Run Behavior\BuildLiteBehavior [ RunTime:0.000016s ]
INFO: [ app_init ] --END-- [ RunTime:0.000282s ]
INFO: [ app_begin ] --START--
INFO: Run Behavior\ReadHtmlCacheBehavior [ RunTime:0.000757s ]
INFO: [ app_begin ] --END-- [ RunTime:0.000851s ]
ERR: 无法加载控制器:Cat$id=7

